[3.479s] Invoking command in '/home/petomartin/ros2_ws/src/my_robot_controller': PYTHONPATH=/home/petomartin/ros2_ws/build/my_robot_controller/prefix_override:/usr/lib/python3/dist-packages/colcon_core/task/python/colcon_distutils_commands:/home/petomartin/ros2_ws/install/my_robot_controller/lib/python3.10/site-packages:${PYTHONPATH} /usr/bin/python3 -W ignore:setup.py install is deprecated setup.py egg_info --egg-base ../../build/my_robot_controller build --build-base /home/petomartin/ros2_ws/build/my_robot_controller/build install --record /home/petomartin/ros2_ws/build/my_robot_controller/install.log --single-version-externally-managed install_data
[4.281s] running egg_info
[4.284s] writing ../../build/my_robot_controller/my_robot_controller.egg-info/PKG-INFO
[4.284s] writing dependency_links to ../../build/my_robot_controller/my_robot_controller.egg-info/dependency_links.txt
[4.285s] writing entry points to ../../build/my_robot_controller/my_robot_controller.egg-info/entry_points.txt
[4.285s] writing requirements to ../../build/my_robot_controller/my_robot_controller.egg-info/requires.txt
[4.287s] writing top-level names to ../../build/my_robot_controller/my_robot_controller.egg-info/top_level.txt
[4.294s] reading manifest file '../../build/my_robot_controller/my_robot_controller.egg-info/SOURCES.txt'
[4.297s] writing manifest file '../../build/my_robot_controller/my_robot_controller.egg-info/SOURCES.txt'
[4.297s] running build
[4.298s] running build_py
[4.298s] running install
[4.299s] running install_lib
[4.303s] running install_data
[4.304s] running install_egg_info
[4.309s] removing '/home/petomartin/ros2_ws/install/my_robot_controller/lib/python3.10/site-packages/my_robot_controller-0.0.0-py3.10.egg-info' (and everything under it)
[4.310s] Copying ../../build/my_robot_controller/my_robot_controller.egg-info to /home/petomartin/ros2_ws/install/my_robot_controller/lib/python3.10/site-packages/my_robot_controller-0.0.0-py3.10.egg-info
[4.312s] running install_scripts
[4.379s] Installing draw_circle script to /home/petomartin/ros2_ws/install/my_robot_controller/lib/my_robot_controller
[4.379s] Installing pose_subscriber script to /home/petomartin/ros2_ws/install/my_robot_controller/lib/my_robot_controller
[4.380s] Installing test_node script to /home/petomartin/ros2_ws/install/my_robot_controller/lib/my_robot_controller
[4.386s] Installing turtle_controller script to /home/petomartin/ros2_ws/install/my_robot_controller/lib/my_robot_controller
[4.390s] writing list of installed files to '/home/petomartin/ros2_ws/build/my_robot_controller/install.log'
[4.503s] Invoked command in '/home/petomartin/ros2_ws/src/my_robot_controller' returned '0': PYTHONPATH=/home/petomartin/ros2_ws/build/my_robot_controller/prefix_override:/usr/lib/python3/dist-packages/colcon_core/task/python/colcon_distutils_commands:/home/petomartin/ros2_ws/install/my_robot_controller/lib/python3.10/site-packages:${PYTHONPATH} /usr/bin/python3 -W ignore:setup.py install is deprecated setup.py egg_info --egg-base ../../build/my_robot_controller build --build-base /home/petomartin/ros2_ws/build/my_robot_controller/build install --record /home/petomartin/ros2_ws/build/my_robot_controller/install.log --single-version-externally-managed install_data
