[0.916s] Invoking command in '/home/petomartin/ros2_ws/src/my_robot_controller': PYTHONPATH=/home/petomartin/ros2_ws/build/my_robot_controller/prefix_override:/usr/lib/python3/dist-packages/colcon_core/task/python/colcon_distutils_commands:/home/petomartin/ros2_ws/install/my_robot_controller/lib/python3.10/site-packages:${PYTHONPATH} /usr/bin/python3 -W ignore:setup.py install is deprecated setup.py egg_info --egg-base ../../build/my_robot_controller build --build-base /home/petomartin/ros2_ws/build/my_robot_controller/build install --record /home/petomartin/ros2_ws/build/my_robot_controller/install.log --single-version-externally-managed install_data
[1.209s] running egg_info
[1.210s] creating ../../build/my_robot_controller/my_robot_controller.egg-info
[1.210s] writing ../../build/my_robot_controller/my_robot_controller.egg-info/PKG-INFO
[1.211s] writing dependency_links to ../../build/my_robot_controller/my_robot_controller.egg-info/dependency_links.txt
[1.211s] writing entry points to ../../build/my_robot_controller/my_robot_controller.egg-info/entry_points.txt
[1.211s] writing requirements to ../../build/my_robot_controller/my_robot_controller.egg-info/requires.txt
[1.211s] writing top-level names to ../../build/my_robot_controller/my_robot_controller.egg-info/top_level.txt
[1.212s] writing manifest file '../../build/my_robot_controller/my_robot_controller.egg-info/SOURCES.txt'
[1.214s] reading manifest file '../../build/my_robot_controller/my_robot_controller.egg-info/SOURCES.txt'
[1.216s] writing manifest file '../../build/my_robot_controller/my_robot_controller.egg-info/SOURCES.txt'
[1.216s] running build
[1.217s] running build_py
[1.217s] creating /home/petomartin/ros2_ws/build/my_robot_controller/build
[1.218s] creating /home/petomartin/ros2_ws/build/my_robot_controller/build/lib
[1.218s] creating /home/petomartin/ros2_ws/build/my_robot_controller/build/lib/my_robot_controller
[1.219s] copying my_robot_controller/my_first_node.py -> /home/petomartin/ros2_ws/build/my_robot_controller/build/lib/my_robot_controller
[1.220s] copying my_robot_controller/turtle_controller.py -> /home/petomartin/ros2_ws/build/my_robot_controller/build/lib/my_robot_controller
[1.220s] copying my_robot_controller/draw_circle.py -> /home/petomartin/ros2_ws/build/my_robot_controller/build/lib/my_robot_controller
[1.221s] copying my_robot_controller/__init__.py -> /home/petomartin/ros2_ws/build/my_robot_controller/build/lib/my_robot_controller
[1.221s] copying my_robot_controller/pose_subscriber.py -> /home/petomartin/ros2_ws/build/my_robot_controller/build/lib/my_robot_controller
[1.222s] running install
[1.222s] running install_lib
[1.225s] creating /home/petomartin/ros2_ws/install/my_robot_controller/lib/python3.10/site-packages/my_robot_controller
[1.226s] copying /home/petomartin/ros2_ws/build/my_robot_controller/build/lib/my_robot_controller/my_first_node.py -> /home/petomartin/ros2_ws/install/my_robot_controller/lib/python3.10/site-packages/my_robot_controller
[1.227s] copying /home/petomartin/ros2_ws/build/my_robot_controller/build/lib/my_robot_controller/turtle_controller.py -> /home/petomartin/ros2_ws/install/my_robot_controller/lib/python3.10/site-packages/my_robot_controller
[1.227s] copying /home/petomartin/ros2_ws/build/my_robot_controller/build/lib/my_robot_controller/draw_circle.py -> /home/petomartin/ros2_ws/install/my_robot_controller/lib/python3.10/site-packages/my_robot_controller
[1.227s] copying /home/petomartin/ros2_ws/build/my_robot_controller/build/lib/my_robot_controller/__init__.py -> /home/petomartin/ros2_ws/install/my_robot_controller/lib/python3.10/site-packages/my_robot_controller
[1.227s] copying /home/petomartin/ros2_ws/build/my_robot_controller/build/lib/my_robot_controller/pose_subscriber.py -> /home/petomartin/ros2_ws/install/my_robot_controller/lib/python3.10/site-packages/my_robot_controller
[1.228s] byte-compiling /home/petomartin/ros2_ws/install/my_robot_controller/lib/python3.10/site-packages/my_robot_controller/my_first_node.py to my_first_node.cpython-310.pyc
[1.228s] byte-compiling /home/petomartin/ros2_ws/install/my_robot_controller/lib/python3.10/site-packages/my_robot_controller/turtle_controller.py to turtle_controller.cpython-310.pyc
[1.229s] byte-compiling /home/petomartin/ros2_ws/install/my_robot_controller/lib/python3.10/site-packages/my_robot_controller/draw_circle.py to draw_circle.cpython-310.pyc
[1.230s] byte-compiling /home/petomartin/ros2_ws/install/my_robot_controller/lib/python3.10/site-packages/my_robot_controller/__init__.py to __init__.cpython-310.pyc
[1.230s] byte-compiling /home/petomartin/ros2_ws/install/my_robot_controller/lib/python3.10/site-packages/my_robot_controller/pose_subscriber.py to pose_subscriber.cpython-310.pyc
[1.230s] running install_data
[1.230s] creating /home/petomartin/ros2_ws/install/my_robot_controller/share/ament_index
[1.231s] creating /home/petomartin/ros2_ws/install/my_robot_controller/share/ament_index/resource_index
[1.232s] creating /home/petomartin/ros2_ws/install/my_robot_controller/share/ament_index/resource_index/packages
[1.232s] copying resource/my_robot_controller -> /home/petomartin/ros2_ws/install/my_robot_controller/share/ament_index/resource_index/packages
[1.233s] copying package.xml -> /home/petomartin/ros2_ws/install/my_robot_controller/share/my_robot_controller
[1.233s] running install_egg_info
[1.236s] Copying ../../build/my_robot_controller/my_robot_controller.egg-info to /home/petomartin/ros2_ws/install/my_robot_controller/lib/python3.10/site-packages/my_robot_controller-0.0.0-py3.10.egg-info
[1.237s] running install_scripts
[1.263s] Installing draw_circle script to /home/petomartin/ros2_ws/install/my_robot_controller/lib/my_robot_controller
[1.263s] Installing pose_subscriber script to /home/petomartin/ros2_ws/install/my_robot_controller/lib/my_robot_controller
[1.263s] Installing test_node script to /home/petomartin/ros2_ws/install/my_robot_controller/lib/my_robot_controller
[1.263s] Installing turtle_controller script to /home/petomartin/ros2_ws/install/my_robot_controller/lib/my_robot_controller
[1.263s] writing list of installed files to '/home/petomartin/ros2_ws/build/my_robot_controller/install.log'
[1.317s] Invoked command in '/home/petomartin/ros2_ws/src/my_robot_controller' returned '0': PYTHONPATH=/home/petomartin/ros2_ws/build/my_robot_controller/prefix_override:/usr/lib/python3/dist-packages/colcon_core/task/python/colcon_distutils_commands:/home/petomartin/ros2_ws/install/my_robot_controller/lib/python3.10/site-packages:${PYTHONPATH} /usr/bin/python3 -W ignore:setup.py install is deprecated setup.py egg_info --egg-base ../../build/my_robot_controller build --build-base /home/petomartin/ros2_ws/build/my_robot_controller/build install --record /home/petomartin/ros2_ws/build/my_robot_controller/install.log --single-version-externally-managed install_data
