[1.815s] Invoking command in '/home/petomartin/ros2_ws/build/my_gazebo_package': CMAKE_PREFIX_PATH=${CMAKE_PREFIX_PATH}:/home/petomartin/ros2_ws/install/my_robot_controller:/home/petomartin/ros2_ws/install/gazesim:/home/petomartin/install/my_robot_controller:/home/petomartin/install/ament_cmake_core:/opt/ros/humble /usr/bin/cmake --build /home/petomartin/ros2_ws/build/my_gazebo_package -- -j8 -l8
[3.851s] [100%] Built target my_robot_node
[3.944s] Invoked command in '/home/petomartin/ros2_ws/build/my_gazebo_package' returned '0': CMAKE_PREFIX_PATH=${CMAKE_PREFIX_PATH}:/home/petomartin/ros2_ws/install/my_robot_controller:/home/petomartin/ros2_ws/install/gazesim:/home/petomartin/install/my_robot_controller:/home/petomartin/install/ament_cmake_core:/opt/ros/humble /usr/bin/cmake --build /home/petomartin/ros2_ws/build/my_gazebo_package -- -j8 -l8
[4.282s] Invoking command in '/home/petomartin/ros2_ws/build/my_gazebo_package': CMAKE_PREFIX_PATH=${CMAKE_PREFIX_PATH}:/home/petomartin/ros2_ws/install/my_robot_controller:/home/petomartin/ros2_ws/install/gazesim:/home/petomartin/install/my_robot_controller:/home/petomartin/install/ament_cmake_core:/opt/ros/humble /usr/bin/cmake --install /home/petomartin/ros2_ws/build/my_gazebo_package
[4.363s] -- Install configuration: ""
[4.364s] -- Up-to-date: /home/petomartin/ros2_ws/install/my_gazebo_package/lib/my_gazebo_package/my_robot_node
[4.364s] -- Up-to-date: /home/petomartin/ros2_ws/install/my_gazebo_package/share/ament_index/resource_index/package_run_dependencies/my_gazebo_package
[4.365s] -- Up-to-date: /home/petomartin/ros2_ws/install/my_gazebo_package/share/ament_index/resource_index/parent_prefix_path/my_gazebo_package
[4.365s] -- Up-to-date: /home/petomartin/ros2_ws/install/my_gazebo_package/share/my_gazebo_package/environment/ament_prefix_path.sh
[4.366s] -- Up-to-date: /home/petomartin/ros2_ws/install/my_gazebo_package/share/my_gazebo_package/environment/ament_prefix_path.dsv
[4.366s] -- Up-to-date: /home/petomartin/ros2_ws/install/my_gazebo_package/share/my_gazebo_package/environment/path.sh
[4.366s] -- Up-to-date: /home/petomartin/ros2_ws/install/my_gazebo_package/share/my_gazebo_package/environment/path.dsv
[4.367s] -- Up-to-date: /home/petomartin/ros2_ws/install/my_gazebo_package/share/my_gazebo_package/local_setup.bash
[4.367s] -- Up-to-date: /home/petomartin/ros2_ws/install/my_gazebo_package/share/my_gazebo_package/local_setup.sh
[4.368s] -- Up-to-date: /home/petomartin/ros2_ws/install/my_gazebo_package/share/my_gazebo_package/local_setup.zsh
[4.368s] -- Up-to-date: /home/petomartin/ros2_ws/install/my_gazebo_package/share/my_gazebo_package/local_setup.dsv
[4.383s] -- Installing: /home/petomartin/ros2_ws/install/my_gazebo_package/share/my_gazebo_package/package.dsv
[4.384s] -- Up-to-date: /home/petomartin/ros2_ws/install/my_gazebo_package/share/ament_index/resource_index/packages/my_gazebo_package
[4.385s] -- Up-to-date: /home/petomartin/ros2_ws/install/my_gazebo_package/share/my_gazebo_package/cmake/my_gazebo_packageConfig.cmake
[4.385s] -- Up-to-date: /home/petomartin/ros2_ws/install/my_gazebo_package/share/my_gazebo_package/cmake/my_gazebo_packageConfig-version.cmake
[4.386s] -- Up-to-date: /home/petomartin/ros2_ws/install/my_gazebo_package/share/my_gazebo_package/package.xml
[4.386s] -- Up-to-date: /home/petomartin/ros2_ws/install/my_gazebo_package/share/my_gazebo_package//launch
[4.386s] -- Up-to-date: /home/petomartin/ros2_ws/install/my_gazebo_package/share/my_gazebo_package//launch/my_gazebo_launch.py
[4.387s] -- Up-to-date: /home/petomartin/ros2_ws/install/my_gazebo_package/share/my_gazebo_package//world
[4.388s] -- Up-to-date: /home/petomartin/ros2_ws/install/my_gazebo_package/share/my_gazebo_package//world/my_world.world
[4.405s] Invoked command in '/home/petomartin/ros2_ws/build/my_gazebo_package' returned '0': CMAKE_PREFIX_PATH=${CMAKE_PREFIX_PATH}:/home/petomartin/ros2_ws/install/my_robot_controller:/home/petomartin/ros2_ws/install/gazesim:/home/petomartin/install/my_robot_controller:/home/petomartin/install/ament_cmake_core:/opt/ros/humble /usr/bin/cmake --install /home/petomartin/ros2_ws/build/my_gazebo_package
