/home/petomartin/ros2_ws/install/gazesim/lib/python3.10/site-packages/gazesim/status_logger_node.py
/home/petomartin/ros2_ws/install/gazesim/lib/python3.10/site-packages/gazesim/teleop_node.py
/home/petomartin/ros2_ws/install/gazesim/lib/python3.10/site-packages/gazesim/__init__.py
/home/petomartin/ros2_ws/install/gazesim/lib/python3.10/site-packages/gazesim/tervezo.py
/home/petomartin/ros2_ws/install/gazesim/lib/python3.10/site-packages/gazesim/keyboard_controller.py
/home/petomartin/ros2_ws/install/gazesim/lib/python3.10/site-packages/gazesim/sensor_handler_node.py
/home/petomartin/ros2_ws/install/gazesim/lib/python3.10/site-packages/gazesim/path_planning_node.py
/home/petomartin/ros2_ws/install/gazesim/lib/python3.10/site-packages/scripts/__init__.py
/home/petomartin/ros2_ws/install/gazesim/lib/python3.10/site-packages/gazesim/__pycache__/status_logger_node.cpython-310.pyc
/home/petomartin/ros2_ws/install/gazesim/lib/python3.10/site-packages/gazesim/__pycache__/teleop_node.cpython-310.pyc
/home/petomartin/ros2_ws/install/gazesim/lib/python3.10/site-packages/gazesim/__pycache__/__init__.cpython-310.pyc
/home/petomartin/ros2_ws/install/gazesim/lib/python3.10/site-packages/gazesim/__pycache__/tervezo.cpython-310.pyc
/home/petomartin/ros2_ws/install/gazesim/lib/python3.10/site-packages/gazesim/__pycache__/keyboard_controller.cpython-310.pyc
/home/petomartin/ros2_ws/install/gazesim/lib/python3.10/site-packages/gazesim/__pycache__/sensor_handler_node.cpython-310.pyc
/home/petomartin/ros2_ws/install/gazesim/lib/python3.10/site-packages/gazesim/__pycache__/path_planning_node.cpython-310.pyc
/home/petomartin/ros2_ws/install/gazesim/lib/python3.10/site-packages/scripts/__pycache__/__init__.cpython-310.pyc
/home/petomartin/ros2_ws/install/gazesim/share/ament_index/resource_index/packages/gazesim
/home/petomartin/ros2_ws/install/gazesim/share/gazesim/package.xml
/home/petomartin/ros2_ws/install/gazesim/share/gazesim/launch/gazesim_launch.py
/home/petomartin/ros2_ws/install/gazesim/share/gazesim/launch/display.launch.py
/home/petomartin/ros2_ws/install/gazesim/share/gazesim/launch/vehicle_launch.py
/home/petomartin/ros2_ws/install/gazesim/share/gazesim/launch/online_async_launch.py
/home/petomartin/ros2_ws/install/gazesim/lib/python3.10/site-packages/gazesim-0.0.0-py3.10.egg-info/entry_points.txt
/home/petomartin/ros2_ws/install/gazesim/lib/python3.10/site-packages/gazesim-0.0.0-py3.10.egg-info/requires.txt
/home/petomartin/ros2_ws/install/gazesim/lib/python3.10/site-packages/gazesim-0.0.0-py3.10.egg-info/zip-safe
/home/petomartin/ros2_ws/install/gazesim/lib/python3.10/site-packages/gazesim-0.0.0-py3.10.egg-info/SOURCES.txt
/home/petomartin/ros2_ws/install/gazesim/lib/python3.10/site-packages/gazesim-0.0.0-py3.10.egg-info/top_level.txt
/home/petomartin/ros2_ws/install/gazesim/lib/python3.10/site-packages/gazesim-0.0.0-py3.10.egg-info/dependency_links.txt
/home/petomartin/ros2_ws/install/gazesim/lib/python3.10/site-packages/gazesim-0.0.0-py3.10.egg-info/PKG-INFO
/home/petomartin/ros2_ws/install/gazesim/lib/gazesim/sensor_handler_node
/home/petomartin/ros2_ws/install/gazesim/lib/gazesim/status_logger_node
/home/petomartin/ros2_ws/install/gazesim/lib/gazesim/teleop_node
/home/petomartin/ros2_ws/install/gazesim/lib/gazesim/tervezo
