[5.258s] Invoking command in '/home/petomartin/ros2_ws/src/gazesim': PYTHONPATH=/home/petomartin/ros2_ws/build/gazesim/prefix_override:/usr/lib/python3/dist-packages/colcon_core/task/python/colcon_distutils_commands:/home/petomartin/ros2_ws/install/gazesim/lib/python3.10/site-packages:${PYTHONPATH} /usr/bin/python3 -W ignore:setup.py install is deprecated setup.py egg_info --egg-base ../../build/gazesim build --build-base /home/petomartin/ros2_ws/build/gazesim/build install --record /home/petomartin/ros2_ws/build/gazesim/install.log --single-version-externally-managed install_data
[6.414s] running egg_info
[6.447s] writing ../../build/gazesim/gazesim.egg-info/PKG-INFO
[6.447s] writing dependency_links to ../../build/gazesim/gazesim.egg-info/dependency_links.txt
[6.456s] writing entry points to ../../build/gazesim/gazesim.egg-info/entry_points.txt
[6.456s] writing requirements to ../../build/gazesim/gazesim.egg-info/requires.txt
[6.456s] writing top-level names to ../../build/gazesim/gazesim.egg-info/top_level.txt
[6.465s] reading manifest file '../../build/gazesim/gazesim.egg-info/SOURCES.txt'
[6.471s] writing manifest file '../../build/gazesim/gazesim.egg-info/SOURCES.txt'
[6.472s] running build
[6.472s] running build_py
[6.472s] running install
[6.476s] running install_lib
[6.481s] running install_data
[6.481s] running install_egg_info
[6.493s] removing '/home/petomartin/ros2_ws/install/gazesim/lib/python3.10/site-packages/gazesim-0.0.0-py3.10.egg-info' (and everything under it)
[6.496s] Copying ../../build/gazesim/gazesim.egg-info to /home/petomartin/ros2_ws/install/gazesim/lib/python3.10/site-packages/gazesim-0.0.0-py3.10.egg-info
[6.498s] running install_scripts
[6.618s] Installing path_visualizer script to /home/petomartin/ros2_ws/install/gazesim/lib/gazesim
[6.627s] Installing sensor_handler_node script to /home/petomartin/ros2_ws/install/gazesim/lib/gazesim
[6.629s] Installing status_logger_node script to /home/petomartin/ros2_ws/install/gazesim/lib/gazesim
[6.631s] Installing teleop_node script to /home/petomartin/ros2_ws/install/gazesim/lib/gazesim
[6.635s] writing list of installed files to '/home/petomartin/ros2_ws/build/gazesim/install.log'
[6.760s] Invoked command in '/home/petomartin/ros2_ws/src/gazesim' returned '0': PYTHONPATH=/home/petomartin/ros2_ws/build/gazesim/prefix_override:/usr/lib/python3/dist-packages/colcon_core/task/python/colcon_distutils_commands:/home/petomartin/ros2_ws/install/gazesim/lib/python3.10/site-packages:${PYTHONPATH} /usr/bin/python3 -W ignore:setup.py install is deprecated setup.py egg_info --egg-base ../../build/gazesim build --build-base /home/petomartin/ros2_ws/build/gazesim/build install --record /home/petomartin/ros2_ws/build/gazesim/install.log --single-version-externally-managed install_data
