[0.274s] DEBUG:colcon:Command line arguments: ['/usr/bin/colcon', 'build', '--symlink-install']
[0.275s] DEBUG:colcon:Parsed command line arguments: Namespace(log_base=None, log_level=None, verb_name='build', build_base='build', install_base='install', merge_install=False, symlink_install=True, test_result_base=None, continue_on_error=False, executor='parallel', parallel_workers=8, event_handlers=None, ignore_user_meta=False, metas=['./colcon.meta'], base_paths=['.'], packages_ignore=None, packages_ignore_regex=None, paths=None, packages_up_to=None, packages_up_to_regex=None, packages_above=None, packages_above_and_dependencies=None, packages_above_depth=None, packages_select_by_dep=None, packages_skip_by_dep=None, packages_skip_up_to=None, packages_select_build_failed=False, packages_skip_build_finished=False, packages_select_test_failures=False, packages_skip_test_passed=False, packages_select=None, packages_skip=None, packages_select_regex=None, packages_skip_regex=None, packages_start=None, packages_end=None, allow_overriding=[], cmake_args=None, cmake_target=None, cmake_target_skip_unavailable=False, cmake_clean_cache=False, cmake_clean_first=False, cmake_force_configure=False, mixin_files=None, mixin=None, verb_parser=<colcon_mixin.mixin.mixin_argument.MixinArgumentDecorator object at 0x7fcd25f72e60>, verb_extension=<colcon_core.verb.build.BuildVerb object at 0x7fcd25f72980>, main=<bound method BuildVerb.main of <colcon_core.verb.build.BuildVerb object at 0x7fcd25f72980>>, mixin_verb=('build',))
[0.673s] Level 1:colcon.colcon_core.package_discovery:discover_packages(colcon_meta) check parameters
[0.673s] Level 1:colcon.colcon_core.package_discovery:discover_packages(recursive) check parameters
[0.673s] Level 1:colcon.colcon_core.package_discovery:discover_packages(ignore) check parameters
[0.673s] Level 1:colcon.colcon_core.package_discovery:discover_packages(path) check parameters
[0.673s] Level 1:colcon.colcon_core.package_discovery:discover_packages(colcon_meta) discover
[0.673s] Level 1:colcon.colcon_core.package_discovery:discover_packages(recursive) discover
[0.673s] INFO:colcon.colcon_core.package_discovery:Crawling recursively for packages in '/home/petomartin/ros2_ws/src/gazesim'
[0.674s] Level 1:colcon.colcon_core.package_identification:_identify(.) by extensions ['ignore']
[0.674s] Level 1:colcon.colcon_core.package_identification:_identify(.) by extension 'ignore'
[0.674s] Level 1:colcon.colcon_core.package_identification:_identify(.) by extensions ['colcon_pkg']
[0.674s] Level 1:colcon.colcon_core.package_identification:_identify(.) by extension 'colcon_pkg'
[0.674s] Level 1:colcon.colcon_core.package_identification:_identify(.) by extensions ['colcon_meta']
[0.674s] Level 1:colcon.colcon_core.package_identification:_identify(.) by extension 'colcon_meta'
[0.674s] Level 1:colcon.colcon_core.package_identification:_identify(.) by extensions ['cmake', 'python']
[0.674s] Level 1:colcon.colcon_core.package_identification:_identify(.) by extension 'cmake'
[0.674s] Level 1:colcon.colcon_core.package_identification:_identify(.) by extension 'python'
[0.674s] DEBUG:colcon.colcon_core.package_identification:Python package in '.' passes arguments to the setup() function which requires a different identification extension than 'python'
[0.674s] Level 1:colcon.colcon_core.package_identification:_identify(.) by extensions ['python_setup_py']
[0.674s] Level 1:colcon.colcon_core.package_identification:_identify(.) by extension 'python_setup_py'
[0.872s] DEBUG:colcon.colcon_core.package_identification:Package '.' with type 'python' and name 'gazesim'
[0.872s] Level 1:colcon.colcon_core.package_discovery:discover_packages(recursive) using defaults
[0.872s] Level 1:colcon.colcon_core.package_discovery:discover_packages(ignore) discover
[0.872s] Level 1:colcon.colcon_core.package_discovery:discover_packages(ignore) using defaults
[0.872s] Level 1:colcon.colcon_core.package_discovery:discover_packages(path) discover
[0.872s] Level 1:colcon.colcon_core.package_discovery:discover_packages(path) using defaults
[0.910s] Level 1:colcon.colcon_core.package_discovery:discover_packages(prefix_path) check parameters
[0.910s] Level 1:colcon.colcon_core.package_discovery:discover_packages(prefix_path) discover
[0.912s] DEBUG:colcon.colcon_installed_package_information.package_discovery:Found 3 installed packages in /home/petomartin/ros2_ws/install
[0.913s] DEBUG:colcon.colcon_installed_package_information.package_discovery:Found 22 installed packages in /home/petomartin/install
[0.913s] Level 1:colcon.colcon_core.package_discovery:discover_packages(prefix_path) using defaults
[0.922s] Level 5:colcon.colcon_core.verb:set package 'gazesim' build argument 'cmake_args' from command line to 'None'
[0.922s] Level 5:colcon.colcon_core.verb:set package 'gazesim' build argument 'cmake_target' from command line to 'None'
[0.922s] Level 5:colcon.colcon_core.verb:set package 'gazesim' build argument 'cmake_target_skip_unavailable' from command line to 'False'
[0.922s] Level 5:colcon.colcon_core.verb:set package 'gazesim' build argument 'cmake_clean_cache' from command line to 'False'
[0.922s] Level 5:colcon.colcon_core.verb:set package 'gazesim' build argument 'cmake_clean_first' from command line to 'False'
[0.922s] Level 5:colcon.colcon_core.verb:set package 'gazesim' build argument 'cmake_force_configure' from command line to 'False'
[0.922s] DEBUG:colcon.colcon_core.verb:Building package 'gazesim' with the following arguments: {'build_base': '/home/petomartin/ros2_ws/src/gazesim/build/gazesim', 'cmake_args': None, 'cmake_clean_cache': False, 'cmake_clean_first': False, 'cmake_force_configure': False, 'cmake_target': None, 'cmake_target_skip_unavailable': False, 'install_base': '/home/petomartin/ros2_ws/src/gazesim/install/gazesim', 'merge_install': False, 'path': '/home/petomartin/ros2_ws/src/gazesim', 'symlink_install': True, 'test_result_base': None}
[0.922s] INFO:colcon.colcon_core.executor:Executing jobs using 'parallel' executor
[0.923s] DEBUG:colcon.colcon_parallel_executor.executor.parallel:run_until_complete
[0.923s] INFO:colcon.colcon_core.task.python.build:Building Python package in '/home/petomartin/ros2_ws/src/gazesim'
[0.930s] INFO:colcon.colcon_core.plugin_system:Skipping extension 'colcon_core.shell.bat': Not used on non-Windows systems
[0.931s] INFO:colcon.colcon_core.shell:Skip shell extension 'powershell' for command environment: Not usable outside of PowerShell
[0.931s] DEBUG:colcon.colcon_core.shell:Skip shell extension 'dsv' for command environment
[1.626s] DEBUG:colcon.colcon_core.event_handler.log_command:Invoking command in '/home/petomartin/ros2_ws/src/gazesim/build/gazesim': PYTHONPATH=/home/petomartin/ros2_ws/src/gazesim/build/gazesim/prefix_override:/usr/lib/python3/dist-packages/colcon_core/task/python/colcon_distutils_commands:/home/petomartin/ros2_ws/src/gazesim/install/gazesim/lib/python3.10/site-packages:${PYTHONPATH} /usr/bin/python3 -W ignore:setup.py install is deprecated setup.py develop --editable --build-directory /home/petomartin/ros2_ws/src/gazesim/build/gazesim/build --no-deps symlink_data
[1.981s] Level 1:colcon.colcon_core.shell:create_environment_hook('gazesim', 'pythonpath_develop')
[1.981s] INFO:colcon.colcon_core.shell:Creating environment hook '/home/petomartin/ros2_ws/src/gazesim/build/gazesim/share/gazesim/hook/pythonpath_develop.ps1'
[1.982s] DEBUG:colcon.colcon_core.event_handler.log_command:Invoked command in '/home/petomartin/ros2_ws/src/gazesim/build/gazesim' returned '0': PYTHONPATH=/home/petomartin/ros2_ws/src/gazesim/build/gazesim/prefix_override:/usr/lib/python3/dist-packages/colcon_core/task/python/colcon_distutils_commands:/home/petomartin/ros2_ws/src/gazesim/install/gazesim/lib/python3.10/site-packages:${PYTHONPATH} /usr/bin/python3 -W ignore:setup.py install is deprecated setup.py develop --editable --build-directory /home/petomartin/ros2_ws/src/gazesim/build/gazesim/build --no-deps symlink_data
[1.985s] INFO:colcon.colcon_core.shell:Creating environment descriptor '/home/petomartin/ros2_ws/src/gazesim/build/gazesim/share/gazesim/hook/pythonpath_develop.dsv'
[1.986s] INFO:colcon.colcon_core.shell:Creating environment hook '/home/petomartin/ros2_ws/src/gazesim/build/gazesim/share/gazesim/hook/pythonpath_develop.sh'
[1.998s] Level 1:colcon.colcon_core.environment:checking '/home/petomartin/ros2_ws/src/gazesim/install/gazesim' for CMake module files
[1.998s] Level 1:colcon.colcon_core.environment:checking '/home/petomartin/ros2_ws/src/gazesim/install/gazesim' for CMake config files
[1.999s] Level 1:colcon.colcon_core.environment:checking '/home/petomartin/ros2_ws/src/gazesim/install/gazesim/lib'
[1.999s] Level 1:colcon.colcon_core.environment:checking '/home/petomartin/ros2_ws/src/gazesim/install/gazesim/bin'
[1.999s] Level 1:colcon.colcon_core.environment:checking '/home/petomartin/ros2_ws/src/gazesim/install/gazesim/lib/pkgconfig/gazesim.pc'
[1.999s] Level 1:colcon.colcon_core.environment:checking '/home/petomartin/ros2_ws/src/gazesim/install/gazesim/lib/python3.10/site-packages'
[1.999s] Level 1:colcon.colcon_core.shell:create_environment_hook('gazesim', 'pythonpath')
[1.999s] INFO:colcon.colcon_core.shell:Creating environment hook '/home/petomartin/ros2_ws/src/gazesim/install/gazesim/share/gazesim/hook/pythonpath.ps1'
[2.000s] INFO:colcon.colcon_core.shell:Creating environment descriptor '/home/petomartin/ros2_ws/src/gazesim/install/gazesim/share/gazesim/hook/pythonpath.dsv'
[2.000s] INFO:colcon.colcon_core.shell:Creating environment hook '/home/petomartin/ros2_ws/src/gazesim/install/gazesim/share/gazesim/hook/pythonpath.sh'
[2.001s] Level 1:colcon.colcon_core.environment:checking '/home/petomartin/ros2_ws/src/gazesim/install/gazesim/bin'
[2.001s] Level 1:colcon.colcon_core.environment:create_environment_scripts_only(gazesim)
[2.001s] INFO:colcon.colcon_core.shell:Creating package script '/home/petomartin/ros2_ws/src/gazesim/install/gazesim/share/gazesim/package.ps1'
[2.002s] INFO:colcon.colcon_core.shell:Creating package descriptor '/home/petomartin/ros2_ws/src/gazesim/install/gazesim/share/gazesim/package.dsv'
[2.003s] INFO:colcon.colcon_core.shell:Creating package script '/home/petomartin/ros2_ws/src/gazesim/install/gazesim/share/gazesim/package.sh'
[2.004s] INFO:colcon.colcon_core.shell:Creating package script '/home/petomartin/ros2_ws/src/gazesim/install/gazesim/share/gazesim/package.bash'
[2.005s] INFO:colcon.colcon_core.shell:Creating package script '/home/petomartin/ros2_ws/src/gazesim/install/gazesim/share/gazesim/package.zsh'
[2.006s] Level 1:colcon.colcon_core.environment:create_file_with_runtime_dependencies(/home/petomartin/ros2_ws/src/gazesim/install/gazesim/share/colcon-core/packages/gazesim)
[2.007s] DEBUG:colcon.colcon_parallel_executor.executor.parallel:closing loop
[2.007s] DEBUG:colcon.colcon_parallel_executor.executor.parallel:loop closed
[2.007s] DEBUG:colcon.colcon_parallel_executor.executor.parallel:run_until_complete finished with '0'
[2.007s] DEBUG:colcon.colcon_core.event_reactor:joining thread
[2.051s] INFO:colcon.colcon_core.plugin_system:Skipping extension 'colcon_notification.desktop_notification.notify_send': Could not find 'notify-send'
[2.052s] INFO:colcon.colcon_core.plugin_system:Skipping extension 'colcon_notification.desktop_notification.terminal_notifier': Not used on non-Darwin systems
[2.052s] INFO:colcon.colcon_core.plugin_system:Skipping extension 'colcon_notification.desktop_notification.win32': Not used on non-Windows systems
[2.052s] INFO:colcon.colcon_notification.desktop_notification:Sending desktop notification using 'notify2'
[2.053s] DEBUG:colcon.colcon_notification.desktop_notification.notify2:Failed to initialize notify2: org.freedesktop.DBus.Error.ServiceUnknown: The name org.freedesktop.Notifications was not provided by any .service files
[2.053s] DEBUG:colcon.colcon_core.event_reactor:joined thread
[2.054s] INFO:colcon.colcon_core.shell:Creating prefix script '/home/petomartin/ros2_ws/src/gazesim/install/local_setup.ps1'
[2.055s] INFO:colcon.colcon_core.shell:Creating prefix util module '/home/petomartin/ros2_ws/src/gazesim/install/_local_setup_util_ps1.py'
[2.057s] INFO:colcon.colcon_core.shell:Creating prefix chain script '/home/petomartin/ros2_ws/src/gazesim/install/setup.ps1'
[2.058s] INFO:colcon.colcon_core.shell:Creating prefix script '/home/petomartin/ros2_ws/src/gazesim/install/local_setup.sh'
[2.059s] INFO:colcon.colcon_core.shell:Creating prefix util module '/home/petomartin/ros2_ws/src/gazesim/install/_local_setup_util_sh.py'
[2.059s] INFO:colcon.colcon_core.shell:Creating prefix chain script '/home/petomartin/ros2_ws/src/gazesim/install/setup.sh'
[2.060s] INFO:colcon.colcon_core.shell:Creating prefix script '/home/petomartin/ros2_ws/src/gazesim/install/local_setup.bash'
[2.061s] INFO:colcon.colcon_core.shell:Creating prefix chain script '/home/petomartin/ros2_ws/src/gazesim/install/setup.bash'
[2.062s] INFO:colcon.colcon_core.shell:Creating prefix script '/home/petomartin/ros2_ws/src/gazesim/install/local_setup.zsh'
[2.063s] INFO:colcon.colcon_core.shell:Creating prefix chain script '/home/petomartin/ros2_ws/src/gazesim/install/setup.zsh'
