[0.792s] Invoking command in '/home/petomartin/ros2_ws/src/gazesim': PYTHONPATH=/home/petomartin/ros2_ws/build/gazesim/prefix_override:/usr/lib/python3/dist-packages/colcon_core/task/python/colcon_distutils_commands:/home/petomartin/ros2_ws/install/gazesim/lib/python3.10/site-packages:${PYTHONPATH} /usr/bin/python3 -W ignore:setup.py install is deprecated setup.py egg_info --egg-base ../../build/gazesim build --build-base /home/petomartin/ros2_ws/build/gazesim/build install --record /home/petomartin/ros2_ws/build/gazesim/install.log --single-version-externally-managed install_data
[0.976s] running egg_info
[0.976s] writing ../../build/gazesim/gazesim.egg-info/PKG-INFO
[0.980s] writing dependency_links to ../../build/gazesim/gazesim.egg-info/dependency_links.txt
[0.980s] writing entry points to ../../build/gazesim/gazesim.egg-info/entry_points.txt
[0.980s] writing requirements to ../../build/gazesim/gazesim.egg-info/requires.txt
[0.980s] writing top-level names to ../../build/gazesim/gazesim.egg-info/top_level.txt
[0.982s] reading manifest file '../../build/gazesim/gazesim.egg-info/SOURCES.txt'
[0.982s] writing manifest file '../../build/gazesim/gazesim.egg-info/SOURCES.txt'
[0.982s] running build
[0.982s] running build_py
[0.983s] running install
[0.983s] running install_lib
[0.985s] running install_data
[0.985s] running install_egg_info
[0.988s] removing '/home/petomartin/ros2_ws/install/gazesim/lib/python3.10/site-packages/gazesim-0.0.0-py3.10.egg-info' (and everything under it)
[0.988s] Copying ../../build/gazesim/gazesim.egg-info to /home/petomartin/ros2_ws/install/gazesim/lib/python3.10/site-packages/gazesim-0.0.0-py3.10.egg-info
[0.989s] running install_scripts
[1.010s] Installing sensor_handler_node script to /home/petomartin/ros2_ws/install/gazesim/lib/gazesim
[1.010s] Installing status_logger_node script to /home/petomartin/ros2_ws/install/gazesim/lib/gazesim
[1.010s] Installing teleop_node script to /home/petomartin/ros2_ws/install/gazesim/lib/gazesim
[1.010s] writing list of installed files to '/home/petomartin/ros2_ws/build/gazesim/install.log'
[1.043s] Invoked command in '/home/petomartin/ros2_ws/src/gazesim' returned '0': PYTHONPATH=/home/petomartin/ros2_ws/build/gazesim/prefix_override:/usr/lib/python3/dist-packages/colcon_core/task/python/colcon_distutils_commands:/home/petomartin/ros2_ws/install/gazesim/lib/python3.10/site-packages:${PYTHONPATH} /usr/bin/python3 -W ignore:setup.py install is deprecated setup.py egg_info --egg-base ../../build/gazesim build --build-base /home/petomartin/ros2_ws/build/gazesim/build install --record /home/petomartin/ros2_ws/build/gazesim/install.log --single-version-externally-managed install_data
