[6.870s] Invoking command in '/home/petomartin/ros2_ws/src/gazesim': PYTHONPATH=/home/petomartin/ros2_ws/build/gazesim/prefix_override:/usr/lib/python3/dist-packages/colcon_core/task/python/colcon_distutils_commands:/home/petomartin/ros2_ws/install/gazesim/lib/python3.10/site-packages:${PYTHONPATH} /usr/bin/python3 -W ignore:setup.py install is deprecated setup.py egg_info --egg-base ../../build/gazesim build --build-base /home/petomartin/ros2_ws/build/gazesim/build install --record /home/petomartin/ros2_ws/build/gazesim/install.log --single-version-externally-managed install_data
[8.229s] running egg_info
[8.254s] writing ../../build/gazesim/gazesim.egg-info/PKG-INFO
[8.254s] writing dependency_links to ../../build/gazesim/gazesim.egg-info/dependency_links.txt
[8.265s] writing entry points to ../../build/gazesim/gazesim.egg-info/entry_points.txt
[8.274s] writing requirements to ../../build/gazesim/gazesim.egg-info/requires.txt
[8.274s] writing top-level names to ../../build/gazesim/gazesim.egg-info/top_level.txt
[8.282s] reading manifest file '../../build/gazesim/gazesim.egg-info/SOURCES.txt'
[8.379s] writing manifest file '../../build/gazesim/gazesim.egg-info/SOURCES.txt'
[8.379s] running build
[8.379s] running build_py
[8.379s] copying gazesim/tervezo.py -> /home/petomartin/ros2_ws/build/gazesim/build/lib/gazesim
[8.396s] running install
[8.397s] running install_lib
[8.416s] copying /home/petomartin/ros2_ws/build/gazesim/build/lib/gazesim/tervezo.py -> /home/petomartin/ros2_ws/install/gazesim/lib/python3.10/site-packages/gazesim
[8.428s] byte-compiling /home/petomartin/ros2_ws/install/gazesim/lib/python3.10/site-packages/gazesim/tervezo.py to tervezo.cpython-310.pyc
[8.440s] running install_data
[8.440s] running install_egg_info
[8.458s] removing '/home/petomartin/ros2_ws/install/gazesim/lib/python3.10/site-packages/gazesim-0.0.0-py3.10.egg-info' (and everything under it)
[8.458s] Copying ../../build/gazesim/gazesim.egg-info to /home/petomartin/ros2_ws/install/gazesim/lib/python3.10/site-packages/gazesim-0.0.0-py3.10.egg-info
[8.481s] running install_scripts
[8.600s] Installing sensor_handler_node script to /home/petomartin/ros2_ws/install/gazesim/lib/gazesim
[8.601s] Installing status_logger_node script to /home/petomartin/ros2_ws/install/gazesim/lib/gazesim
[8.601s] Installing teleop_node script to /home/petomartin/ros2_ws/install/gazesim/lib/gazesim
[8.602s] Installing tervezo script to /home/petomartin/ros2_ws/install/gazesim/lib/gazesim
[8.604s] writing list of installed files to '/home/petomartin/ros2_ws/build/gazesim/install.log'
[8.759s] Invoked command in '/home/petomartin/ros2_ws/src/gazesim' returned '0': PYTHONPATH=/home/petomartin/ros2_ws/build/gazesim/prefix_override:/usr/lib/python3/dist-packages/colcon_core/task/python/colcon_distutils_commands:/home/petomartin/ros2_ws/install/gazesim/lib/python3.10/site-packages:${PYTHONPATH} /usr/bin/python3 -W ignore:setup.py install is deprecated setup.py egg_info --egg-base ../../build/gazesim build --build-base /home/petomartin/ros2_ws/build/gazesim/build install --record /home/petomartin/ros2_ws/build/gazesim/install.log --single-version-externally-managed install_data
