[3.755s] Invoking command in '/home/petomartin/ros2_ws/src/gazesim': PYTHONPATH=/home/petomartin/ros2_ws/build/gazesim/prefix_override:/usr/lib/python3/dist-packages/colcon_core/task/python/colcon_distutils_commands:/home/petomartin/ros2_ws/install/gazesim/lib/python3.10/site-packages:${PYTHONPATH} /usr/bin/python3 -W ignore:setup.py install is deprecated setup.py egg_info --egg-base ../../build/gazesim build --build-base /home/petomartin/ros2_ws/build/gazesim/build install --record /home/petomartin/ros2_ws/build/gazesim/install.log --single-version-externally-managed install_data
[4.620s] running egg_info
[4.621s] writing ../../build/gazesim/gazesim.egg-info/PKG-INFO
[4.622s] writing dependency_links to ../../build/gazesim/gazesim.egg-info/dependency_links.txt
[4.622s] writing entry points to ../../build/gazesim/gazesim.egg-info/entry_points.txt
[4.623s] writing requirements to ../../build/gazesim/gazesim.egg-info/requires.txt
[4.623s] writing top-level names to ../../build/gazesim/gazesim.egg-info/top_level.txt
[4.630s] reading manifest file '../../build/gazesim/gazesim.egg-info/SOURCES.txt'
[4.630s] writing manifest file '../../build/gazesim/gazesim.egg-info/SOURCES.txt'
[4.631s] running build
[4.631s] running build_py
[4.631s] running install
[4.635s] running install_lib
[4.641s] running install_data
[4.641s] copying launch/vehicle_launch.py -> /home/petomartin/ros2_ws/install/gazesim/share/gazesim/launch
[4.641s] running install_egg_info
[4.648s] removing '/home/petomartin/ros2_ws/install/gazesim/lib/python3.10/site-packages/gazesim-0.0.0-py3.10.egg-info' (and everything under it)
[4.652s] Copying ../../build/gazesim/gazesim.egg-info to /home/petomartin/ros2_ws/install/gazesim/lib/python3.10/site-packages/gazesim-0.0.0-py3.10.egg-info
[4.654s] running install_scripts
[4.721s] Installing sensor_handler_node script to /home/petomartin/ros2_ws/install/gazesim/lib/gazesim
[4.721s] Installing status_logger_node script to /home/petomartin/ros2_ws/install/gazesim/lib/gazesim
[4.724s] Installing teleop_node script to /home/petomartin/ros2_ws/install/gazesim/lib/gazesim
[4.727s] writing list of installed files to '/home/petomartin/ros2_ws/build/gazesim/install.log'
[4.841s] Invoked command in '/home/petomartin/ros2_ws/src/gazesim' returned '0': PYTHONPATH=/home/petomartin/ros2_ws/build/gazesim/prefix_override:/usr/lib/python3/dist-packages/colcon_core/task/python/colcon_distutils_commands:/home/petomartin/ros2_ws/install/gazesim/lib/python3.10/site-packages:${PYTHONPATH} /usr/bin/python3 -W ignore:setup.py install is deprecated setup.py egg_info --egg-base ../../build/gazesim build --build-base /home/petomartin/ros2_ws/build/gazesim/build install --record /home/petomartin/ros2_ws/build/gazesim/install.log --single-version-externally-managed install_data
