[100%] Built target my_robot_node
-- Install configuration: ""
-- Up-to-date: /home/petomartin/ros2_ws/install/my_gazebo_package/lib/my_gazebo_package/my_robot_node
-- Up-to-date: /home/petomartin/ros2_ws/install/my_gazebo_package/share/ament_index/resource_index/package_run_dependencies/my_gazebo_package
-- Up-to-date: /home/petomartin/ros2_ws/install/my_gazebo_package/share/ament_index/resource_index/parent_prefix_path/my_gazebo_package
-- Up-to-date: /home/petomartin/ros2_ws/install/my_gazebo_package/share/my_gazebo_package/environment/ament_prefix_path.sh
-- Up-to-date: /home/petomartin/ros2_ws/install/my_gazebo_package/share/my_gazebo_package/environment/ament_prefix_path.dsv
-- Up-to-date: /home/petomartin/ros2_ws/install/my_gazebo_package/share/my_gazebo_package/environment/path.sh
-- Up-to-date: /home/petomartin/ros2_ws/install/my_gazebo_package/share/my_gazebo_package/environment/path.dsv
-- Up-to-date: /home/petomartin/ros2_ws/install/my_gazebo_package/share/my_gazebo_package/local_setup.bash
-- Up-to-date: /home/petomartin/ros2_ws/install/my_gazebo_package/share/my_gazebo_package/local_setup.sh
-- Up-to-date: /home/petomartin/ros2_ws/install/my_gazebo_package/share/my_gazebo_package/local_setup.zsh
-- Up-to-date: /home/petomartin/ros2_ws/install/my_gazebo_package/share/my_gazebo_package/local_setup.dsv
-- Installing: /home/petomartin/ros2_ws/install/my_gazebo_package/share/my_gazebo_package/package.dsv
-- Up-to-date: /home/petomartin/ros2_ws/install/my_gazebo_package/share/ament_index/resource_index/packages/my_gazebo_package
-- Up-to-date: /home/petomartin/ros2_ws/install/my_gazebo_package/share/my_gazebo_package/cmake/my_gazebo_packageConfig.cmake
-- Up-to-date: /home/petomartin/ros2_ws/install/my_gazebo_package/share/my_gazebo_package/cmake/my_gazebo_packageConfig-version.cmake
-- Up-to-date: /home/petomartin/ros2_ws/install/my_gazebo_package/share/my_gazebo_package/package.xml
-- Up-to-date: /home/petomartin/ros2_ws/install/my_gazebo_package/share/my_gazebo_package//launch
-- Up-to-date: /home/petomartin/ros2_ws/install/my_gazebo_package/share/my_gazebo_package//launch/my_gazebo_launch.py
-- Up-to-date: /home/petomartin/ros2_ws/install/my_gazebo_package/share/my_gazebo_package//world
-- Up-to-date: /home/petomartin/ros2_ws/install/my_gazebo_package/share/my_gazebo_package//world/my_world.world
