[1.082s] Invoking command in '/home/petomartin/ros2_ws/src/gazesim': PYTHONPATH=/home/petomartin/ros2_ws/build/gazesim/prefix_override:/usr/lib/python3/dist-packages/colcon_core/task/python/colcon_distutils_commands:/home/petomartin/ros2_ws/install/gazesim/lib/python3.10/site-packages:${PYTHONPATH} /usr/bin/python3 -W ignore:setup.py install is deprecated setup.py egg_info --egg-base ../../build/gazesim build --build-base /home/petomartin/ros2_ws/build/gazesim/build install --record /home/petomartin/ros2_ws/build/gazesim/install.log --single-version-externally-managed install_data
[1.281s] running egg_info
[1.281s] writing ../../build/gazesim/gazesim.egg-info/PKG-INFO
[1.283s] writing dependency_links to ../../build/gazesim/gazesim.egg-info/dependency_links.txt
[1.284s] writing entry points to ../../build/gazesim/gazesim.egg-info/entry_points.txt
[1.284s] writing requirements to ../../build/gazesim/gazesim.egg-info/requires.txt
[1.284s] writing top-level names to ../../build/gazesim/gazesim.egg-info/top_level.txt
[1.286s] reading manifest file '../../build/gazesim/gazesim.egg-info/SOURCES.txt'
[1.287s] writing manifest file '../../build/gazesim/gazesim.egg-info/SOURCES.txt'
[1.287s] running build
[1.287s] running build_py
[1.290s] running install
[1.290s] running install_lib
[1.292s] running install_data
[1.292s] copying launch/slam_world_launch.py -> /home/petomartin/ros2_ws/install/gazesim/share/gazesim/launch
[1.292s] running install_egg_info
[1.294s] removing '/home/petomartin/ros2_ws/install/gazesim/lib/python3.10/site-packages/gazesim-0.0.0-py3.10.egg-info' (and everything under it)
[1.295s] Copying ../../build/gazesim/gazesim.egg-info to /home/petomartin/ros2_ws/install/gazesim/lib/python3.10/site-packages/gazesim-0.0.0-py3.10.egg-info
[1.296s] running install_scripts
[1.314s] Installing sensor_handler_node script to /home/petomartin/ros2_ws/install/gazesim/lib/gazesim
[1.314s] Installing status_logger_node script to /home/petomartin/ros2_ws/install/gazesim/lib/gazesim
[1.314s] Installing teleop_node script to /home/petomartin/ros2_ws/install/gazesim/lib/gazesim
[1.314s] writing list of installed files to '/home/petomartin/ros2_ws/build/gazesim/install.log'
[1.344s] Invoked command in '/home/petomartin/ros2_ws/src/gazesim' returned '0': PYTHONPATH=/home/petomartin/ros2_ws/build/gazesim/prefix_override:/usr/lib/python3/dist-packages/colcon_core/task/python/colcon_distutils_commands:/home/petomartin/ros2_ws/install/gazesim/lib/python3.10/site-packages:${PYTHONPATH} /usr/bin/python3 -W ignore:setup.py install is deprecated setup.py egg_info --egg-base ../../build/gazesim build --build-base /home/petomartin/ros2_ws/build/gazesim/build install --record /home/petomartin/ros2_ws/build/gazesim/install.log --single-version-externally-managed install_data
