[1.678s] Invoking command in '/home/petomartin/ros2_ws/src/gazesim': PYTHONPATH=/home/petomartin/ros2_ws/build/gazesim/prefix_override:/usr/lib/python3/dist-packages/colcon_core/task/python/colcon_distutils_commands:/home/petomartin/ros2_ws/install/gazesim/lib/python3.10/site-packages:${PYTHONPATH} /usr/bin/python3 -W ignore:setup.py install is deprecated setup.py egg_info --egg-base ../../build/gazesim build --build-base /home/petomartin/ros2_ws/build/gazesim/build install --record /home/petomartin/ros2_ws/build/gazesim/install.log --single-version-externally-managed install_data
[2.099s] running egg_info
[2.100s] writing ../../build/gazesim/gazesim.egg-info/PKG-INFO
[2.101s] writing dependency_links to ../../build/gazesim/gazesim.egg-info/dependency_links.txt
[2.101s] writing entry points to ../../build/gazesim/gazesim.egg-info/entry_points.txt
[2.101s] writing requirements to ../../build/gazesim/gazesim.egg-info/requires.txt
[2.102s] writing top-level names to ../../build/gazesim/gazesim.egg-info/top_level.txt
[2.106s] reading manifest file '../../build/gazesim/gazesim.egg-info/SOURCES.txt'
[2.108s] writing manifest file '../../build/gazesim/gazesim.egg-info/SOURCES.txt'
[2.109s] running build
[2.109s] running build_py
[2.109s] copying gazesim/teleop_node.py -> /home/petomartin/ros2_ws/build/gazesim/build/lib/gazesim
[2.110s] running install
[2.112s] running install_lib
[2.115s] copying /home/petomartin/ros2_ws/build/gazesim/build/lib/gazesim/teleop_node.py -> /home/petomartin/ros2_ws/install/gazesim/lib/python3.10/site-packages/gazesim
[2.115s] byte-compiling /home/petomartin/ros2_ws/install/gazesim/lib/python3.10/site-packages/gazesim/teleop_node.py to teleop_node.cpython-310.pyc
[2.117s] running install_data
[2.117s] running install_egg_info
[2.121s] removing '/home/petomartin/ros2_ws/install/gazesim/lib/python3.10/site-packages/gazesim-0.0.0-py3.10.egg-info' (and everything under it)
[2.122s] Copying ../../build/gazesim/gazesim.egg-info to /home/petomartin/ros2_ws/install/gazesim/lib/python3.10/site-packages/gazesim-0.0.0-py3.10.egg-info
[2.123s] running install_scripts
[2.160s] Installing sensor_handler_node script to /home/petomartin/ros2_ws/install/gazesim/lib/gazesim
[2.160s] Installing status_logger_node script to /home/petomartin/ros2_ws/install/gazesim/lib/gazesim
[2.160s] Installing teleop_node script to /home/petomartin/ros2_ws/install/gazesim/lib/gazesim
[2.161s] writing list of installed files to '/home/petomartin/ros2_ws/build/gazesim/install.log'
[2.217s] Invoked command in '/home/petomartin/ros2_ws/src/gazesim' returned '0': PYTHONPATH=/home/petomartin/ros2_ws/build/gazesim/prefix_override:/usr/lib/python3/dist-packages/colcon_core/task/python/colcon_distutils_commands:/home/petomartin/ros2_ws/install/gazesim/lib/python3.10/site-packages:${PYTHONPATH} /usr/bin/python3 -W ignore:setup.py install is deprecated setup.py egg_info --egg-base ../../build/gazesim build --build-base /home/petomartin/ros2_ws/build/gazesim/build install --record /home/petomartin/ros2_ws/build/gazesim/install.log --single-version-externally-managed install_data
