[2.520s] Invoking command in '/home/petomartin/ros2_ws/src/gazesim': PYTHONPATH=/home/petomartin/ros2_ws/build/gazesim/prefix_override:/usr/lib/python3/dist-packages/colcon_core/task/python/colcon_distutils_commands:/home/petomartin/ros2_ws/install/gazesim/lib/python3.10/site-packages:${PYTHONPATH} /usr/bin/python3 -W ignore:setup.py install is deprecated setup.py egg_info --egg-base ../../build/gazesim build --build-base /home/petomartin/ros2_ws/build/gazesim/build install --record /home/petomartin/ros2_ws/build/gazesim/install.log --single-version-externally-managed install_data
[3.149s] running egg_info
[3.151s] writing ../../build/gazesim/gazesim.egg-info/PKG-INFO
[3.152s] writing dependency_links to ../../build/gazesim/gazesim.egg-info/dependency_links.txt
[3.152s] writing entry points to ../../build/gazesim/gazesim.egg-info/entry_points.txt
[3.153s] writing requirements to ../../build/gazesim/gazesim.egg-info/requires.txt
[3.153s] writing top-level names to ../../build/gazesim/gazesim.egg-info/top_level.txt
[3.158s] reading manifest file '../../build/gazesim/gazesim.egg-info/SOURCES.txt'
[3.162s] writing manifest file '../../build/gazesim/gazesim.egg-info/SOURCES.txt'
[3.162s] running build
[3.163s] running build_py
[3.164s] running install
[3.165s] running install_lib
[3.168s] running install_data
[3.169s] creating /home/petomartin/ros2_ws/install/gazesim/share/gazesim/config
[3.172s] copying config/my_robot_cartographer.lua -> /home/petomartin/ros2_ws/install/gazesim/share/gazesim/config
[3.173s] running install_egg_info
[3.179s] removing '/home/petomartin/ros2_ws/install/gazesim/lib/python3.10/site-packages/gazesim-0.0.0-py3.10.egg-info' (and everything under it)
[3.180s] Copying ../../build/gazesim/gazesim.egg-info to /home/petomartin/ros2_ws/install/gazesim/lib/python3.10/site-packages/gazesim-0.0.0-py3.10.egg-info
[3.182s] running install_scripts
[3.237s] Installing sensor_handler_node script to /home/petomartin/ros2_ws/install/gazesim/lib/gazesim
[3.238s] Installing status_logger_node script to /home/petomartin/ros2_ws/install/gazesim/lib/gazesim
[3.239s] Installing teleop_node script to /home/petomartin/ros2_ws/install/gazesim/lib/gazesim
[3.240s] writing list of installed files to '/home/petomartin/ros2_ws/build/gazesim/install.log'
[3.306s] Invoked command in '/home/petomartin/ros2_ws/src/gazesim' returned '0': PYTHONPATH=/home/petomartin/ros2_ws/build/gazesim/prefix_override:/usr/lib/python3/dist-packages/colcon_core/task/python/colcon_distutils_commands:/home/petomartin/ros2_ws/install/gazesim/lib/python3.10/site-packages:${PYTHONPATH} /usr/bin/python3 -W ignore:setup.py install is deprecated setup.py egg_info --egg-base ../../build/gazesim build --build-base /home/petomartin/ros2_ws/build/gazesim/build install --record /home/petomartin/ros2_ws/build/gazesim/install.log --single-version-externally-managed install_data
