[1.619s] Invoking command in '/home/petomartin/ros2_ws/build/my_gazebo_package': CMAKE_PREFIX_PATH=${CMAKE_PREFIX_PATH}:/home/petomartin/ros2_ws/install/my_robot_controller:/home/petomartin/ros2_ws/install/gazesim:/home/petomartin/install/my_robot_controller:/home/petomartin/install/ament_cmake_core:/opt/ros/humble /usr/bin/cmake --build /home/petomartin/ros2_ws/build/my_gazebo_package -- -j8 -l8
[3.137s] [100%] Built target my_robot_node
[3.169s] Invoked command in '/home/petomartin/ros2_ws/build/my_gazebo_package' returned '0': CMAKE_PREFIX_PATH=${CMAKE_PREFIX_PATH}:/home/petomartin/ros2_ws/install/my_robot_controller:/home/petomartin/ros2_ws/install/gazesim:/home/petomartin/install/my_robot_controller:/home/petomartin/install/ament_cmake_core:/opt/ros/humble /usr/bin/cmake --build /home/petomartin/ros2_ws/build/my_gazebo_package -- -j8 -l8
[3.388s] Invoking command in '/home/petomartin/ros2_ws/build/my_gazebo_package': CMAKE_PREFIX_PATH=${CMAKE_PREFIX_PATH}:/home/petomartin/ros2_ws/install/my_robot_controller:/home/petomartin/ros2_ws/install/gazesim:/home/petomartin/install/my_robot_controller:/home/petomartin/install/ament_cmake_core:/opt/ros/humble /usr/bin/cmake --install /home/petomartin/ros2_ws/build/my_gazebo_package
[3.447s] -- Install configuration: ""
[3.448s] -- Up-to-date: /home/petomartin/ros2_ws/install/my_gazebo_package/lib/my_gazebo_package/my_robot_node
[3.449s] -- Up-to-date: /home/petomartin/ros2_ws/install/my_gazebo_package/share/ament_index/resource_index/package_run_dependencies/my_gazebo_package
[3.452s] -- Up-to-date: /home/petomartin/ros2_ws/install/my_gazebo_package/share/ament_index/resource_index/parent_prefix_path/my_gazebo_package
[3.453s] -- Up-to-date: /home/petomartin/ros2_ws/install/my_gazebo_package/share/my_gazebo_package/environment/ament_prefix_path.sh
[3.453s] -- Up-to-date: /home/petomartin/ros2_ws/install/my_gazebo_package/share/my_gazebo_package/environment/ament_prefix_path.dsv
[3.454s] -- Up-to-date: /home/petomartin/ros2_ws/install/my_gazebo_package/share/my_gazebo_package/environment/path.sh
[3.454s] -- Up-to-date: /home/petomartin/ros2_ws/install/my_gazebo_package/share/my_gazebo_package/environment/path.dsv
[3.454s] -- Up-to-date: /home/petomartin/ros2_ws/install/my_gazebo_package/share/my_gazebo_package/local_setup.bash
[3.455s] -- Up-to-date: /home/petomartin/ros2_ws/install/my_gazebo_package/share/my_gazebo_package/local_setup.sh
[3.456s] -- Up-to-date: /home/petomartin/ros2_ws/install/my_gazebo_package/share/my_gazebo_package/local_setup.zsh
[3.457s] -- Up-to-date: /home/petomartin/ros2_ws/install/my_gazebo_package/share/my_gazebo_package/local_setup.dsv
[3.457s] -- Installing: /home/petomartin/ros2_ws/install/my_gazebo_package/share/my_gazebo_package/package.dsv
[3.458s] -- Up-to-date: /home/petomartin/ros2_ws/install/my_gazebo_package/share/ament_index/resource_index/packages/my_gazebo_package
[3.458s] -- Up-to-date: /home/petomartin/ros2_ws/install/my_gazebo_package/share/my_gazebo_package/cmake/my_gazebo_packageConfig.cmake
[3.458s] -- Up-to-date: /home/petomartin/ros2_ws/install/my_gazebo_package/share/my_gazebo_package/cmake/my_gazebo_packageConfig-version.cmake
[3.459s] -- Up-to-date: /home/petomartin/ros2_ws/install/my_gazebo_package/share/my_gazebo_package/package.xml
[3.459s] -- Up-to-date: /home/petomartin/ros2_ws/install/my_gazebo_package/share/my_gazebo_package//launch
[3.460s] -- Up-to-date: /home/petomartin/ros2_ws/install/my_gazebo_package/share/my_gazebo_package//launch/my_gazebo_launch.py
[3.460s] -- Up-to-date: /home/petomartin/ros2_ws/install/my_gazebo_package/share/my_gazebo_package//world
[3.460s] -- Up-to-date: /home/petomartin/ros2_ws/install/my_gazebo_package/share/my_gazebo_package//world/my_world.world
[3.543s] Invoked command in '/home/petomartin/ros2_ws/build/my_gazebo_package' returned '0': CMAKE_PREFIX_PATH=${CMAKE_PREFIX_PATH}:/home/petomartin/ros2_ws/install/my_robot_controller:/home/petomartin/ros2_ws/install/gazesim:/home/petomartin/install/my_robot_controller:/home/petomartin/install/ament_cmake_core:/opt/ros/humble /usr/bin/cmake --install /home/petomartin/ros2_ws/build/my_gazebo_package
