[5.555s] Invoking command in '/home/petomartin/ros2_ws/src/gazesim': PYTHONPATH=/home/petomartin/ros2_ws/build/gazesim/prefix_override:/usr/lib/python3/dist-packages/colcon_core/task/python/colcon_distutils_commands:/home/petomartin/ros2_ws/install/gazesim/lib/python3.10/site-packages:${PYTHONPATH} /usr/bin/python3 -W ignore:setup.py install is deprecated setup.py egg_info --egg-base ../../build/gazesim build --build-base /home/petomartin/ros2_ws/build/gazesim/build install --record /home/petomartin/ros2_ws/build/gazesim/install.log --single-version-externally-managed install_data
[7.229s] running egg_info
[7.254s] writing ../../build/gazesim/gazesim.egg-info/PKG-INFO
[7.254s] writing dependency_links to ../../build/gazesim/gazesim.egg-info/dependency_links.txt
[7.254s] writing entry points to ../../build/gazesim/gazesim.egg-info/entry_points.txt
[7.255s] writing requirements to ../../build/gazesim/gazesim.egg-info/requires.txt
[7.255s] writing top-level names to ../../build/gazesim/gazesim.egg-info/top_level.txt
[7.258s] reading manifest file '../../build/gazesim/gazesim.egg-info/SOURCES.txt'
[7.269s] writing manifest file '../../build/gazesim/gazesim.egg-info/SOURCES.txt'
[7.269s] running build
[7.270s] running build_py
[7.271s] copying gazesim/tervezo.py -> /home/petomartin/ros2_ws/build/gazesim/build/lib/gazesim
[7.274s] running install
[7.275s] running install_lib
[7.286s] copying /home/petomartin/ros2_ws/build/gazesim/build/lib/gazesim/tervezo.py -> /home/petomartin/ros2_ws/install/gazesim/lib/python3.10/site-packages/gazesim
[7.291s] byte-compiling /home/petomartin/ros2_ws/install/gazesim/lib/python3.10/site-packages/gazesim/tervezo.py to tervezo.cpython-310.pyc
[7.298s] running install_data
[7.305s] running install_egg_info
[7.314s] removing '/home/petomartin/ros2_ws/install/gazesim/lib/python3.10/site-packages/gazesim-0.0.0-py3.10.egg-info' (and everything under it)
[7.324s] Copying ../../build/gazesim/gazesim.egg-info to /home/petomartin/ros2_ws/install/gazesim/lib/python3.10/site-packages/gazesim-0.0.0-py3.10.egg-info
[7.327s] running install_scripts
[7.473s] Installing plan_subscriber script to /home/petomartin/ros2_ws/install/gazesim/lib/gazesim
[7.473s] Installing sensor_handler_node script to /home/petomartin/ros2_ws/install/gazesim/lib/gazesim
[7.474s] Installing status_logger_node script to /home/petomartin/ros2_ws/install/gazesim/lib/gazesim
[7.475s] Installing teleop_node script to /home/petomartin/ros2_ws/install/gazesim/lib/gazesim
[7.477s] writing list of installed files to '/home/petomartin/ros2_ws/build/gazesim/install.log'
[7.601s] Invoked command in '/home/petomartin/ros2_ws/src/gazesim' returned '0': PYTHONPATH=/home/petomartin/ros2_ws/build/gazesim/prefix_override:/usr/lib/python3/dist-packages/colcon_core/task/python/colcon_distutils_commands:/home/petomartin/ros2_ws/install/gazesim/lib/python3.10/site-packages:${PYTHONPATH} /usr/bin/python3 -W ignore:setup.py install is deprecated setup.py egg_info --egg-base ../../build/gazesim build --build-base /home/petomartin/ros2_ws/build/gazesim/build install --record /home/petomartin/ros2_ws/build/gazesim/install.log --single-version-externally-managed install_data
