[0.972s] Invoking command in '/home/petomartin/ros2_ws/src/gazesim': PYTHONPATH=/home/petomartin/ros2_ws/build/gazesim/prefix_override:/usr/lib/python3/dist-packages/colcon_core/task/python/colcon_distutils_commands:/home/petomartin/ros2_ws/install/gazesim/lib/python3.10/site-packages:${PYTHONPATH} /usr/bin/python3 -W ignore:setup.py install is deprecated setup.py egg_info --egg-base ../../build/gazesim build --build-base /home/petomartin/ros2_ws/build/gazesim/build install --record /home/petomartin/ros2_ws/build/gazesim/install.log --single-version-externally-managed install_data
[1.316s] running egg_info
[1.317s] writing ../../build/gazesim/gazesim.egg-info/PKG-INFO
[1.318s] writing dependency_links to ../../build/gazesim/gazesim.egg-info/dependency_links.txt
[1.318s] writing entry points to ../../build/gazesim/gazesim.egg-info/entry_points.txt
[1.318s] writing requirements to ../../build/gazesim/gazesim.egg-info/requires.txt
[1.319s] writing top-level names to ../../build/gazesim/gazesim.egg-info/top_level.txt
[1.322s] reading manifest file '../../build/gazesim/gazesim.egg-info/SOURCES.txt'
[1.324s] writing manifest file '../../build/gazesim/gazesim.egg-info/SOURCES.txt'
[1.324s] running build
[1.324s] running build_py
[1.325s] running install
[1.325s] running install_lib
[1.327s] running install_data
[1.328s] copying launch/display.launch.py -> /home/petomartin/ros2_ws/install/gazesim/share/gazesim/launch
[1.328s] running install_egg_info
[1.330s] removing '/home/petomartin/ros2_ws/install/gazesim/lib/python3.10/site-packages/gazesim-0.0.0-py3.10.egg-info' (and everything under it)
[1.330s] Copying ../../build/gazesim/gazesim.egg-info to /home/petomartin/ros2_ws/install/gazesim/lib/python3.10/site-packages/gazesim-0.0.0-py3.10.egg-info
[1.332s] running install_scripts
[1.367s] Installing sensor_handler_node script to /home/petomartin/ros2_ws/install/gazesim/lib/gazesim
[1.367s] Installing status_logger_node script to /home/petomartin/ros2_ws/install/gazesim/lib/gazesim
[1.367s] Installing teleop_node script to /home/petomartin/ros2_ws/install/gazesim/lib/gazesim
[1.368s] writing list of installed files to '/home/petomartin/ros2_ws/build/gazesim/install.log'
[1.409s] Invoked command in '/home/petomartin/ros2_ws/src/gazesim' returned '0': PYTHONPATH=/home/petomartin/ros2_ws/build/gazesim/prefix_override:/usr/lib/python3/dist-packages/colcon_core/task/python/colcon_distutils_commands:/home/petomartin/ros2_ws/install/gazesim/lib/python3.10/site-packages:${PYTHONPATH} /usr/bin/python3 -W ignore:setup.py install is deprecated setup.py egg_info --egg-base ../../build/gazesim build --build-base /home/petomartin/ros2_ws/build/gazesim/build install --record /home/petomartin/ros2_ws/build/gazesim/install.log --single-version-externally-managed install_data
