running egg_info
creating ../../build/gazesim/gazesim.egg-info
writing ../../build/gazesim/gazesim.egg-info/PKG-INFO
writing dependency_links to ../../build/gazesim/gazesim.egg-info/dependency_links.txt
writing entry points to ../../build/gazesim/gazesim.egg-info/entry_points.txt
writing requirements to ../../build/gazesim/gazesim.egg-info/requires.txt
writing top-level names to ../../build/gazesim/gazesim.egg-info/top_level.txt
writing manifest file '../../build/gazesim/gazesim.egg-info/SOURCES.txt'
reading manifest file '../../build/gazesim/gazesim.egg-info/SOURCES.txt'
writing manifest file '../../build/gazesim/gazesim.egg-info/SOURCES.txt'
running build
running build_py
creating /home/petomartin/ros2_ws/build/gazesim/build
creating /home/petomartin/ros2_ws/build/gazesim/build/lib
creating /home/petomartin/ros2_ws/build/gazesim/build/lib/gazesim
copying gazesim/status_logger_node.py -> /home/petomartin/ros2_ws/build/gazesim/build/lib/gazesim
copying gazesim/__init__.py -> /home/petomartin/ros2_ws/build/gazesim/build/lib/gazesim
copying gazesim/keyboard_controller.py -> /home/petomartin/ros2_ws/build/gazesim/build/lib/gazesim
copying gazesim/sensor_handler_node.py -> /home/petomartin/ros2_ws/build/gazesim/build/lib/gazesim
copying gazesim/path_planning_node.py -> /home/petomartin/ros2_ws/build/gazesim/build/lib/gazesim
running install
running install_lib
creating /home/petomartin/ros2_ws/install/gazesim/lib/python3.10/site-packages/gazesim
copying /home/petomartin/ros2_ws/build/gazesim/build/lib/gazesim/status_logger_node.py -> /home/petomartin/ros2_ws/install/gazesim/lib/python3.10/site-packages/gazesim
copying /home/petomartin/ros2_ws/build/gazesim/build/lib/gazesim/__init__.py -> /home/petomartin/ros2_ws/install/gazesim/lib/python3.10/site-packages/gazesim
copying /home/petomartin/ros2_ws/build/gazesim/build/lib/gazesim/keyboard_controller.py -> /home/petomartin/ros2_ws/install/gazesim/lib/python3.10/site-packages/gazesim
copying /home/petomartin/ros2_ws/build/gazesim/build/lib/gazesim/sensor_handler_node.py -> /home/petomartin/ros2_ws/install/gazesim/lib/python3.10/site-packages/gazesim
copying /home/petomartin/ros2_ws/build/gazesim/build/lib/gazesim/path_planning_node.py -> /home/petomartin/ros2_ws/install/gazesim/lib/python3.10/site-packages/gazesim
byte-compiling /home/petomartin/ros2_ws/install/gazesim/lib/python3.10/site-packages/gazesim/status_logger_node.py to status_logger_node.cpython-310.pyc
byte-compiling /home/petomartin/ros2_ws/install/gazesim/lib/python3.10/site-packages/gazesim/__init__.py to __init__.cpython-310.pyc
byte-compiling /home/petomartin/ros2_ws/install/gazesim/lib/python3.10/site-packages/gazesim/keyboard_controller.py to keyboard_controller.cpython-310.pyc
byte-compiling /home/petomartin/ros2_ws/install/gazesim/lib/python3.10/site-packages/gazesim/sensor_handler_node.py to sensor_handler_node.cpython-310.pyc
byte-compiling /home/petomartin/ros2_ws/install/gazesim/lib/python3.10/site-packages/gazesim/path_planning_node.py to path_planning_node.cpython-310.pyc
running install_data
creating /home/petomartin/ros2_ws/install/gazesim/share/ament_index
creating /home/petomartin/ros2_ws/install/gazesim/share/ament_index/resource_index
creating /home/petomartin/ros2_ws/install/gazesim/share/ament_index/resource_index/packages
copying resource/gazesim -> /home/petomartin/ros2_ws/install/gazesim/share/ament_index/resource_index/packages
copying package.xml -> /home/petomartin/ros2_ws/install/gazesim/share/gazesim
creating /home/petomartin/ros2_ws/install/gazesim/share/gazesim/launch
copying launch/gazesim_launch.py -> /home/petomartin/ros2_ws/install/gazesim/share/gazesim/launch
copying launch/display.launch.py -> /home/petomartin/ros2_ws/install/gazesim/share/gazesim/launch
copying launch/vehicle_launch.py -> /home/petomartin/ros2_ws/install/gazesim/share/gazesim/launch
running install_egg_info
Copying ../../build/gazesim/gazesim.egg-info to /home/petomartin/ros2_ws/install/gazesim/lib/python3.10/site-packages/gazesim-0.0.0-py3.10.egg-info
running install_scripts
Installing sensor_handler_node script to /home/petomartin/ros2_ws/install/gazesim/lib/gazesim
Installing status_logger_node script to /home/petomartin/ros2_ws/install/gazesim/lib/gazesim
writing list of installed files to '/home/petomartin/ros2_ws/build/gazesim/install.log'
