[0.971s] Invoking command in '/home/petomartin/ros2_ws/src/my_robot_controller': PYTHONPATH=/home/petomartin/ros2_ws/build/my_robot_controller/prefix_override:/usr/lib/python3/dist-packages/colcon_core/task/python/colcon_distutils_commands:/home/petomartin/ros2_ws/install/my_robot_controller/lib/python3.10/site-packages:${PYTHONPATH} /usr/bin/python3 -W ignore:setup.py install is deprecated setup.py egg_info --egg-base ../../build/my_robot_controller build --build-base /home/petomartin/ros2_ws/build/my_robot_controller/build install --record /home/petomartin/ros2_ws/build/my_robot_controller/install.log --single-version-externally-managed install_data
[1.315s] running egg_info
[1.316s] writing ../../build/my_robot_controller/my_robot_controller.egg-info/PKG-INFO
[1.317s] writing dependency_links to ../../build/my_robot_controller/my_robot_controller.egg-info/dependency_links.txt
[1.317s] writing entry points to ../../build/my_robot_controller/my_robot_controller.egg-info/entry_points.txt
[1.317s] writing requirements to ../../build/my_robot_controller/my_robot_controller.egg-info/requires.txt
[1.317s] writing top-level names to ../../build/my_robot_controller/my_robot_controller.egg-info/top_level.txt
[1.320s] reading manifest file '../../build/my_robot_controller/my_robot_controller.egg-info/SOURCES.txt'
[1.321s] writing manifest file '../../build/my_robot_controller/my_robot_controller.egg-info/SOURCES.txt'
[1.321s] running build
[1.321s] running build_py
[1.321s] running install
[1.322s] running install_lib
[1.324s] running install_data
[1.325s] running install_egg_info
[1.327s] removing '/home/petomartin/ros2_ws/install/my_robot_controller/lib/python3.10/site-packages/my_robot_controller-0.0.0-py3.10.egg-info' (and everything under it)
[1.328s] Copying ../../build/my_robot_controller/my_robot_controller.egg-info to /home/petomartin/ros2_ws/install/my_robot_controller/lib/python3.10/site-packages/my_robot_controller-0.0.0-py3.10.egg-info
[1.329s] running install_scripts
[1.359s] Installing draw_circle script to /home/petomartin/ros2_ws/install/my_robot_controller/lib/my_robot_controller
[1.359s] Installing pose_subscriber script to /home/petomartin/ros2_ws/install/my_robot_controller/lib/my_robot_controller
[1.360s] Installing test_node script to /home/petomartin/ros2_ws/install/my_robot_controller/lib/my_robot_controller
[1.361s] Installing turtle_controller script to /home/petomartin/ros2_ws/install/my_robot_controller/lib/my_robot_controller
[1.361s] writing list of installed files to '/home/petomartin/ros2_ws/build/my_robot_controller/install.log'
[1.403s] Invoked command in '/home/petomartin/ros2_ws/src/my_robot_controller' returned '0': PYTHONPATH=/home/petomartin/ros2_ws/build/my_robot_controller/prefix_override:/usr/lib/python3/dist-packages/colcon_core/task/python/colcon_distutils_commands:/home/petomartin/ros2_ws/install/my_robot_controller/lib/python3.10/site-packages:${PYTHONPATH} /usr/bin/python3 -W ignore:setup.py install is deprecated setup.py egg_info --egg-base ../../build/my_robot_controller build --build-base /home/petomartin/ros2_ws/build/my_robot_controller/build install --record /home/petomartin/ros2_ws/build/my_robot_controller/install.log --single-version-externally-managed install_data
