[0.420s] DEBUG:colcon:Command line arguments: ['/usr/bin/colcon', 'build']
[0.420s] DEBUG:colcon:Parsed command line arguments: Namespace(log_base=None, log_level=None, verb_name='build', build_base='build', install_base='install', merge_install=False, symlink_install=False, test_result_base=None, continue_on_error=False, executor='parallel', parallel_workers=8, event_handlers=None, ignore_user_meta=False, metas=['./colcon.meta'], base_paths=['.'], packages_ignore=None, packages_ignore_regex=None, paths=None, packages_up_to=None, packages_up_to_regex=None, packages_above=None, packages_above_and_dependencies=None, packages_above_depth=None, packages_select_by_dep=None, packages_skip_by_dep=None, packages_skip_up_to=None, packages_select_build_failed=False, packages_skip_build_finished=False, packages_select_test_failures=False, packages_skip_test_passed=False, packages_select=None, packages_skip=None, packages_select_regex=None, packages_skip_regex=None, packages_start=None, packages_end=None, allow_overriding=[], cmake_args=None, cmake_target=None, cmake_target_skip_unavailable=False, cmake_clean_cache=False, cmake_clean_first=False, cmake_force_configure=False, ament_cmake_args=None, catkin_cmake_args=None, catkin_skip_building_tests=False, mixin_files=None, mixin=None, verb_parser=<colcon_mixin.mixin.mixin_argument.MixinArgumentDecorator object at 0x7f257be8b850>, verb_extension=<colcon_core.verb.build.BuildVerb object at 0x7f257be8b370>, main=<bound method BuildVerb.main of <colcon_core.verb.build.BuildVerb object at 0x7f257be8b370>>, mixin_verb=('build',))
[0.731s] Level 1:colcon.colcon_core.package_discovery:discover_packages(colcon_meta) check parameters
[0.731s] Level 1:colcon.colcon_core.package_discovery:discover_packages(recursive) check parameters
[0.731s] Level 1:colcon.colcon_core.package_discovery:discover_packages(ignore) check parameters
[0.731s] Level 1:colcon.colcon_core.package_discovery:discover_packages(path) check parameters
[0.731s] Level 1:colcon.colcon_core.package_discovery:discover_packages(colcon_meta) discover
[0.731s] Level 1:colcon.colcon_core.package_discovery:discover_packages(recursive) discover
[0.732s] INFO:colcon.colcon_core.package_discovery:Crawling recursively for packages in '/home/petomartin/ros2_ws'
[0.732s] Level 1:colcon.colcon_core.package_identification:_identify(.) by extensions ['ignore', 'ignore_ament_install']
[0.732s] Level 1:colcon.colcon_core.package_identification:_identify(.) by extension 'ignore'
[0.732s] Level 1:colcon.colcon_core.package_identification:_identify(.) by extension 'ignore_ament_install'
[0.732s] Level 1:colcon.colcon_core.package_identification:_identify(.) by extensions ['colcon_pkg']
[0.732s] Level 1:colcon.colcon_core.package_identification:_identify(.) by extension 'colcon_pkg'
[0.732s] Level 1:colcon.colcon_core.package_identification:_identify(.) by extensions ['colcon_meta']
[0.732s] Level 1:colcon.colcon_core.package_identification:_identify(.) by extension 'colcon_meta'
[0.732s] Level 1:colcon.colcon_core.package_identification:_identify(.) by extensions ['ros']
[0.732s] Level 1:colcon.colcon_core.package_identification:_identify(.) by extension 'ros'
[0.747s] Level 1:colcon.colcon_core.package_identification:_identify(.) by extensions ['cmake', 'python']
[0.747s] Level 1:colcon.colcon_core.package_identification:_identify(.) by extension 'cmake'
[0.747s] Level 1:colcon.colcon_core.package_identification:_identify(.) by extension 'python'
[0.747s] Level 1:colcon.colcon_core.package_identification:_identify(.) by extensions ['python_setup_py']
[0.747s] Level 1:colcon.colcon_core.package_identification:_identify(.) by extension 'python_setup_py'
[0.747s] Level 1:colcon.colcon_core.package_identification:_identify(build) by extensions ['ignore', 'ignore_ament_install']
[0.747s] Level 1:colcon.colcon_core.package_identification:_identify(build) by extension 'ignore'
[0.747s] Level 1:colcon.colcon_core.package_identification:_identify(build) ignored
[0.748s] Level 1:colcon.colcon_core.package_identification:_identify(install) by extensions ['ignore', 'ignore_ament_install']
[0.748s] Level 1:colcon.colcon_core.package_identification:_identify(install) by extension 'ignore'
[0.748s] Level 1:colcon.colcon_core.package_identification:_identify(install) ignored
[0.748s] Level 1:colcon.colcon_core.package_identification:_identify(log) by extensions ['ignore', 'ignore_ament_install']
[0.748s] Level 1:colcon.colcon_core.package_identification:_identify(log) by extension 'ignore'
[0.748s] Level 1:colcon.colcon_core.package_identification:_identify(log) ignored
[0.748s] Level 1:colcon.colcon_core.package_identification:_identify(src) by extensions ['ignore', 'ignore_ament_install']
[0.748s] Level 1:colcon.colcon_core.package_identification:_identify(src) by extension 'ignore'
[0.748s] Level 1:colcon.colcon_core.package_identification:_identify(src) by extension 'ignore_ament_install'
[0.748s] Level 1:colcon.colcon_core.package_identification:_identify(src) by extensions ['colcon_pkg']
[0.748s] Level 1:colcon.colcon_core.package_identification:_identify(src) by extension 'colcon_pkg'
[0.748s] Level 1:colcon.colcon_core.package_identification:_identify(src) by extensions ['colcon_meta']
[0.748s] Level 1:colcon.colcon_core.package_identification:_identify(src) by extension 'colcon_meta'
[0.748s] Level 1:colcon.colcon_core.package_identification:_identify(src) by extensions ['ros']
[0.748s] Level 1:colcon.colcon_core.package_identification:_identify(src) by extension 'ros'
[0.748s] Level 1:colcon.colcon_core.package_identification:_identify(src) by extensions ['cmake', 'python']
[0.748s] Level 1:colcon.colcon_core.package_identification:_identify(src) by extension 'cmake'
[0.748s] Level 1:colcon.colcon_core.package_identification:_identify(src) by extension 'python'
[0.748s] Level 1:colcon.colcon_core.package_identification:_identify(src) by extensions ['python_setup_py']
[0.748s] Level 1:colcon.colcon_core.package_identification:_identify(src) by extension 'python_setup_py'
[0.748s] Level 1:colcon.colcon_core.package_identification:_identify(src/gazesim) by extensions ['ignore', 'ignore_ament_install']
[0.748s] Level 1:colcon.colcon_core.package_identification:_identify(src/gazesim) by extension 'ignore'
[0.748s] Level 1:colcon.colcon_core.package_identification:_identify(src/gazesim) by extension 'ignore_ament_install'
[0.748s] Level 1:colcon.colcon_core.package_identification:_identify(src/gazesim) by extensions ['colcon_pkg']
[0.748s] Level 1:colcon.colcon_core.package_identification:_identify(src/gazesim) by extension 'colcon_pkg'
[0.748s] Level 1:colcon.colcon_core.package_identification:_identify(src/gazesim) by extensions ['colcon_meta']
[0.748s] Level 1:colcon.colcon_core.package_identification:_identify(src/gazesim) by extension 'colcon_meta'
[0.748s] Level 1:colcon.colcon_core.package_identification:_identify(src/gazesim) by extensions ['ros']
[0.748s] Level 1:colcon.colcon_core.package_identification:_identify(src/gazesim) by extension 'ros'
[0.753s] DEBUG:colcon.colcon_core.package_identification:Package 'src/gazesim' with type 'ros.ament_python' and name 'gazesim'
[0.754s] Level 1:colcon.colcon_core.package_identification:_identify(src/my_gazebo_package) by extensions ['ignore', 'ignore_ament_install']
[0.754s] Level 1:colcon.colcon_core.package_identification:_identify(src/my_gazebo_package) by extension 'ignore'
[0.754s] Level 1:colcon.colcon_core.package_identification:_identify(src/my_gazebo_package) by extension 'ignore_ament_install'
[0.754s] Level 1:colcon.colcon_core.package_identification:_identify(src/my_gazebo_package) by extensions ['colcon_pkg']
[0.754s] Level 1:colcon.colcon_core.package_identification:_identify(src/my_gazebo_package) by extension 'colcon_pkg'
[0.754s] Level 1:colcon.colcon_core.package_identification:_identify(src/my_gazebo_package) by extensions ['colcon_meta']
[0.754s] Level 1:colcon.colcon_core.package_identification:_identify(src/my_gazebo_package) by extension 'colcon_meta'
[0.754s] Level 1:colcon.colcon_core.package_identification:_identify(src/my_gazebo_package) by extensions ['ros']
[0.754s] Level 1:colcon.colcon_core.package_identification:_identify(src/my_gazebo_package) by extension 'ros'
[0.755s] DEBUG:colcon.colcon_core.package_identification:Package 'src/my_gazebo_package' with type 'ros.ament_cmake' and name 'my_gazebo_package'
[0.756s] Level 1:colcon.colcon_core.package_identification:_identify(src/my_robot_controller) by extensions ['ignore', 'ignore_ament_install']
[0.756s] Level 1:colcon.colcon_core.package_identification:_identify(src/my_robot_controller) by extension 'ignore'
[0.756s] Level 1:colcon.colcon_core.package_identification:_identify(src/my_robot_controller) by extension 'ignore_ament_install'
[0.756s] Level 1:colcon.colcon_core.package_identification:_identify(src/my_robot_controller) by extensions ['colcon_pkg']
[0.756s] Level 1:colcon.colcon_core.package_identification:_identify(src/my_robot_controller) by extension 'colcon_pkg'
[0.756s] Level 1:colcon.colcon_core.package_identification:_identify(src/my_robot_controller) by extensions ['colcon_meta']
[0.757s] Level 1:colcon.colcon_core.package_identification:_identify(src/my_robot_controller) by extension 'colcon_meta'
[0.757s] Level 1:colcon.colcon_core.package_identification:_identify(src/my_robot_controller) by extensions ['ros']
[0.757s] Level 1:colcon.colcon_core.package_identification:_identify(src/my_robot_controller) by extension 'ros'
[0.758s] DEBUG:colcon.colcon_core.package_identification:Package 'src/my_robot_controller' with type 'ros.ament_python' and name 'my_robot_controller'
[0.758s] Level 1:colcon.colcon_core.package_discovery:discover_packages(recursive) using defaults
[0.758s] Level 1:colcon.colcon_core.package_discovery:discover_packages(ignore) discover
[0.758s] Level 1:colcon.colcon_core.package_discovery:discover_packages(ignore) using defaults
[0.758s] Level 1:colcon.colcon_core.package_discovery:discover_packages(path) discover
[0.758s] Level 1:colcon.colcon_core.package_discovery:discover_packages(path) using defaults
[0.804s] Level 1:colcon.colcon_core.package_discovery:discover_packages(prefix_path) check parameters
[0.804s] Level 1:colcon.colcon_core.package_discovery:discover_packages(prefix_path) discover
[0.811s] DEBUG:colcon.colcon_installed_package_information.package_discovery:Found 3 installed packages in /home/petomartin/ros2_ws/install
[0.812s] DEBUG:colcon.colcon_installed_package_information.package_discovery:Found 1 installed packages in /home/petomartin/ros2_ws/src/gazesim/install
[0.813s] DEBUG:colcon.colcon_installed_package_information.package_discovery:Found 22 installed packages in /home/petomartin/install
[0.814s] DEBUG:colcon.colcon_installed_package_information.package_discovery:Found 340 installed packages in /opt/ros/humble
[0.815s] Level 1:colcon.colcon_core.package_discovery:discover_packages(prefix_path) using defaults
[0.887s] Level 5:colcon.colcon_core.verb:set package 'gazesim' build argument 'cmake_args' from command line to 'None'
[0.887s] Level 5:colcon.colcon_core.verb:set package 'gazesim' build argument 'cmake_target' from command line to 'None'
[0.887s] Level 5:colcon.colcon_core.verb:set package 'gazesim' build argument 'cmake_target_skip_unavailable' from command line to 'False'
[0.887s] Level 5:colcon.colcon_core.verb:set package 'gazesim' build argument 'cmake_clean_cache' from command line to 'False'
[0.887s] Level 5:colcon.colcon_core.verb:set package 'gazesim' build argument 'cmake_clean_first' from command line to 'False'
[0.887s] Level 5:colcon.colcon_core.verb:set package 'gazesim' build argument 'cmake_force_configure' from command line to 'False'
[0.887s] Level 5:colcon.colcon_core.verb:set package 'gazesim' build argument 'ament_cmake_args' from command line to 'None'
[0.887s] Level 5:colcon.colcon_core.verb:set package 'gazesim' build argument 'catkin_cmake_args' from command line to 'None'
[0.887s] Level 5:colcon.colcon_core.verb:set package 'gazesim' build argument 'catkin_skip_building_tests' from command line to 'False'
[0.887s] DEBUG:colcon.colcon_core.verb:Building package 'gazesim' with the following arguments: {'ament_cmake_args': None, 'build_base': '/home/petomartin/ros2_ws/build/gazesim', 'catkin_cmake_args': None, 'catkin_skip_building_tests': False, 'cmake_args': None, 'cmake_clean_cache': False, 'cmake_clean_first': False, 'cmake_force_configure': False, 'cmake_target': None, 'cmake_target_skip_unavailable': False, 'install_base': '/home/petomartin/ros2_ws/install/gazesim', 'merge_install': False, 'path': '/home/petomartin/ros2_ws/src/gazesim', 'symlink_install': False, 'test_result_base': None}
[0.887s] Level 5:colcon.colcon_core.verb:set package 'my_gazebo_package' build argument 'cmake_args' from command line to 'None'
[0.887s] Level 5:colcon.colcon_core.verb:set package 'my_gazebo_package' build argument 'cmake_target' from command line to 'None'
[0.887s] Level 5:colcon.colcon_core.verb:set package 'my_gazebo_package' build argument 'cmake_target_skip_unavailable' from command line to 'False'
[0.887s] Level 5:colcon.colcon_core.verb:set package 'my_gazebo_package' build argument 'cmake_clean_cache' from command line to 'False'
[0.888s] Level 5:colcon.colcon_core.verb:set package 'my_gazebo_package' build argument 'cmake_clean_first' from command line to 'False'
[0.888s] Level 5:colcon.colcon_core.verb:set package 'my_gazebo_package' build argument 'cmake_force_configure' from command line to 'False'
[0.888s] Level 5:colcon.colcon_core.verb:set package 'my_gazebo_package' build argument 'ament_cmake_args' from command line to 'None'
[0.888s] Level 5:colcon.colcon_core.verb:set package 'my_gazebo_package' build argument 'catkin_cmake_args' from command line to 'None'
[0.888s] Level 5:colcon.colcon_core.verb:set package 'my_gazebo_package' build argument 'catkin_skip_building_tests' from command line to 'False'
[0.888s] DEBUG:colcon.colcon_core.verb:Building package 'my_gazebo_package' with the following arguments: {'ament_cmake_args': None, 'build_base': '/home/petomartin/ros2_ws/build/my_gazebo_package', 'catkin_cmake_args': None, 'catkin_skip_building_tests': False, 'cmake_args': None, 'cmake_clean_cache': False, 'cmake_clean_first': False, 'cmake_force_configure': False, 'cmake_target': None, 'cmake_target_skip_unavailable': False, 'install_base': '/home/petomartin/ros2_ws/install/my_gazebo_package', 'merge_install': False, 'path': '/home/petomartin/ros2_ws/src/my_gazebo_package', 'symlink_install': False, 'test_result_base': None}
[0.888s] Level 5:colcon.colcon_core.verb:set package 'my_robot_controller' build argument 'cmake_args' from command line to 'None'
[0.888s] Level 5:colcon.colcon_core.verb:set package 'my_robot_controller' build argument 'cmake_target' from command line to 'None'
[0.888s] Level 5:colcon.colcon_core.verb:set package 'my_robot_controller' build argument 'cmake_target_skip_unavailable' from command line to 'False'
[0.888s] Level 5:colcon.colcon_core.verb:set package 'my_robot_controller' build argument 'cmake_clean_cache' from command line to 'False'
[0.888s] Level 5:colcon.colcon_core.verb:set package 'my_robot_controller' build argument 'cmake_clean_first' from command line to 'False'
[0.888s] Level 5:colcon.colcon_core.verb:set package 'my_robot_controller' build argument 'cmake_force_configure' from command line to 'False'
[0.888s] Level 5:colcon.colcon_core.verb:set package 'my_robot_controller' build argument 'ament_cmake_args' from command line to 'None'
[0.888s] Level 5:colcon.colcon_core.verb:set package 'my_robot_controller' build argument 'catkin_cmake_args' from command line to 'None'
[0.888s] Level 5:colcon.colcon_core.verb:set package 'my_robot_controller' build argument 'catkin_skip_building_tests' from command line to 'False'
[0.888s] DEBUG:colcon.colcon_core.verb:Building package 'my_robot_controller' with the following arguments: {'ament_cmake_args': None, 'build_base': '/home/petomartin/ros2_ws/build/my_robot_controller', 'catkin_cmake_args': None, 'catkin_skip_building_tests': False, 'cmake_args': None, 'cmake_clean_cache': False, 'cmake_clean_first': False, 'cmake_force_configure': False, 'cmake_target': None, 'cmake_target_skip_unavailable': False, 'install_base': '/home/petomartin/ros2_ws/install/my_robot_controller', 'merge_install': False, 'path': '/home/petomartin/ros2_ws/src/my_robot_controller', 'symlink_install': False, 'test_result_base': None}
[0.888s] INFO:colcon.colcon_core.executor:Executing jobs using 'parallel' executor
[0.889s] DEBUG:colcon.colcon_parallel_executor.executor.parallel:run_until_complete
[0.889s] INFO:colcon.colcon_ros.task.ament_python.build:Building ROS package in '/home/petomartin/ros2_ws/src/gazesim' with build type 'ament_python'
[0.889s] Level 1:colcon.colcon_core.shell:create_environment_hook('gazesim', 'ament_prefix_path')
[0.902s] INFO:colcon.colcon_core.plugin_system:Skipping extension 'colcon_core.shell.bat': Not used on non-Windows systems
[0.902s] INFO:colcon.colcon_core.shell:Creating environment hook '/home/petomartin/ros2_ws/install/gazesim/share/gazesim/hook/ament_prefix_path.ps1'
[0.903s] INFO:colcon.colcon_core.shell:Creating environment descriptor '/home/petomartin/ros2_ws/install/gazesim/share/gazesim/hook/ament_prefix_path.dsv'
[0.904s] INFO:colcon.colcon_core.shell:Creating environment hook '/home/petomartin/ros2_ws/install/gazesim/share/gazesim/hook/ament_prefix_path.sh'
[0.905s] INFO:colcon.colcon_core.shell:Skip shell extension 'powershell' for command environment: Not usable outside of PowerShell
[0.905s] DEBUG:colcon.colcon_core.shell:Skip shell extension 'dsv' for command environment
[0.910s] INFO:colcon.colcon_ros.task.ament_cmake.build:Building ROS package in '/home/petomartin/ros2_ws/src/my_gazebo_package' with build type 'ament_cmake'
[0.911s] INFO:colcon.colcon_cmake.task.cmake.build:Building CMake package in '/home/petomartin/ros2_ws/src/my_gazebo_package'
[0.911s] INFO:colcon.colcon_core.shell:Skip shell extension 'powershell' for command environment: Not usable outside of PowerShell
[0.911s] DEBUG:colcon.colcon_core.shell:Skip shell extension 'dsv' for command environment
[0.916s] INFO:colcon.colcon_ros.task.ament_python.build:Building ROS package in '/home/petomartin/ros2_ws/src/my_robot_controller' with build type 'ament_python'
[0.917s] Level 1:colcon.colcon_core.shell:create_environment_hook('my_robot_controller', 'ament_prefix_path')
[0.917s] INFO:colcon.colcon_core.shell:Creating environment hook '/home/petomartin/ros2_ws/install/my_robot_controller/share/my_robot_controller/hook/ament_prefix_path.ps1'
[0.918s] INFO:colcon.colcon_core.shell:Creating environment descriptor '/home/petomartin/ros2_ws/install/my_robot_controller/share/my_robot_controller/hook/ament_prefix_path.dsv'
[0.918s] INFO:colcon.colcon_core.shell:Creating environment hook '/home/petomartin/ros2_ws/install/my_robot_controller/share/my_robot_controller/hook/ament_prefix_path.sh'
[0.919s] INFO:colcon.colcon_core.shell:Skip shell extension 'powershell' for command environment: Not usable outside of PowerShell
[0.919s] DEBUG:colcon.colcon_core.shell:Skip shell extension 'dsv' for command environment
[1.144s] INFO:colcon.colcon_core.task.python.build:Building Python package in '/home/petomartin/ros2_ws/src/gazesim'
[1.145s] INFO:colcon.colcon_core.shell:Skip shell extension 'powershell' for command environment: Not usable outside of PowerShell
[1.145s] DEBUG:colcon.colcon_core.shell:Skip shell extension 'dsv' for command environment
[1.159s] DEBUG:colcon.colcon_core.event_handler.log_command:Invoking command in '/home/petomartin/ros2_ws/build/my_gazebo_package': CMAKE_PREFIX_PATH=${CMAKE_PREFIX_PATH}:/home/petomartin/ros2_ws/install/my_robot_controller:/home/petomartin/ros2_ws/install/gazesim:/home/petomartin/install/my_robot_controller:/home/petomartin/install/ament_cmake_core:/opt/ros/humble /usr/bin/cmake --build /home/petomartin/ros2_ws/build/my_gazebo_package -- -j8 -l8
[1.391s] INFO:colcon.colcon_core.task.python.build:Building Python package in '/home/petomartin/ros2_ws/src/my_robot_controller'
[1.391s] INFO:colcon.colcon_core.shell:Skip shell extension 'powershell' for command environment: Not usable outside of PowerShell
[1.391s] DEBUG:colcon.colcon_core.shell:Skip shell extension 'dsv' for command environment
[1.399s] DEBUG:colcon.colcon_core.event_handler.log_command:Invoked command in '/home/petomartin/ros2_ws/build/my_gazebo_package' returned '0': CMAKE_PREFIX_PATH=${CMAKE_PREFIX_PATH}:/home/petomartin/ros2_ws/install/my_robot_controller:/home/petomartin/ros2_ws/install/gazesim:/home/petomartin/install/my_robot_controller:/home/petomartin/install/ament_cmake_core:/opt/ros/humble /usr/bin/cmake --build /home/petomartin/ros2_ws/build/my_gazebo_package -- -j8 -l8
[1.430s] DEBUG:colcon.colcon_core.event_handler.log_command:Invoking command in '/home/petomartin/ros2_ws/build/my_gazebo_package': CMAKE_PREFIX_PATH=${CMAKE_PREFIX_PATH}:/home/petomartin/ros2_ws/install/my_robot_controller:/home/petomartin/ros2_ws/install/gazesim:/home/petomartin/install/my_robot_controller:/home/petomartin/install/ament_cmake_core:/opt/ros/humble /usr/bin/cmake --install /home/petomartin/ros2_ws/build/my_gazebo_package
[1.445s] Level 1:colcon.colcon_core.environment:create_environment_scripts_only(my_gazebo_package)
[1.446s] DEBUG:colcon.colcon_core.event_handler.log_command:Invoked command in '/home/petomartin/ros2_ws/build/my_gazebo_package' returned '0': CMAKE_PREFIX_PATH=${CMAKE_PREFIX_PATH}:/home/petomartin/ros2_ws/install/my_robot_controller:/home/petomartin/ros2_ws/install/gazesim:/home/petomartin/install/my_robot_controller:/home/petomartin/install/ament_cmake_core:/opt/ros/humble /usr/bin/cmake --install /home/petomartin/ros2_ws/build/my_gazebo_package
[1.458s] Level 1:colcon.colcon_core.environment:checking '/home/petomartin/ros2_ws/install/my_gazebo_package' for CMake module files
[1.459s] Level 1:colcon.colcon_core.environment:checking '/home/petomartin/ros2_ws/install/my_gazebo_package' for CMake config files
[1.459s] Level 1:colcon.colcon_core.shell:create_environment_hook('my_gazebo_package', 'cmake_prefix_path')
[1.459s] INFO:colcon.colcon_core.shell:Creating environment hook '/home/petomartin/ros2_ws/install/my_gazebo_package/share/my_gazebo_package/hook/cmake_prefix_path.ps1'
[1.459s] INFO:colcon.colcon_core.shell:Creating environment descriptor '/home/petomartin/ros2_ws/install/my_gazebo_package/share/my_gazebo_package/hook/cmake_prefix_path.dsv'
[1.460s] INFO:colcon.colcon_core.shell:Creating environment hook '/home/petomartin/ros2_ws/install/my_gazebo_package/share/my_gazebo_package/hook/cmake_prefix_path.sh'
[1.460s] Level 1:colcon.colcon_core.environment:checking '/home/petomartin/ros2_ws/install/my_gazebo_package/lib'
[1.461s] Level 1:colcon.colcon_core.environment:checking '/home/petomartin/ros2_ws/install/my_gazebo_package/bin'
[1.461s] Level 1:colcon.colcon_core.environment:checking '/home/petomartin/ros2_ws/install/my_gazebo_package/lib/pkgconfig/my_gazebo_package.pc'
[1.461s] Level 1:colcon.colcon_core.environment:checking '/home/petomartin/ros2_ws/install/my_gazebo_package/lib/python3.10/site-packages'
[1.461s] Level 1:colcon.colcon_core.environment:checking '/home/petomartin/ros2_ws/install/my_gazebo_package/bin'
[1.461s] INFO:colcon.colcon_core.shell:Creating package script '/home/petomartin/ros2_ws/install/my_gazebo_package/share/my_gazebo_package/package.ps1'
[1.462s] INFO:colcon.colcon_core.shell:Creating package descriptor '/home/petomartin/ros2_ws/install/my_gazebo_package/share/my_gazebo_package/package.dsv'
[1.464s] INFO:colcon.colcon_core.shell:Creating package script '/home/petomartin/ros2_ws/install/my_gazebo_package/share/my_gazebo_package/package.sh'
[1.465s] INFO:colcon.colcon_core.shell:Creating package script '/home/petomartin/ros2_ws/install/my_gazebo_package/share/my_gazebo_package/package.bash'
[1.467s] INFO:colcon.colcon_core.shell:Creating package script '/home/petomartin/ros2_ws/install/my_gazebo_package/share/my_gazebo_package/package.zsh'
[1.468s] Level 1:colcon.colcon_core.environment:create_file_with_runtime_dependencies(/home/petomartin/ros2_ws/install/my_gazebo_package/share/colcon-core/packages/my_gazebo_package)
[1.495s] Level 1:colcon.colcon_core.environment:create_environment_scripts_only(my_gazebo_package)
[1.495s] Level 1:colcon.colcon_core.environment:checking '/home/petomartin/ros2_ws/install/my_gazebo_package' for CMake module files
[1.496s] Level 1:colcon.colcon_core.environment:checking '/home/petomartin/ros2_ws/install/my_gazebo_package' for CMake config files
[1.496s] Level 1:colcon.colcon_core.shell:create_environment_hook('my_gazebo_package', 'cmake_prefix_path')
[1.496s] INFO:colcon.colcon_core.shell:Creating environment hook '/home/petomartin/ros2_ws/install/my_gazebo_package/share/my_gazebo_package/hook/cmake_prefix_path.ps1'
[1.496s] INFO:colcon.colcon_core.shell:Creating environment descriptor '/home/petomartin/ros2_ws/install/my_gazebo_package/share/my_gazebo_package/hook/cmake_prefix_path.dsv'
[1.496s] INFO:colcon.colcon_core.shell:Creating environment hook '/home/petomartin/ros2_ws/install/my_gazebo_package/share/my_gazebo_package/hook/cmake_prefix_path.sh'
[1.497s] Level 1:colcon.colcon_core.environment:checking '/home/petomartin/ros2_ws/install/my_gazebo_package/lib'
[1.497s] Level 1:colcon.colcon_core.environment:checking '/home/petomartin/ros2_ws/install/my_gazebo_package/bin'
[1.497s] Level 1:colcon.colcon_core.environment:checking '/home/petomartin/ros2_ws/install/my_gazebo_package/lib/pkgconfig/my_gazebo_package.pc'
[1.497s] Level 1:colcon.colcon_core.environment:checking '/home/petomartin/ros2_ws/install/my_gazebo_package/lib/python3.10/site-packages'
[1.497s] Level 1:colcon.colcon_core.environment:checking '/home/petomartin/ros2_ws/install/my_gazebo_package/bin'
[1.498s] INFO:colcon.colcon_core.shell:Creating package script '/home/petomartin/ros2_ws/install/my_gazebo_package/share/my_gazebo_package/package.ps1'
[1.498s] INFO:colcon.colcon_core.shell:Creating package descriptor '/home/petomartin/ros2_ws/install/my_gazebo_package/share/my_gazebo_package/package.dsv'
[1.498s] INFO:colcon.colcon_core.shell:Creating package script '/home/petomartin/ros2_ws/install/my_gazebo_package/share/my_gazebo_package/package.sh'
[1.499s] INFO:colcon.colcon_core.shell:Creating package script '/home/petomartin/ros2_ws/install/my_gazebo_package/share/my_gazebo_package/package.bash'
[1.499s] INFO:colcon.colcon_core.shell:Creating package script '/home/petomartin/ros2_ws/install/my_gazebo_package/share/my_gazebo_package/package.zsh'
[1.499s] Level 1:colcon.colcon_core.environment:create_file_with_runtime_dependencies(/home/petomartin/ros2_ws/install/my_gazebo_package/share/colcon-core/packages/my_gazebo_package)
[1.967s] DEBUG:colcon.colcon_core.event_handler.log_command:Invoking command in '/home/petomartin/ros2_ws/src/gazesim': PYTHONPATH=/home/petomartin/ros2_ws/build/gazesim/prefix_override:/usr/lib/python3/dist-packages/colcon_core/task/python/colcon_distutils_commands:/home/petomartin/ros2_ws/install/gazesim/lib/python3.10/site-packages:${PYTHONPATH} /usr/bin/python3 -W ignore:setup.py install is deprecated setup.py egg_info --egg-base ../../build/gazesim build --build-base /home/petomartin/ros2_ws/build/gazesim/build install --record /home/petomartin/ros2_ws/build/gazesim/install.log --single-version-externally-managed install_data
[1.970s] DEBUG:colcon.colcon_core.event_handler.log_command:Invoking command in '/home/petomartin/ros2_ws/src/my_robot_controller': PYTHONPATH=/home/petomartin/ros2_ws/build/my_robot_controller/prefix_override:/usr/lib/python3/dist-packages/colcon_core/task/python/colcon_distutils_commands:/home/petomartin/ros2_ws/install/my_robot_controller/lib/python3.10/site-packages:${PYTHONPATH} /usr/bin/python3 -W ignore:setup.py install is deprecated setup.py egg_info --egg-base ../../build/my_robot_controller build --build-base /home/petomartin/ros2_ws/build/my_robot_controller/build install --record /home/petomartin/ros2_ws/build/my_robot_controller/install.log --single-version-externally-managed install_data
[2.233s] Level 1:colcon.colcon_core.environment:checking '/home/petomartin/ros2_ws/install/my_robot_controller' for CMake module files
[2.235s] DEBUG:colcon.colcon_core.event_handler.log_command:Invoked command in '/home/petomartin/ros2_ws/src/my_robot_controller' returned '0': PYTHONPATH=/home/petomartin/ros2_ws/build/my_robot_controller/prefix_override:/usr/lib/python3/dist-packages/colcon_core/task/python/colcon_distutils_commands:/home/petomartin/ros2_ws/install/my_robot_controller/lib/python3.10/site-packages:${PYTHONPATH} /usr/bin/python3 -W ignore:setup.py install is deprecated setup.py egg_info --egg-base ../../build/my_robot_controller build --build-base /home/petomartin/ros2_ws/build/my_robot_controller/build install --record /home/petomartin/ros2_ws/build/my_robot_controller/install.log --single-version-externally-managed install_data
[2.235s] Level 1:colcon.colcon_core.environment:checking '/home/petomartin/ros2_ws/install/my_robot_controller' for CMake config files
[2.235s] Level 1:colcon.colcon_core.environment:checking '/home/petomartin/ros2_ws/install/my_robot_controller/lib'
[2.236s] Level 1:colcon.colcon_core.environment:checking '/home/petomartin/ros2_ws/install/my_robot_controller/bin'
[2.236s] Level 1:colcon.colcon_core.environment:checking '/home/petomartin/ros2_ws/install/my_robot_controller/lib/pkgconfig/my_robot_controller.pc'
[2.236s] Level 1:colcon.colcon_core.environment:checking '/home/petomartin/ros2_ws/install/my_robot_controller/lib/python3.10/site-packages'
[2.236s] Level 1:colcon.colcon_core.shell:create_environment_hook('my_robot_controller', 'pythonpath')
[2.236s] INFO:colcon.colcon_core.shell:Creating environment hook '/home/petomartin/ros2_ws/install/my_robot_controller/share/my_robot_controller/hook/pythonpath.ps1'
[2.236s] INFO:colcon.colcon_core.shell:Creating environment descriptor '/home/petomartin/ros2_ws/install/my_robot_controller/share/my_robot_controller/hook/pythonpath.dsv'
[2.237s] INFO:colcon.colcon_core.shell:Creating environment hook '/home/petomartin/ros2_ws/install/my_robot_controller/share/my_robot_controller/hook/pythonpath.sh'
[2.237s] Level 1:colcon.colcon_core.environment:checking '/home/petomartin/ros2_ws/install/my_robot_controller/bin'
[2.237s] Level 1:colcon.colcon_core.environment:create_environment_scripts_only(my_robot_controller)
[2.237s] INFO:colcon.colcon_core.shell:Creating package script '/home/petomartin/ros2_ws/install/my_robot_controller/share/my_robot_controller/package.ps1'
[2.238s] INFO:colcon.colcon_core.shell:Creating package descriptor '/home/petomartin/ros2_ws/install/my_robot_controller/share/my_robot_controller/package.dsv'
[2.238s] INFO:colcon.colcon_core.shell:Creating package script '/home/petomartin/ros2_ws/install/my_robot_controller/share/my_robot_controller/package.sh'
[2.238s] INFO:colcon.colcon_core.shell:Creating package script '/home/petomartin/ros2_ws/install/my_robot_controller/share/my_robot_controller/package.bash'
[2.238s] INFO:colcon.colcon_core.shell:Creating package script '/home/petomartin/ros2_ws/install/my_robot_controller/share/my_robot_controller/package.zsh'
[2.239s] Level 1:colcon.colcon_core.environment:create_file_with_runtime_dependencies(/home/petomartin/ros2_ws/install/my_robot_controller/share/colcon-core/packages/my_robot_controller)
[2.240s] Level 1:colcon.colcon_core.environment:checking '/home/petomartin/ros2_ws/install/gazesim' for CMake module files
[2.242s] DEBUG:colcon.colcon_core.event_handler.log_command:Invoked command in '/home/petomartin/ros2_ws/src/gazesim' returned '0': PYTHONPATH=/home/petomartin/ros2_ws/build/gazesim/prefix_override:/usr/lib/python3/dist-packages/colcon_core/task/python/colcon_distutils_commands:/home/petomartin/ros2_ws/install/gazesim/lib/python3.10/site-packages:${PYTHONPATH} /usr/bin/python3 -W ignore:setup.py install is deprecated setup.py egg_info --egg-base ../../build/gazesim build --build-base /home/petomartin/ros2_ws/build/gazesim/build install --record /home/petomartin/ros2_ws/build/gazesim/install.log --single-version-externally-managed install_data
[2.242s] Level 1:colcon.colcon_core.environment:checking '/home/petomartin/ros2_ws/install/gazesim' for CMake config files
[2.243s] Level 1:colcon.colcon_core.environment:checking '/home/petomartin/ros2_ws/install/gazesim/lib'
[2.243s] Level 1:colcon.colcon_core.environment:checking '/home/petomartin/ros2_ws/install/gazesim/bin'
[2.243s] Level 1:colcon.colcon_core.environment:checking '/home/petomartin/ros2_ws/install/gazesim/lib/pkgconfig/gazesim.pc'
[2.243s] Level 1:colcon.colcon_core.environment:checking '/home/petomartin/ros2_ws/install/gazesim/lib/python3.10/site-packages'
[2.243s] Level 1:colcon.colcon_core.shell:create_environment_hook('gazesim', 'pythonpath')
[2.244s] INFO:colcon.colcon_core.shell:Creating environment hook '/home/petomartin/ros2_ws/install/gazesim/share/gazesim/hook/pythonpath.ps1'
[2.244s] INFO:colcon.colcon_core.shell:Creating environment descriptor '/home/petomartin/ros2_ws/install/gazesim/share/gazesim/hook/pythonpath.dsv'
[2.244s] INFO:colcon.colcon_core.shell:Creating environment hook '/home/petomartin/ros2_ws/install/gazesim/share/gazesim/hook/pythonpath.sh'
[2.245s] Level 1:colcon.colcon_core.environment:checking '/home/petomartin/ros2_ws/install/gazesim/bin'
[2.245s] Level 1:colcon.colcon_core.environment:create_environment_scripts_only(gazesim)
[2.245s] INFO:colcon.colcon_core.shell:Creating package script '/home/petomartin/ros2_ws/install/gazesim/share/gazesim/package.ps1'
[2.245s] INFO:colcon.colcon_core.shell:Creating package descriptor '/home/petomartin/ros2_ws/install/gazesim/share/gazesim/package.dsv'
[2.246s] INFO:colcon.colcon_core.shell:Creating package script '/home/petomartin/ros2_ws/install/gazesim/share/gazesim/package.sh'
[2.246s] INFO:colcon.colcon_core.shell:Creating package script '/home/petomartin/ros2_ws/install/gazesim/share/gazesim/package.bash'
[2.246s] INFO:colcon.colcon_core.shell:Creating package script '/home/petomartin/ros2_ws/install/gazesim/share/gazesim/package.zsh'
[2.246s] Level 1:colcon.colcon_core.environment:create_file_with_runtime_dependencies(/home/petomartin/ros2_ws/install/gazesim/share/colcon-core/packages/gazesim)
[2.246s] DEBUG:colcon.colcon_parallel_executor.executor.parallel:closing loop
[2.247s] DEBUG:colcon.colcon_parallel_executor.executor.parallel:loop closed
[2.247s] DEBUG:colcon.colcon_parallel_executor.executor.parallel:run_until_complete finished with '0'
[2.247s] DEBUG:colcon.colcon_core.event_reactor:joining thread
[2.279s] INFO:colcon.colcon_core.plugin_system:Skipping extension 'colcon_notification.desktop_notification.notify_send': Could not find 'notify-send'
[2.279s] INFO:colcon.colcon_core.plugin_system:Skipping extension 'colcon_notification.desktop_notification.terminal_notifier': Not used on non-Darwin systems
[2.279s] INFO:colcon.colcon_core.plugin_system:Skipping extension 'colcon_notification.desktop_notification.win32': Not used on non-Windows systems
[2.279s] INFO:colcon.colcon_notification.desktop_notification:Sending desktop notification using 'notify2'
[2.280s] DEBUG:colcon.colcon_notification.desktop_notification.notify2:Failed to initialize notify2: org.freedesktop.DBus.Error.ServiceUnknown: The name org.freedesktop.Notifications was not provided by any .service files
[2.280s] DEBUG:colcon.colcon_core.event_reactor:joined thread
[2.281s] INFO:colcon.colcon_core.shell:Creating prefix script '/home/petomartin/ros2_ws/install/local_setup.ps1'
[2.282s] INFO:colcon.colcon_core.shell:Creating prefix util module '/home/petomartin/ros2_ws/install/_local_setup_util_ps1.py'
[2.284s] INFO:colcon.colcon_core.shell:Creating prefix chain script '/home/petomartin/ros2_ws/install/setup.ps1'
[2.285s] INFO:colcon.colcon_core.shell:Creating prefix script '/home/petomartin/ros2_ws/install/local_setup.sh'
[2.286s] INFO:colcon.colcon_core.shell:Creating prefix util module '/home/petomartin/ros2_ws/install/_local_setup_util_sh.py'
[2.286s] INFO:colcon.colcon_core.shell:Creating prefix chain script '/home/petomartin/ros2_ws/install/setup.sh'
[2.287s] INFO:colcon.colcon_core.shell:Creating prefix script '/home/petomartin/ros2_ws/install/local_setup.bash'
[2.288s] INFO:colcon.colcon_core.shell:Creating prefix chain script '/home/petomartin/ros2_ws/install/setup.bash'
[2.289s] INFO:colcon.colcon_core.shell:Creating prefix script '/home/petomartin/ros2_ws/install/local_setup.zsh'
[2.290s] INFO:colcon.colcon_core.shell:Creating prefix chain script '/home/petomartin/ros2_ws/install/setup.zsh'
