[0.729s] DEBUG:colcon:Command line arguments: ['/usr/bin/colcon', 'build']
[0.730s] DEBUG:colcon:Parsed command line arguments: Namespace(log_base=None, log_level=None, verb_name='build', build_base='build', install_base='install', merge_install=False, symlink_install=False, test_result_base=None, continue_on_error=False, executor='parallel', parallel_workers=8, event_handlers=None, ignore_user_meta=False, metas=['./colcon.meta'], base_paths=['.'], packages_ignore=None, packages_ignore_regex=None, paths=None, packages_up_to=None, packages_up_to_regex=None, packages_above=None, packages_above_and_dependencies=None, packages_above_depth=None, packages_select_by_dep=None, packages_skip_by_dep=None, packages_skip_up_to=None, packages_select_build_failed=False, packages_skip_build_finished=False, packages_select_test_failures=False, packages_skip_test_passed=False, packages_select=None, packages_skip=None, packages_select_regex=None, packages_skip_regex=None, packages_start=None, packages_end=None, allow_overriding=[], cmake_args=None, cmake_target=None, cmake_target_skip_unavailable=False, cmake_clean_cache=False, cmake_clean_first=False, cmake_force_configure=False, ament_cmake_args=None, catkin_cmake_args=None, catkin_skip_building_tests=False, mixin_files=None, mixin=None, verb_parser=<colcon_mixin.mixin.mixin_argument.MixinArgumentDecorator object at 0x7f7fbc648130>, verb_extension=<colcon_core.verb.build.BuildVerb object at 0x7f7fbc617c10>, main=<bound method BuildVerb.main of <colcon_core.verb.build.BuildVerb object at 0x7f7fbc617c10>>, mixin_verb=('build',))
[1.545s] Level 1:colcon.colcon_core.package_discovery:discover_packages(colcon_meta) check parameters
[1.545s] Level 1:colcon.colcon_core.package_discovery:discover_packages(recursive) check parameters
[1.545s] Level 1:colcon.colcon_core.package_discovery:discover_packages(ignore) check parameters
[1.546s] Level 1:colcon.colcon_core.package_discovery:discover_packages(path) check parameters
[1.546s] Level 1:colcon.colcon_core.package_discovery:discover_packages(colcon_meta) discover
[1.550s] Level 1:colcon.colcon_core.package_discovery:discover_packages(recursive) discover
[1.551s] INFO:colcon.colcon_core.package_discovery:Crawling recursively for packages in '/home/petomartin/ros2_ws'
[1.551s] Level 1:colcon.colcon_core.package_identification:_identify(.) by extensions ['ignore', 'ignore_ament_install']
[1.551s] Level 1:colcon.colcon_core.package_identification:_identify(.) by extension 'ignore'
[1.551s] Level 1:colcon.colcon_core.package_identification:_identify(.) by extension 'ignore_ament_install'
[1.551s] Level 1:colcon.colcon_core.package_identification:_identify(.) by extensions ['colcon_pkg']
[1.552s] Level 1:colcon.colcon_core.package_identification:_identify(.) by extension 'colcon_pkg'
[1.552s] Level 1:colcon.colcon_core.package_identification:_identify(.) by extensions ['colcon_meta']
[1.552s] Level 1:colcon.colcon_core.package_identification:_identify(.) by extension 'colcon_meta'
[1.552s] Level 1:colcon.colcon_core.package_identification:_identify(.) by extensions ['ros']
[1.552s] Level 1:colcon.colcon_core.package_identification:_identify(.) by extension 'ros'
[1.604s] Level 1:colcon.colcon_core.package_identification:_identify(.) by extensions ['cmake', 'python']
[1.608s] Level 1:colcon.colcon_core.package_identification:_identify(.) by extension 'cmake'
[1.609s] Level 1:colcon.colcon_core.package_identification:_identify(.) by extension 'python'
[1.609s] Level 1:colcon.colcon_core.package_identification:_identify(.) by extensions ['python_setup_py']
[1.609s] Level 1:colcon.colcon_core.package_identification:_identify(.) by extension 'python_setup_py'
[1.609s] Level 1:colcon.colcon_core.package_identification:_identify(build) by extensions ['ignore', 'ignore_ament_install']
[1.609s] Level 1:colcon.colcon_core.package_identification:_identify(build) by extension 'ignore'
[1.610s] Level 1:colcon.colcon_core.package_identification:_identify(build) ignored
[1.625s] Level 1:colcon.colcon_core.package_identification:_identify(install) by extensions ['ignore', 'ignore_ament_install']
[1.634s] Level 1:colcon.colcon_core.package_identification:_identify(install) by extension 'ignore'
[1.634s] Level 1:colcon.colcon_core.package_identification:_identify(install) ignored
[1.634s] Level 1:colcon.colcon_core.package_identification:_identify(log) by extensions ['ignore', 'ignore_ament_install']
[1.635s] Level 1:colcon.colcon_core.package_identification:_identify(log) by extension 'ignore'
[1.635s] Level 1:colcon.colcon_core.package_identification:_identify(log) ignored
[1.635s] Level 1:colcon.colcon_core.package_identification:_identify(src) by extensions ['ignore', 'ignore_ament_install']
[1.636s] Level 1:colcon.colcon_core.package_identification:_identify(src) by extension 'ignore'
[1.636s] Level 1:colcon.colcon_core.package_identification:_identify(src) by extension 'ignore_ament_install'
[1.636s] Level 1:colcon.colcon_core.package_identification:_identify(src) by extensions ['colcon_pkg']
[1.636s] Level 1:colcon.colcon_core.package_identification:_identify(src) by extension 'colcon_pkg'
[1.636s] Level 1:colcon.colcon_core.package_identification:_identify(src) by extensions ['colcon_meta']
[1.636s] Level 1:colcon.colcon_core.package_identification:_identify(src) by extension 'colcon_meta'
[1.636s] Level 1:colcon.colcon_core.package_identification:_identify(src) by extensions ['ros']
[1.636s] Level 1:colcon.colcon_core.package_identification:_identify(src) by extension 'ros'
[1.638s] Level 1:colcon.colcon_core.package_identification:_identify(src) by extensions ['cmake', 'python']
[1.638s] Level 1:colcon.colcon_core.package_identification:_identify(src) by extension 'cmake'
[1.638s] Level 1:colcon.colcon_core.package_identification:_identify(src) by extension 'python'
[1.638s] Level 1:colcon.colcon_core.package_identification:_identify(src) by extensions ['python_setup_py']
[1.638s] Level 1:colcon.colcon_core.package_identification:_identify(src) by extension 'python_setup_py'
[1.639s] Level 1:colcon.colcon_core.package_identification:_identify(src/gazesim) by extensions ['ignore', 'ignore_ament_install']
[1.640s] Level 1:colcon.colcon_core.package_identification:_identify(src/gazesim) by extension 'ignore'
[1.640s] Level 1:colcon.colcon_core.package_identification:_identify(src/gazesim) by extension 'ignore_ament_install'
[1.640s] Level 1:colcon.colcon_core.package_identification:_identify(src/gazesim) by extensions ['colcon_pkg']
[1.640s] Level 1:colcon.colcon_core.package_identification:_identify(src/gazesim) by extension 'colcon_pkg'
[1.640s] Level 1:colcon.colcon_core.package_identification:_identify(src/gazesim) by extensions ['colcon_meta']
[1.640s] Level 1:colcon.colcon_core.package_identification:_identify(src/gazesim) by extension 'colcon_meta'
[1.640s] Level 1:colcon.colcon_core.package_identification:_identify(src/gazesim) by extensions ['ros']
[1.640s] Level 1:colcon.colcon_core.package_identification:_identify(src/gazesim) by extension 'ros'
[1.742s] DEBUG:colcon.colcon_core.package_identification:Package 'src/gazesim' with type 'ros.ament_python' and name 'gazesim'
[1.743s] Level 1:colcon.colcon_core.package_identification:_identify(src/my_gazebo_package) by extensions ['ignore', 'ignore_ament_install']
[1.743s] Level 1:colcon.colcon_core.package_identification:_identify(src/my_gazebo_package) by extension 'ignore'
[1.743s] Level 1:colcon.colcon_core.package_identification:_identify(src/my_gazebo_package) by extension 'ignore_ament_install'
[1.743s] Level 1:colcon.colcon_core.package_identification:_identify(src/my_gazebo_package) by extensions ['colcon_pkg']
[1.743s] Level 1:colcon.colcon_core.package_identification:_identify(src/my_gazebo_package) by extension 'colcon_pkg'
[1.743s] Level 1:colcon.colcon_core.package_identification:_identify(src/my_gazebo_package) by extensions ['colcon_meta']
[1.743s] Level 1:colcon.colcon_core.package_identification:_identify(src/my_gazebo_package) by extension 'colcon_meta'
[1.744s] Level 1:colcon.colcon_core.package_identification:_identify(src/my_gazebo_package) by extensions ['ros']
[1.744s] Level 1:colcon.colcon_core.package_identification:_identify(src/my_gazebo_package) by extension 'ros'
[1.745s] DEBUG:colcon.colcon_core.package_identification:Package 'src/my_gazebo_package' with type 'ros.ament_cmake' and name 'my_gazebo_package'
[1.745s] Level 1:colcon.colcon_core.package_identification:_identify(src/my_robot_controller) by extensions ['ignore', 'ignore_ament_install']
[1.745s] Level 1:colcon.colcon_core.package_identification:_identify(src/my_robot_controller) by extension 'ignore'
[1.745s] Level 1:colcon.colcon_core.package_identification:_identify(src/my_robot_controller) by extension 'ignore_ament_install'
[1.746s] Level 1:colcon.colcon_core.package_identification:_identify(src/my_robot_controller) by extensions ['colcon_pkg']
[1.746s] Level 1:colcon.colcon_core.package_identification:_identify(src/my_robot_controller) by extension 'colcon_pkg'
[1.746s] Level 1:colcon.colcon_core.package_identification:_identify(src/my_robot_controller) by extensions ['colcon_meta']
[1.746s] Level 1:colcon.colcon_core.package_identification:_identify(src/my_robot_controller) by extension 'colcon_meta'
[1.746s] Level 1:colcon.colcon_core.package_identification:_identify(src/my_robot_controller) by extensions ['ros']
[1.746s] Level 1:colcon.colcon_core.package_identification:_identify(src/my_robot_controller) by extension 'ros'
[1.747s] DEBUG:colcon.colcon_core.package_identification:Package 'src/my_robot_controller' with type 'ros.ament_python' and name 'my_robot_controller'
[1.748s] Level 1:colcon.colcon_core.package_discovery:discover_packages(recursive) using defaults
[1.748s] Level 1:colcon.colcon_core.package_discovery:discover_packages(ignore) discover
[1.748s] Level 1:colcon.colcon_core.package_discovery:discover_packages(ignore) using defaults
[1.748s] Level 1:colcon.colcon_core.package_discovery:discover_packages(path) discover
[1.748s] Level 1:colcon.colcon_core.package_discovery:discover_packages(path) using defaults
[1.850s] Level 1:colcon.colcon_core.package_discovery:discover_packages(prefix_path) check parameters
[1.850s] Level 1:colcon.colcon_core.package_discovery:discover_packages(prefix_path) discover
[1.869s] DEBUG:colcon.colcon_installed_package_information.package_discovery:Found 3 installed packages in /home/petomartin/ros2_ws/install
[1.872s] DEBUG:colcon.colcon_installed_package_information.package_discovery:Found 1 installed packages in /home/petomartin/ros2_ws/src/gazesim/install
[1.876s] DEBUG:colcon.colcon_installed_package_information.package_discovery:Found 22 installed packages in /home/petomartin/install
[1.881s] DEBUG:colcon.colcon_installed_package_information.package_discovery:Found 408 installed packages in /opt/ros/humble
[1.911s] Level 1:colcon.colcon_core.package_discovery:discover_packages(prefix_path) using defaults
[2.123s] Level 5:colcon.colcon_core.verb:set package 'gazesim' build argument 'cmake_args' from command line to 'None'
[2.126s] Level 5:colcon.colcon_core.verb:set package 'gazesim' build argument 'cmake_target' from command line to 'None'
[2.126s] Level 5:colcon.colcon_core.verb:set package 'gazesim' build argument 'cmake_target_skip_unavailable' from command line to 'False'
[2.126s] Level 5:colcon.colcon_core.verb:set package 'gazesim' build argument 'cmake_clean_cache' from command line to 'False'
[2.126s] Level 5:colcon.colcon_core.verb:set package 'gazesim' build argument 'cmake_clean_first' from command line to 'False'
[2.126s] Level 5:colcon.colcon_core.verb:set package 'gazesim' build argument 'cmake_force_configure' from command line to 'False'
[2.126s] Level 5:colcon.colcon_core.verb:set package 'gazesim' build argument 'ament_cmake_args' from command line to 'None'
[2.126s] Level 5:colcon.colcon_core.verb:set package 'gazesim' build argument 'catkin_cmake_args' from command line to 'None'
[2.126s] Level 5:colcon.colcon_core.verb:set package 'gazesim' build argument 'catkin_skip_building_tests' from command line to 'False'
[2.126s] DEBUG:colcon.colcon_core.verb:Building package 'gazesim' with the following arguments: {'ament_cmake_args': None, 'build_base': '/home/petomartin/ros2_ws/build/gazesim', 'catkin_cmake_args': None, 'catkin_skip_building_tests': False, 'cmake_args': None, 'cmake_clean_cache': False, 'cmake_clean_first': False, 'cmake_force_configure': False, 'cmake_target': None, 'cmake_target_skip_unavailable': False, 'install_base': '/home/petomartin/ros2_ws/install/gazesim', 'merge_install': False, 'path': '/home/petomartin/ros2_ws/src/gazesim', 'symlink_install': False, 'test_result_base': None}
[2.129s] Level 5:colcon.colcon_core.verb:set package 'my_gazebo_package' build argument 'cmake_args' from command line to 'None'
[2.129s] Level 5:colcon.colcon_core.verb:set package 'my_gazebo_package' build argument 'cmake_target' from command line to 'None'
[2.129s] Level 5:colcon.colcon_core.verb:set package 'my_gazebo_package' build argument 'cmake_target_skip_unavailable' from command line to 'False'
[2.129s] Level 5:colcon.colcon_core.verb:set package 'my_gazebo_package' build argument 'cmake_clean_cache' from command line to 'False'
[2.129s] Level 5:colcon.colcon_core.verb:set package 'my_gazebo_package' build argument 'cmake_clean_first' from command line to 'False'
[2.129s] Level 5:colcon.colcon_core.verb:set package 'my_gazebo_package' build argument 'cmake_force_configure' from command line to 'False'
[2.129s] Level 5:colcon.colcon_core.verb:set package 'my_gazebo_package' build argument 'ament_cmake_args' from command line to 'None'
[2.129s] Level 5:colcon.colcon_core.verb:set package 'my_gazebo_package' build argument 'catkin_cmake_args' from command line to 'None'
[2.129s] Level 5:colcon.colcon_core.verb:set package 'my_gazebo_package' build argument 'catkin_skip_building_tests' from command line to 'False'
[2.130s] DEBUG:colcon.colcon_core.verb:Building package 'my_gazebo_package' with the following arguments: {'ament_cmake_args': None, 'build_base': '/home/petomartin/ros2_ws/build/my_gazebo_package', 'catkin_cmake_args': None, 'catkin_skip_building_tests': False, 'cmake_args': None, 'cmake_clean_cache': False, 'cmake_clean_first': False, 'cmake_force_configure': False, 'cmake_target': None, 'cmake_target_skip_unavailable': False, 'install_base': '/home/petomartin/ros2_ws/install/my_gazebo_package', 'merge_install': False, 'path': '/home/petomartin/ros2_ws/src/my_gazebo_package', 'symlink_install': False, 'test_result_base': None}
[2.131s] Level 5:colcon.colcon_core.verb:set package 'my_robot_controller' build argument 'cmake_args' from command line to 'None'
[2.131s] Level 5:colcon.colcon_core.verb:set package 'my_robot_controller' build argument 'cmake_target' from command line to 'None'
[2.131s] Level 5:colcon.colcon_core.verb:set package 'my_robot_controller' build argument 'cmake_target_skip_unavailable' from command line to 'False'
[2.131s] Level 5:colcon.colcon_core.verb:set package 'my_robot_controller' build argument 'cmake_clean_cache' from command line to 'False'
[2.131s] Level 5:colcon.colcon_core.verb:set package 'my_robot_controller' build argument 'cmake_clean_first' from command line to 'False'
[2.131s] Level 5:colcon.colcon_core.verb:set package 'my_robot_controller' build argument 'cmake_force_configure' from command line to 'False'
[2.131s] Level 5:colcon.colcon_core.verb:set package 'my_robot_controller' build argument 'ament_cmake_args' from command line to 'None'
[2.131s] Level 5:colcon.colcon_core.verb:set package 'my_robot_controller' build argument 'catkin_cmake_args' from command line to 'None'
[2.131s] Level 5:colcon.colcon_core.verb:set package 'my_robot_controller' build argument 'catkin_skip_building_tests' from command line to 'False'
[2.131s] DEBUG:colcon.colcon_core.verb:Building package 'my_robot_controller' with the following arguments: {'ament_cmake_args': None, 'build_base': '/home/petomartin/ros2_ws/build/my_robot_controller', 'catkin_cmake_args': None, 'catkin_skip_building_tests': False, 'cmake_args': None, 'cmake_clean_cache': False, 'cmake_clean_first': False, 'cmake_force_configure': False, 'cmake_target': None, 'cmake_target_skip_unavailable': False, 'install_base': '/home/petomartin/ros2_ws/install/my_robot_controller', 'merge_install': False, 'path': '/home/petomartin/ros2_ws/src/my_robot_controller', 'symlink_install': False, 'test_result_base': None}
[2.134s] INFO:colcon.colcon_core.executor:Executing jobs using 'parallel' executor
[2.141s] DEBUG:colcon.colcon_parallel_executor.executor.parallel:run_until_complete
[2.142s] INFO:colcon.colcon_ros.task.ament_python.build:Building ROS package in '/home/petomartin/ros2_ws/src/gazesim' with build type 'ament_python'
[2.143s] Level 1:colcon.colcon_core.shell:create_environment_hook('gazesim', 'ament_prefix_path')
[2.154s] INFO:colcon.colcon_core.plugin_system:Skipping extension 'colcon_core.shell.bat': Not used on non-Windows systems
[2.155s] INFO:colcon.colcon_core.shell:Creating environment hook '/home/petomartin/ros2_ws/install/gazesim/share/gazesim/hook/ament_prefix_path.ps1'
[2.160s] INFO:colcon.colcon_core.shell:Creating environment descriptor '/home/petomartin/ros2_ws/install/gazesim/share/gazesim/hook/ament_prefix_path.dsv'
[2.165s] INFO:colcon.colcon_core.shell:Creating environment hook '/home/petomartin/ros2_ws/install/gazesim/share/gazesim/hook/ament_prefix_path.sh'
[2.171s] INFO:colcon.colcon_core.shell:Skip shell extension 'powershell' for command environment: Not usable outside of PowerShell
[2.171s] DEBUG:colcon.colcon_core.shell:Skip shell extension 'dsv' for command environment
[2.229s] INFO:colcon.colcon_ros.task.ament_cmake.build:Building ROS package in '/home/petomartin/ros2_ws/src/my_gazebo_package' with build type 'ament_cmake'
[2.230s] INFO:colcon.colcon_cmake.task.cmake.build:Building CMake package in '/home/petomartin/ros2_ws/src/my_gazebo_package'
[2.232s] INFO:colcon.colcon_core.shell:Skip shell extension 'powershell' for command environment: Not usable outside of PowerShell
[2.232s] DEBUG:colcon.colcon_core.shell:Skip shell extension 'dsv' for command environment
[2.272s] INFO:colcon.colcon_ros.task.ament_python.build:Building ROS package in '/home/petomartin/ros2_ws/src/my_robot_controller' with build type 'ament_python'
[2.274s] Level 1:colcon.colcon_core.shell:create_environment_hook('my_robot_controller', 'ament_prefix_path')
[2.277s] INFO:colcon.colcon_core.shell:Creating environment hook '/home/petomartin/ros2_ws/install/my_robot_controller/share/my_robot_controller/hook/ament_prefix_path.ps1'
[2.278s] INFO:colcon.colcon_core.shell:Creating environment descriptor '/home/petomartin/ros2_ws/install/my_robot_controller/share/my_robot_controller/hook/ament_prefix_path.dsv'
[2.279s] INFO:colcon.colcon_core.shell:Creating environment hook '/home/petomartin/ros2_ws/install/my_robot_controller/share/my_robot_controller/hook/ament_prefix_path.sh'
[2.280s] INFO:colcon.colcon_core.shell:Skip shell extension 'powershell' for command environment: Not usable outside of PowerShell
[2.280s] DEBUG:colcon.colcon_core.shell:Skip shell extension 'dsv' for command environment
[3.569s] INFO:colcon.colcon_core.task.python.build:Building Python package in '/home/petomartin/ros2_ws/src/gazesim'
[3.570s] INFO:colcon.colcon_core.shell:Skip shell extension 'powershell' for command environment: Not usable outside of PowerShell
[3.571s] DEBUG:colcon.colcon_core.shell:Skip shell extension 'dsv' for command environment
[3.658s] DEBUG:colcon.colcon_core.event_handler.log_command:Invoking command in '/home/petomartin/ros2_ws/build/my_gazebo_package': CMAKE_PREFIX_PATH=${CMAKE_PREFIX_PATH}:/home/petomartin/ros2_ws/install/my_robot_controller:/home/petomartin/ros2_ws/install/gazesim:/home/petomartin/install/my_robot_controller:/home/petomartin/install/ament_cmake_core:/opt/ros/humble /usr/bin/cmake --build /home/petomartin/ros2_ws/build/my_gazebo_package -- -j8 -l8
[4.954s] INFO:colcon.colcon_core.task.python.build:Building Python package in '/home/petomartin/ros2_ws/src/my_robot_controller'
[4.955s] INFO:colcon.colcon_core.shell:Skip shell extension 'powershell' for command environment: Not usable outside of PowerShell
[4.955s] DEBUG:colcon.colcon_core.shell:Skip shell extension 'dsv' for command environment
[5.025s] DEBUG:colcon.colcon_core.event_handler.log_command:Invoked command in '/home/petomartin/ros2_ws/build/my_gazebo_package' returned '0': CMAKE_PREFIX_PATH=${CMAKE_PREFIX_PATH}:/home/petomartin/ros2_ws/install/my_robot_controller:/home/petomartin/ros2_ws/install/gazesim:/home/petomartin/install/my_robot_controller:/home/petomartin/install/ament_cmake_core:/opt/ros/humble /usr/bin/cmake --build /home/petomartin/ros2_ws/build/my_gazebo_package -- -j8 -l8
[5.228s] DEBUG:colcon.colcon_core.event_handler.log_command:Invoking command in '/home/petomartin/ros2_ws/build/my_gazebo_package': CMAKE_PREFIX_PATH=${CMAKE_PREFIX_PATH}:/home/petomartin/ros2_ws/install/my_robot_controller:/home/petomartin/ros2_ws/install/gazesim:/home/petomartin/install/my_robot_controller:/home/petomartin/install/ament_cmake_core:/opt/ros/humble /usr/bin/cmake --install /home/petomartin/ros2_ws/build/my_gazebo_package
[5.253s] Level 1:colcon.colcon_core.environment:create_environment_scripts_only(my_gazebo_package)
[5.258s] Level 1:colcon.colcon_core.environment:checking '/home/petomartin/ros2_ws/install/my_gazebo_package' for CMake module files
[5.259s] Level 1:colcon.colcon_core.environment:checking '/home/petomartin/ros2_ws/install/my_gazebo_package' for CMake config files
[5.260s] Level 1:colcon.colcon_core.shell:create_environment_hook('my_gazebo_package', 'cmake_prefix_path')
[5.261s] INFO:colcon.colcon_core.shell:Creating environment hook '/home/petomartin/ros2_ws/install/my_gazebo_package/share/my_gazebo_package/hook/cmake_prefix_path.ps1'
[5.262s] INFO:colcon.colcon_core.shell:Creating environment descriptor '/home/petomartin/ros2_ws/install/my_gazebo_package/share/my_gazebo_package/hook/cmake_prefix_path.dsv'
[5.262s] INFO:colcon.colcon_core.shell:Creating environment hook '/home/petomartin/ros2_ws/install/my_gazebo_package/share/my_gazebo_package/hook/cmake_prefix_path.sh'
[5.270s] DEBUG:colcon.colcon_core.event_handler.log_command:Invoked command in '/home/petomartin/ros2_ws/build/my_gazebo_package' returned '0': CMAKE_PREFIX_PATH=${CMAKE_PREFIX_PATH}:/home/petomartin/ros2_ws/install/my_robot_controller:/home/petomartin/ros2_ws/install/gazesim:/home/petomartin/install/my_robot_controller:/home/petomartin/install/ament_cmake_core:/opt/ros/humble /usr/bin/cmake --install /home/petomartin/ros2_ws/build/my_gazebo_package
[5.270s] Level 1:colcon.colcon_core.environment:checking '/home/petomartin/ros2_ws/install/my_gazebo_package/lib'
[5.271s] Level 1:colcon.colcon_core.environment:checking '/home/petomartin/ros2_ws/install/my_gazebo_package/bin'
[5.271s] Level 1:colcon.colcon_core.environment:checking '/home/petomartin/ros2_ws/install/my_gazebo_package/lib/pkgconfig/my_gazebo_package.pc'
[5.272s] Level 1:colcon.colcon_core.environment:checking '/home/petomartin/ros2_ws/install/my_gazebo_package/lib/python3.10/site-packages'
[5.273s] Level 1:colcon.colcon_core.environment:checking '/home/petomartin/ros2_ws/install/my_gazebo_package/bin'
[5.274s] INFO:colcon.colcon_core.shell:Creating package script '/home/petomartin/ros2_ws/install/my_gazebo_package/share/my_gazebo_package/package.ps1'
[5.294s] INFO:colcon.colcon_core.shell:Creating package descriptor '/home/petomartin/ros2_ws/install/my_gazebo_package/share/my_gazebo_package/package.dsv'
[5.316s] INFO:colcon.colcon_core.shell:Creating package script '/home/petomartin/ros2_ws/install/my_gazebo_package/share/my_gazebo_package/package.sh'
[5.319s] INFO:colcon.colcon_core.shell:Creating package script '/home/petomartin/ros2_ws/install/my_gazebo_package/share/my_gazebo_package/package.bash'
[5.321s] INFO:colcon.colcon_core.shell:Creating package script '/home/petomartin/ros2_ws/install/my_gazebo_package/share/my_gazebo_package/package.zsh'
[5.323s] Level 1:colcon.colcon_core.environment:create_file_with_runtime_dependencies(/home/petomartin/ros2_ws/install/my_gazebo_package/share/colcon-core/packages/my_gazebo_package)
[5.600s] Level 1:colcon.colcon_core.environment:create_environment_scripts_only(my_gazebo_package)
[5.602s] Level 1:colcon.colcon_core.environment:checking '/home/petomartin/ros2_ws/install/my_gazebo_package' for CMake module files
[5.606s] Level 1:colcon.colcon_core.environment:checking '/home/petomartin/ros2_ws/install/my_gazebo_package' for CMake config files
[5.607s] Level 1:colcon.colcon_core.shell:create_environment_hook('my_gazebo_package', 'cmake_prefix_path')
[5.609s] INFO:colcon.colcon_core.shell:Creating environment hook '/home/petomartin/ros2_ws/install/my_gazebo_package/share/my_gazebo_package/hook/cmake_prefix_path.ps1'
[5.610s] INFO:colcon.colcon_core.shell:Creating environment descriptor '/home/petomartin/ros2_ws/install/my_gazebo_package/share/my_gazebo_package/hook/cmake_prefix_path.dsv'
[5.611s] INFO:colcon.colcon_core.shell:Creating environment hook '/home/petomartin/ros2_ws/install/my_gazebo_package/share/my_gazebo_package/hook/cmake_prefix_path.sh'
[5.614s] Level 1:colcon.colcon_core.environment:checking '/home/petomartin/ros2_ws/install/my_gazebo_package/lib'
[5.614s] Level 1:colcon.colcon_core.environment:checking '/home/petomartin/ros2_ws/install/my_gazebo_package/bin'
[5.614s] Level 1:colcon.colcon_core.environment:checking '/home/petomartin/ros2_ws/install/my_gazebo_package/lib/pkgconfig/my_gazebo_package.pc'
[5.614s] Level 1:colcon.colcon_core.environment:checking '/home/petomartin/ros2_ws/install/my_gazebo_package/lib/python3.10/site-packages'
[5.615s] Level 1:colcon.colcon_core.environment:checking '/home/petomartin/ros2_ws/install/my_gazebo_package/bin'
[5.615s] INFO:colcon.colcon_core.shell:Creating package script '/home/petomartin/ros2_ws/install/my_gazebo_package/share/my_gazebo_package/package.ps1'
[5.617s] INFO:colcon.colcon_core.shell:Creating package descriptor '/home/petomartin/ros2_ws/install/my_gazebo_package/share/my_gazebo_package/package.dsv'
[5.617s] INFO:colcon.colcon_core.shell:Creating package script '/home/petomartin/ros2_ws/install/my_gazebo_package/share/my_gazebo_package/package.sh'
[5.618s] INFO:colcon.colcon_core.shell:Creating package script '/home/petomartin/ros2_ws/install/my_gazebo_package/share/my_gazebo_package/package.bash'
[5.619s] INFO:colcon.colcon_core.shell:Creating package script '/home/petomartin/ros2_ws/install/my_gazebo_package/share/my_gazebo_package/package.zsh'
[5.620s] Level 1:colcon.colcon_core.environment:create_file_with_runtime_dependencies(/home/petomartin/ros2_ws/install/my_gazebo_package/share/colcon-core/packages/my_gazebo_package)
[6.967s] DEBUG:colcon.colcon_core.event_handler.log_command:Invoking command in '/home/petomartin/ros2_ws/src/gazesim': PYTHONPATH=/home/petomartin/ros2_ws/build/gazesim/prefix_override:/usr/lib/python3/dist-packages/colcon_core/task/python/colcon_distutils_commands:/home/petomartin/ros2_ws/install/gazesim/lib/python3.10/site-packages:${PYTHONPATH} /usr/bin/python3 -W ignore:setup.py install is deprecated setup.py egg_info --egg-base ../../build/gazesim build --build-base /home/petomartin/ros2_ws/build/gazesim/build install --record /home/petomartin/ros2_ws/build/gazesim/install.log --single-version-externally-managed install_data
[7.155s] DEBUG:colcon.colcon_core.event_handler.log_command:Invoking command in '/home/petomartin/ros2_ws/src/my_robot_controller': PYTHONPATH=/home/petomartin/ros2_ws/build/my_robot_controller/prefix_override:/usr/lib/python3/dist-packages/colcon_core/task/python/colcon_distutils_commands:/home/petomartin/ros2_ws/install/my_robot_controller/lib/python3.10/site-packages:${PYTHONPATH} /usr/bin/python3 -W ignore:setup.py install is deprecated setup.py egg_info --egg-base ../../build/my_robot_controller build --build-base /home/petomartin/ros2_ws/build/my_robot_controller/build install --record /home/petomartin/ros2_ws/build/my_robot_controller/install.log --single-version-externally-managed install_data
[8.657s] Level 1:colcon.colcon_core.environment:checking '/home/petomartin/ros2_ws/install/my_robot_controller' for CMake module files
[8.658s] Level 1:colcon.colcon_core.environment:checking '/home/petomartin/ros2_ws/install/my_robot_controller' for CMake config files
[8.659s] Level 1:colcon.colcon_core.environment:checking '/home/petomartin/ros2_ws/install/my_robot_controller/lib'
[8.659s] Level 1:colcon.colcon_core.environment:checking '/home/petomartin/ros2_ws/install/my_robot_controller/bin'
[8.659s] Level 1:colcon.colcon_core.environment:checking '/home/petomartin/ros2_ws/install/my_robot_controller/lib/pkgconfig/my_robot_controller.pc'
[8.660s] Level 1:colcon.colcon_core.environment:checking '/home/petomartin/ros2_ws/install/my_robot_controller/lib/python3.10/site-packages'
[8.660s] Level 1:colcon.colcon_core.shell:create_environment_hook('my_robot_controller', 'pythonpath')
[8.660s] INFO:colcon.colcon_core.shell:Creating environment hook '/home/petomartin/ros2_ws/install/my_robot_controller/share/my_robot_controller/hook/pythonpath.ps1'
[8.668s] DEBUG:colcon.colcon_core.event_handler.log_command:Invoked command in '/home/petomartin/ros2_ws/src/my_robot_controller' returned '0': PYTHONPATH=/home/petomartin/ros2_ws/build/my_robot_controller/prefix_override:/usr/lib/python3/dist-packages/colcon_core/task/python/colcon_distutils_commands:/home/petomartin/ros2_ws/install/my_robot_controller/lib/python3.10/site-packages:${PYTHONPATH} /usr/bin/python3 -W ignore:setup.py install is deprecated setup.py egg_info --egg-base ../../build/my_robot_controller build --build-base /home/petomartin/ros2_ws/build/my_robot_controller/build install --record /home/petomartin/ros2_ws/build/my_robot_controller/install.log --single-version-externally-managed install_data
[8.676s] INFO:colcon.colcon_core.shell:Creating environment descriptor '/home/petomartin/ros2_ws/install/my_robot_controller/share/my_robot_controller/hook/pythonpath.dsv'
[8.677s] INFO:colcon.colcon_core.shell:Creating environment hook '/home/petomartin/ros2_ws/install/my_robot_controller/share/my_robot_controller/hook/pythonpath.sh'
[8.679s] Level 1:colcon.colcon_core.environment:checking '/home/petomartin/ros2_ws/install/my_robot_controller/bin'
[8.679s] Level 1:colcon.colcon_core.environment:create_environment_scripts_only(my_robot_controller)
[8.680s] INFO:colcon.colcon_core.shell:Creating package script '/home/petomartin/ros2_ws/install/my_robot_controller/share/my_robot_controller/package.ps1'
[8.682s] INFO:colcon.colcon_core.shell:Creating package descriptor '/home/petomartin/ros2_ws/install/my_robot_controller/share/my_robot_controller/package.dsv'
[8.683s] INFO:colcon.colcon_core.shell:Creating package script '/home/petomartin/ros2_ws/install/my_robot_controller/share/my_robot_controller/package.sh'
[8.684s] INFO:colcon.colcon_core.shell:Creating package script '/home/petomartin/ros2_ws/install/my_robot_controller/share/my_robot_controller/package.bash'
[8.684s] INFO:colcon.colcon_core.shell:Creating package script '/home/petomartin/ros2_ws/install/my_robot_controller/share/my_robot_controller/package.zsh'
[8.685s] Level 1:colcon.colcon_core.environment:create_file_with_runtime_dependencies(/home/petomartin/ros2_ws/install/my_robot_controller/share/colcon-core/packages/my_robot_controller)
[8.687s] Level 1:colcon.colcon_core.environment:checking '/home/petomartin/ros2_ws/install/gazesim' for CMake module files
[8.688s] DEBUG:colcon.colcon_core.event_handler.log_command:Invoked command in '/home/petomartin/ros2_ws/src/gazesim' returned '0': PYTHONPATH=/home/petomartin/ros2_ws/build/gazesim/prefix_override:/usr/lib/python3/dist-packages/colcon_core/task/python/colcon_distutils_commands:/home/petomartin/ros2_ws/install/gazesim/lib/python3.10/site-packages:${PYTHONPATH} /usr/bin/python3 -W ignore:setup.py install is deprecated setup.py egg_info --egg-base ../../build/gazesim build --build-base /home/petomartin/ros2_ws/build/gazesim/build install --record /home/petomartin/ros2_ws/build/gazesim/install.log --single-version-externally-managed install_data
[8.689s] Level 1:colcon.colcon_core.environment:checking '/home/petomartin/ros2_ws/install/gazesim' for CMake config files
[8.693s] Level 1:colcon.colcon_core.environment:checking '/home/petomartin/ros2_ws/install/gazesim/lib'
[8.695s] Level 1:colcon.colcon_core.environment:checking '/home/petomartin/ros2_ws/install/gazesim/bin'
[8.697s] Level 1:colcon.colcon_core.environment:checking '/home/petomartin/ros2_ws/install/gazesim/lib/pkgconfig/gazesim.pc'
[8.698s] Level 1:colcon.colcon_core.environment:checking '/home/petomartin/ros2_ws/install/gazesim/lib/python3.10/site-packages'
[8.698s] Level 1:colcon.colcon_core.shell:create_environment_hook('gazesim', 'pythonpath')
[8.699s] INFO:colcon.colcon_core.shell:Creating environment hook '/home/petomartin/ros2_ws/install/gazesim/share/gazesim/hook/pythonpath.ps1'
[8.700s] INFO:colcon.colcon_core.shell:Creating environment descriptor '/home/petomartin/ros2_ws/install/gazesim/share/gazesim/hook/pythonpath.dsv'
[8.701s] INFO:colcon.colcon_core.shell:Creating environment hook '/home/petomartin/ros2_ws/install/gazesim/share/gazesim/hook/pythonpath.sh'
[8.702s] Level 1:colcon.colcon_core.environment:checking '/home/petomartin/ros2_ws/install/gazesim/bin'
[8.702s] Level 1:colcon.colcon_core.environment:create_environment_scripts_only(gazesim)
[8.703s] INFO:colcon.colcon_core.shell:Creating package script '/home/petomartin/ros2_ws/install/gazesim/share/gazesim/package.ps1'
[8.704s] INFO:colcon.colcon_core.shell:Creating package descriptor '/home/petomartin/ros2_ws/install/gazesim/share/gazesim/package.dsv'
[8.705s] INFO:colcon.colcon_core.shell:Creating package script '/home/petomartin/ros2_ws/install/gazesim/share/gazesim/package.sh'
[8.706s] INFO:colcon.colcon_core.shell:Creating package script '/home/petomartin/ros2_ws/install/gazesim/share/gazesim/package.bash'
[8.706s] INFO:colcon.colcon_core.shell:Creating package script '/home/petomartin/ros2_ws/install/gazesim/share/gazesim/package.zsh'
[8.707s] Level 1:colcon.colcon_core.environment:create_file_with_runtime_dependencies(/home/petomartin/ros2_ws/install/gazesim/share/colcon-core/packages/gazesim)
[8.708s] DEBUG:colcon.colcon_parallel_executor.executor.parallel:closing loop
[8.709s] DEBUG:colcon.colcon_parallel_executor.executor.parallel:loop closed
[8.709s] DEBUG:colcon.colcon_parallel_executor.executor.parallel:run_until_complete finished with '0'
[8.709s] DEBUG:colcon.colcon_core.event_reactor:joining thread
[8.858s] INFO:colcon.colcon_core.plugin_system:Skipping extension 'colcon_notification.desktop_notification.notify_send': Could not find 'notify-send'
[8.858s] INFO:colcon.colcon_core.plugin_system:Skipping extension 'colcon_notification.desktop_notification.terminal_notifier': Not used on non-Darwin systems
[8.858s] INFO:colcon.colcon_core.plugin_system:Skipping extension 'colcon_notification.desktop_notification.win32': Not used on non-Windows systems
[8.858s] INFO:colcon.colcon_notification.desktop_notification:Sending desktop notification using 'notify2'
[8.860s] DEBUG:colcon.colcon_notification.desktop_notification.notify2:Failed to initialize notify2: org.freedesktop.DBus.Error.ServiceUnknown: The name org.freedesktop.Notifications was not provided by any .service files
[8.861s] DEBUG:colcon.colcon_core.event_reactor:joined thread
[8.862s] INFO:colcon.colcon_core.shell:Creating prefix script '/home/petomartin/ros2_ws/install/local_setup.ps1'
[8.864s] INFO:colcon.colcon_core.shell:Creating prefix util module '/home/petomartin/ros2_ws/install/_local_setup_util_ps1.py'
[8.873s] INFO:colcon.colcon_core.shell:Creating prefix chain script '/home/petomartin/ros2_ws/install/setup.ps1'
[8.878s] INFO:colcon.colcon_core.shell:Creating prefix script '/home/petomartin/ros2_ws/install/local_setup.sh'
[8.879s] INFO:colcon.colcon_core.shell:Creating prefix util module '/home/petomartin/ros2_ws/install/_local_setup_util_sh.py'
[8.882s] INFO:colcon.colcon_core.shell:Creating prefix chain script '/home/petomartin/ros2_ws/install/setup.sh'
[8.890s] INFO:colcon.colcon_core.shell:Creating prefix script '/home/petomartin/ros2_ws/install/local_setup.bash'
[8.892s] INFO:colcon.colcon_core.shell:Creating prefix chain script '/home/petomartin/ros2_ws/install/setup.bash'
[8.895s] INFO:colcon.colcon_core.shell:Creating prefix script '/home/petomartin/ros2_ws/install/local_setup.zsh'
[8.898s] INFO:colcon.colcon_core.shell:Creating prefix chain script '/home/petomartin/ros2_ws/install/setup.zsh'
