[0.939s] DEBUG:colcon:Command line arguments: ['/usr/bin/colcon', 'build']
[0.939s] DEBUG:colcon:Parsed command line arguments: Namespace(log_base=None, log_level=None, verb_name='build', build_base='build', install_base='install', merge_install=False, symlink_install=False, test_result_base=None, continue_on_error=False, executor='parallel', parallel_workers=8, event_handlers=None, ignore_user_meta=False, metas=['./colcon.meta'], base_paths=['.'], packages_ignore=None, packages_ignore_regex=None, paths=None, packages_up_to=None, packages_up_to_regex=None, packages_above=None, packages_above_and_dependencies=None, packages_above_depth=None, packages_select_by_dep=None, packages_skip_by_dep=None, packages_skip_up_to=None, packages_select_build_failed=False, packages_skip_build_finished=False, packages_select_test_failures=False, packages_skip_test_passed=False, packages_select=None, packages_skip=None, packages_select_regex=None, packages_skip_regex=None, packages_start=None, packages_end=None, allow_overriding=[], cmake_args=None, cmake_target=None, cmake_target_skip_unavailable=False, cmake_clean_cache=False, cmake_clean_first=False, cmake_force_configure=False, ament_cmake_args=None, catkin_cmake_args=None, catkin_skip_building_tests=False, mixin_files=None, mixin=None, verb_parser=<colcon_mixin.mixin.mixin_argument.MixinArgumentDecorator object at 0x7f2fbd78c130>, verb_extension=<colcon_core.verb.build.BuildVerb object at 0x7f2fbd757c10>, main=<bound method BuildVerb.main of <colcon_core.verb.build.BuildVerb object at 0x7f2fbd757c10>>, mixin_verb=('build',))
[2.277s] Level 1:colcon.colcon_core.package_discovery:discover_packages(colcon_meta) check parameters
[2.277s] Level 1:colcon.colcon_core.package_discovery:discover_packages(recursive) check parameters
[2.277s] Level 1:colcon.colcon_core.package_discovery:discover_packages(ignore) check parameters
[2.277s] Level 1:colcon.colcon_core.package_discovery:discover_packages(path) check parameters
[2.277s] Level 1:colcon.colcon_core.package_discovery:discover_packages(colcon_meta) discover
[2.277s] Level 1:colcon.colcon_core.package_discovery:discover_packages(recursive) discover
[2.277s] INFO:colcon.colcon_core.package_discovery:Crawling recursively for packages in '/home/petomartin/ros2_ws'
[2.278s] Level 1:colcon.colcon_core.package_identification:_identify(.) by extensions ['ignore', 'ignore_ament_install']
[2.278s] Level 1:colcon.colcon_core.package_identification:_identify(.) by extension 'ignore'
[2.278s] Level 1:colcon.colcon_core.package_identification:_identify(.) by extension 'ignore_ament_install'
[2.278s] Level 1:colcon.colcon_core.package_identification:_identify(.) by extensions ['colcon_pkg']
[2.278s] Level 1:colcon.colcon_core.package_identification:_identify(.) by extension 'colcon_pkg'
[2.278s] Level 1:colcon.colcon_core.package_identification:_identify(.) by extensions ['colcon_meta']
[2.278s] Level 1:colcon.colcon_core.package_identification:_identify(.) by extension 'colcon_meta'
[2.278s] Level 1:colcon.colcon_core.package_identification:_identify(.) by extensions ['ros']
[2.278s] Level 1:colcon.colcon_core.package_identification:_identify(.) by extension 'ros'
[2.336s] Level 1:colcon.colcon_core.package_identification:_identify(.) by extensions ['cmake', 'python']
[2.336s] Level 1:colcon.colcon_core.package_identification:_identify(.) by extension 'cmake'
[2.337s] Level 1:colcon.colcon_core.package_identification:_identify(.) by extension 'python'
[2.339s] Level 1:colcon.colcon_core.package_identification:_identify(.) by extensions ['python_setup_py']
[2.340s] Level 1:colcon.colcon_core.package_identification:_identify(.) by extension 'python_setup_py'
[2.340s] Level 1:colcon.colcon_core.package_identification:_identify(build) by extensions ['ignore', 'ignore_ament_install']
[2.340s] Level 1:colcon.colcon_core.package_identification:_identify(build) by extension 'ignore'
[2.340s] Level 1:colcon.colcon_core.package_identification:_identify(build) ignored
[2.341s] Level 1:colcon.colcon_core.package_identification:_identify(install) by extensions ['ignore', 'ignore_ament_install']
[2.341s] Level 1:colcon.colcon_core.package_identification:_identify(install) by extension 'ignore'
[2.341s] Level 1:colcon.colcon_core.package_identification:_identify(install) ignored
[2.341s] Level 1:colcon.colcon_core.package_identification:_identify(log) by extensions ['ignore', 'ignore_ament_install']
[2.341s] Level 1:colcon.colcon_core.package_identification:_identify(log) by extension 'ignore'
[2.341s] Level 1:colcon.colcon_core.package_identification:_identify(log) ignored
[2.342s] Level 1:colcon.colcon_core.package_identification:_identify(src) by extensions ['ignore', 'ignore_ament_install']
[2.342s] Level 1:colcon.colcon_core.package_identification:_identify(src) by extension 'ignore'
[2.342s] Level 1:colcon.colcon_core.package_identification:_identify(src) by extension 'ignore_ament_install'
[2.342s] Level 1:colcon.colcon_core.package_identification:_identify(src) by extensions ['colcon_pkg']
[2.342s] Level 1:colcon.colcon_core.package_identification:_identify(src) by extension 'colcon_pkg'
[2.342s] Level 1:colcon.colcon_core.package_identification:_identify(src) by extensions ['colcon_meta']
[2.342s] Level 1:colcon.colcon_core.package_identification:_identify(src) by extension 'colcon_meta'
[2.342s] Level 1:colcon.colcon_core.package_identification:_identify(src) by extensions ['ros']
[2.342s] Level 1:colcon.colcon_core.package_identification:_identify(src) by extension 'ros'
[2.346s] Level 1:colcon.colcon_core.package_identification:_identify(src) by extensions ['cmake', 'python']
[2.346s] Level 1:colcon.colcon_core.package_identification:_identify(src) by extension 'cmake'
[2.346s] Level 1:colcon.colcon_core.package_identification:_identify(src) by extension 'python'
[2.346s] Level 1:colcon.colcon_core.package_identification:_identify(src) by extensions ['python_setup_py']
[2.346s] Level 1:colcon.colcon_core.package_identification:_identify(src) by extension 'python_setup_py'
[2.347s] Level 1:colcon.colcon_core.package_identification:_identify(src/gazesim) by extensions ['ignore', 'ignore_ament_install']
[2.347s] Level 1:colcon.colcon_core.package_identification:_identify(src/gazesim) by extension 'ignore'
[2.347s] Level 1:colcon.colcon_core.package_identification:_identify(src/gazesim) by extension 'ignore_ament_install'
[2.347s] Level 1:colcon.colcon_core.package_identification:_identify(src/gazesim) by extensions ['colcon_pkg']
[2.347s] Level 1:colcon.colcon_core.package_identification:_identify(src/gazesim) by extension 'colcon_pkg'
[2.347s] Level 1:colcon.colcon_core.package_identification:_identify(src/gazesim) by extensions ['colcon_meta']
[2.347s] Level 1:colcon.colcon_core.package_identification:_identify(src/gazesim) by extension 'colcon_meta'
[2.347s] Level 1:colcon.colcon_core.package_identification:_identify(src/gazesim) by extensions ['ros']
[2.347s] Level 1:colcon.colcon_core.package_identification:_identify(src/gazesim) by extension 'ros'
[2.418s] DEBUG:colcon.colcon_core.package_identification:Package 'src/gazesim' with type 'ros.ament_python' and name 'gazesim'
[2.419s] Level 1:colcon.colcon_core.package_identification:_identify(src/my_gazebo_package) by extensions ['ignore', 'ignore_ament_install']
[2.419s] Level 1:colcon.colcon_core.package_identification:_identify(src/my_gazebo_package) by extension 'ignore'
[2.419s] Level 1:colcon.colcon_core.package_identification:_identify(src/my_gazebo_package) by extension 'ignore_ament_install'
[2.419s] Level 1:colcon.colcon_core.package_identification:_identify(src/my_gazebo_package) by extensions ['colcon_pkg']
[2.419s] Level 1:colcon.colcon_core.package_identification:_identify(src/my_gazebo_package) by extension 'colcon_pkg'
[2.419s] Level 1:colcon.colcon_core.package_identification:_identify(src/my_gazebo_package) by extensions ['colcon_meta']
[2.419s] Level 1:colcon.colcon_core.package_identification:_identify(src/my_gazebo_package) by extension 'colcon_meta'
[2.420s] Level 1:colcon.colcon_core.package_identification:_identify(src/my_gazebo_package) by extensions ['ros']
[2.420s] Level 1:colcon.colcon_core.package_identification:_identify(src/my_gazebo_package) by extension 'ros'
[2.424s] DEBUG:colcon.colcon_core.package_identification:Package 'src/my_gazebo_package' with type 'ros.ament_cmake' and name 'my_gazebo_package'
[2.425s] Level 1:colcon.colcon_core.package_identification:_identify(src/my_robot_controller) by extensions ['ignore', 'ignore_ament_install']
[2.425s] Level 1:colcon.colcon_core.package_identification:_identify(src/my_robot_controller) by extension 'ignore'
[2.425s] Level 1:colcon.colcon_core.package_identification:_identify(src/my_robot_controller) by extension 'ignore_ament_install'
[2.425s] Level 1:colcon.colcon_core.package_identification:_identify(src/my_robot_controller) by extensions ['colcon_pkg']
[2.425s] Level 1:colcon.colcon_core.package_identification:_identify(src/my_robot_controller) by extension 'colcon_pkg'
[2.425s] Level 1:colcon.colcon_core.package_identification:_identify(src/my_robot_controller) by extensions ['colcon_meta']
[2.425s] Level 1:colcon.colcon_core.package_identification:_identify(src/my_robot_controller) by extension 'colcon_meta'
[2.425s] Level 1:colcon.colcon_core.package_identification:_identify(src/my_robot_controller) by extensions ['ros']
[2.425s] Level 1:colcon.colcon_core.package_identification:_identify(src/my_robot_controller) by extension 'ros'
[2.428s] DEBUG:colcon.colcon_core.package_identification:Package 'src/my_robot_controller' with type 'ros.ament_python' and name 'my_robot_controller'
[2.428s] Level 1:colcon.colcon_core.package_discovery:discover_packages(recursive) using defaults
[2.429s] Level 1:colcon.colcon_core.package_discovery:discover_packages(ignore) discover
[2.429s] Level 1:colcon.colcon_core.package_discovery:discover_packages(ignore) using defaults
[2.429s] Level 1:colcon.colcon_core.package_discovery:discover_packages(path) discover
[2.431s] Level 1:colcon.colcon_core.package_discovery:discover_packages(path) using defaults
[2.563s] Level 1:colcon.colcon_core.package_discovery:discover_packages(prefix_path) check parameters
[2.563s] Level 1:colcon.colcon_core.package_discovery:discover_packages(prefix_path) discover
[2.569s] DEBUG:colcon.colcon_installed_package_information.package_discovery:Found 3 installed packages in /home/petomartin/ros2_ws/install
[2.570s] DEBUG:colcon.colcon_installed_package_information.package_discovery:Found 1 installed packages in /home/petomartin/ros2_ws/src/gazesim/install
[2.572s] DEBUG:colcon.colcon_installed_package_information.package_discovery:Found 22 installed packages in /home/petomartin/install
[2.577s] DEBUG:colcon.colcon_installed_package_information.package_discovery:Found 408 installed packages in /opt/ros/humble
[2.592s] Level 1:colcon.colcon_core.package_discovery:discover_packages(prefix_path) using defaults
[2.930s] Level 5:colcon.colcon_core.verb:set package 'gazesim' build argument 'cmake_args' from command line to 'None'
[2.930s] Level 5:colcon.colcon_core.verb:set package 'gazesim' build argument 'cmake_target' from command line to 'None'
[2.930s] Level 5:colcon.colcon_core.verb:set package 'gazesim' build argument 'cmake_target_skip_unavailable' from command line to 'False'
[2.932s] Level 5:colcon.colcon_core.verb:set package 'gazesim' build argument 'cmake_clean_cache' from command line to 'False'
[2.933s] Level 5:colcon.colcon_core.verb:set package 'gazesim' build argument 'cmake_clean_first' from command line to 'False'
[2.933s] Level 5:colcon.colcon_core.verb:set package 'gazesim' build argument 'cmake_force_configure' from command line to 'False'
[2.933s] Level 5:colcon.colcon_core.verb:set package 'gazesim' build argument 'ament_cmake_args' from command line to 'None'
[2.934s] Level 5:colcon.colcon_core.verb:set package 'gazesim' build argument 'catkin_cmake_args' from command line to 'None'
[2.934s] Level 5:colcon.colcon_core.verb:set package 'gazesim' build argument 'catkin_skip_building_tests' from command line to 'False'
[2.935s] DEBUG:colcon.colcon_core.verb:Building package 'gazesim' with the following arguments: {'ament_cmake_args': None, 'build_base': '/home/petomartin/ros2_ws/build/gazesim', 'catkin_cmake_args': None, 'catkin_skip_building_tests': False, 'cmake_args': None, 'cmake_clean_cache': False, 'cmake_clean_first': False, 'cmake_force_configure': False, 'cmake_target': None, 'cmake_target_skip_unavailable': False, 'install_base': '/home/petomartin/ros2_ws/install/gazesim', 'merge_install': False, 'path': '/home/petomartin/ros2_ws/src/gazesim', 'symlink_install': False, 'test_result_base': None}
[2.936s] Level 5:colcon.colcon_core.verb:set package 'my_gazebo_package' build argument 'cmake_args' from command line to 'None'
[2.937s] Level 5:colcon.colcon_core.verb:set package 'my_gazebo_package' build argument 'cmake_target' from command line to 'None'
[2.937s] Level 5:colcon.colcon_core.verb:set package 'my_gazebo_package' build argument 'cmake_target_skip_unavailable' from command line to 'False'
[2.937s] Level 5:colcon.colcon_core.verb:set package 'my_gazebo_package' build argument 'cmake_clean_cache' from command line to 'False'
[2.937s] Level 5:colcon.colcon_core.verb:set package 'my_gazebo_package' build argument 'cmake_clean_first' from command line to 'False'
[2.937s] Level 5:colcon.colcon_core.verb:set package 'my_gazebo_package' build argument 'cmake_force_configure' from command line to 'False'
[2.937s] Level 5:colcon.colcon_core.verb:set package 'my_gazebo_package' build argument 'ament_cmake_args' from command line to 'None'
[2.937s] Level 5:colcon.colcon_core.verb:set package 'my_gazebo_package' build argument 'catkin_cmake_args' from command line to 'None'
[2.937s] Level 5:colcon.colcon_core.verb:set package 'my_gazebo_package' build argument 'catkin_skip_building_tests' from command line to 'False'
[2.937s] DEBUG:colcon.colcon_core.verb:Building package 'my_gazebo_package' with the following arguments: {'ament_cmake_args': None, 'build_base': '/home/petomartin/ros2_ws/build/my_gazebo_package', 'catkin_cmake_args': None, 'catkin_skip_building_tests': False, 'cmake_args': None, 'cmake_clean_cache': False, 'cmake_clean_first': False, 'cmake_force_configure': False, 'cmake_target': None, 'cmake_target_skip_unavailable': False, 'install_base': '/home/petomartin/ros2_ws/install/my_gazebo_package', 'merge_install': False, 'path': '/home/petomartin/ros2_ws/src/my_gazebo_package', 'symlink_install': False, 'test_result_base': None}
[2.941s] Level 5:colcon.colcon_core.verb:set package 'my_robot_controller' build argument 'cmake_args' from command line to 'None'
[2.942s] Level 5:colcon.colcon_core.verb:set package 'my_robot_controller' build argument 'cmake_target' from command line to 'None'
[2.942s] Level 5:colcon.colcon_core.verb:set package 'my_robot_controller' build argument 'cmake_target_skip_unavailable' from command line to 'False'
[2.942s] Level 5:colcon.colcon_core.verb:set package 'my_robot_controller' build argument 'cmake_clean_cache' from command line to 'False'
[2.942s] Level 5:colcon.colcon_core.verb:set package 'my_robot_controller' build argument 'cmake_clean_first' from command line to 'False'
[2.942s] Level 5:colcon.colcon_core.verb:set package 'my_robot_controller' build argument 'cmake_force_configure' from command line to 'False'
[2.942s] Level 5:colcon.colcon_core.verb:set package 'my_robot_controller' build argument 'ament_cmake_args' from command line to 'None'
[2.942s] Level 5:colcon.colcon_core.verb:set package 'my_robot_controller' build argument 'catkin_cmake_args' from command line to 'None'
[2.942s] Level 5:colcon.colcon_core.verb:set package 'my_robot_controller' build argument 'catkin_skip_building_tests' from command line to 'False'
[2.942s] DEBUG:colcon.colcon_core.verb:Building package 'my_robot_controller' with the following arguments: {'ament_cmake_args': None, 'build_base': '/home/petomartin/ros2_ws/build/my_robot_controller', 'catkin_cmake_args': None, 'catkin_skip_building_tests': False, 'cmake_args': None, 'cmake_clean_cache': False, 'cmake_clean_first': False, 'cmake_force_configure': False, 'cmake_target': None, 'cmake_target_skip_unavailable': False, 'install_base': '/home/petomartin/ros2_ws/install/my_robot_controller', 'merge_install': False, 'path': '/home/petomartin/ros2_ws/src/my_robot_controller', 'symlink_install': False, 'test_result_base': None}
[2.943s] INFO:colcon.colcon_core.executor:Executing jobs using 'parallel' executor
[3.002s] DEBUG:colcon.colcon_parallel_executor.executor.parallel:run_until_complete
[3.011s] INFO:colcon.colcon_ros.task.ament_python.build:Building ROS package in '/home/petomartin/ros2_ws/src/gazesim' with build type 'ament_python'
[3.015s] Level 1:colcon.colcon_core.shell:create_environment_hook('gazesim', 'ament_prefix_path')
[3.061s] INFO:colcon.colcon_core.plugin_system:Skipping extension 'colcon_core.shell.bat': Not used on non-Windows systems
[3.062s] INFO:colcon.colcon_core.shell:Creating environment hook '/home/petomartin/ros2_ws/install/gazesim/share/gazesim/hook/ament_prefix_path.ps1'
[3.067s] INFO:colcon.colcon_core.shell:Creating environment descriptor '/home/petomartin/ros2_ws/install/gazesim/share/gazesim/hook/ament_prefix_path.dsv'
[3.069s] INFO:colcon.colcon_core.shell:Creating environment hook '/home/petomartin/ros2_ws/install/gazesim/share/gazesim/hook/ament_prefix_path.sh'
[3.071s] INFO:colcon.colcon_core.shell:Skip shell extension 'powershell' for command environment: Not usable outside of PowerShell
[3.071s] DEBUG:colcon.colcon_core.shell:Skip shell extension 'dsv' for command environment
[3.093s] INFO:colcon.colcon_ros.task.ament_cmake.build:Building ROS package in '/home/petomartin/ros2_ws/src/my_gazebo_package' with build type 'ament_cmake'
[3.094s] INFO:colcon.colcon_cmake.task.cmake.build:Building CMake package in '/home/petomartin/ros2_ws/src/my_gazebo_package'
[3.095s] INFO:colcon.colcon_core.shell:Skip shell extension 'powershell' for command environment: Not usable outside of PowerShell
[3.095s] DEBUG:colcon.colcon_core.shell:Skip shell extension 'dsv' for command environment
[3.111s] INFO:colcon.colcon_ros.task.ament_python.build:Building ROS package in '/home/petomartin/ros2_ws/src/my_robot_controller' with build type 'ament_python'
[3.113s] Level 1:colcon.colcon_core.shell:create_environment_hook('my_robot_controller', 'ament_prefix_path')
[3.113s] INFO:colcon.colcon_core.shell:Creating environment hook '/home/petomartin/ros2_ws/install/my_robot_controller/share/my_robot_controller/hook/ament_prefix_path.ps1'
[3.125s] INFO:colcon.colcon_core.shell:Creating environment descriptor '/home/petomartin/ros2_ws/install/my_robot_controller/share/my_robot_controller/hook/ament_prefix_path.dsv'
[3.127s] INFO:colcon.colcon_core.shell:Creating environment hook '/home/petomartin/ros2_ws/install/my_robot_controller/share/my_robot_controller/hook/ament_prefix_path.sh'
[3.129s] INFO:colcon.colcon_core.shell:Skip shell extension 'powershell' for command environment: Not usable outside of PowerShell
[3.129s] DEBUG:colcon.colcon_core.shell:Skip shell extension 'dsv' for command environment
[4.383s] INFO:colcon.colcon_core.task.python.build:Building Python package in '/home/petomartin/ros2_ws/src/gazesim'
[4.384s] INFO:colcon.colcon_core.shell:Skip shell extension 'powershell' for command environment: Not usable outside of PowerShell
[4.384s] DEBUG:colcon.colcon_core.shell:Skip shell extension 'dsv' for command environment
[4.421s] DEBUG:colcon.colcon_core.event_handler.log_command:Invoking command in '/home/petomartin/ros2_ws/build/my_gazebo_package': CMAKE_PREFIX_PATH=${CMAKE_PREFIX_PATH}:/home/petomartin/ros2_ws/install/my_robot_controller:/home/petomartin/ros2_ws/install/gazesim:/home/petomartin/install/my_robot_controller:/home/petomartin/install/ament_cmake_core:/opt/ros/humble /usr/bin/cmake --build /home/petomartin/ros2_ws/build/my_gazebo_package -- -j8 -l8
[5.600s] INFO:colcon.colcon_core.task.python.build:Building Python package in '/home/petomartin/ros2_ws/src/my_robot_controller'
[5.605s] INFO:colcon.colcon_core.shell:Skip shell extension 'powershell' for command environment: Not usable outside of PowerShell
[5.605s] DEBUG:colcon.colcon_core.shell:Skip shell extension 'dsv' for command environment
[5.716s] DEBUG:colcon.colcon_core.event_handler.log_command:Invoked command in '/home/petomartin/ros2_ws/build/my_gazebo_package' returned '0': CMAKE_PREFIX_PATH=${CMAKE_PREFIX_PATH}:/home/petomartin/ros2_ws/install/my_robot_controller:/home/petomartin/ros2_ws/install/gazesim:/home/petomartin/install/my_robot_controller:/home/petomartin/install/ament_cmake_core:/opt/ros/humble /usr/bin/cmake --build /home/petomartin/ros2_ws/build/my_gazebo_package -- -j8 -l8
[6.068s] DEBUG:colcon.colcon_core.event_handler.log_command:Invoking command in '/home/petomartin/ros2_ws/build/my_gazebo_package': CMAKE_PREFIX_PATH=${CMAKE_PREFIX_PATH}:/home/petomartin/ros2_ws/install/my_robot_controller:/home/petomartin/ros2_ws/install/gazesim:/home/petomartin/install/my_robot_controller:/home/petomartin/install/ament_cmake_core:/opt/ros/humble /usr/bin/cmake --install /home/petomartin/ros2_ws/build/my_gazebo_package
[6.150s] Level 1:colcon.colcon_core.environment:create_environment_scripts_only(my_gazebo_package)
[6.154s] Level 1:colcon.colcon_core.environment:checking '/home/petomartin/ros2_ws/install/my_gazebo_package' for CMake module files
[6.155s] Level 1:colcon.colcon_core.environment:checking '/home/petomartin/ros2_ws/install/my_gazebo_package' for CMake config files
[6.156s] Level 1:colcon.colcon_core.shell:create_environment_hook('my_gazebo_package', 'cmake_prefix_path')
[6.157s] INFO:colcon.colcon_core.shell:Creating environment hook '/home/petomartin/ros2_ws/install/my_gazebo_package/share/my_gazebo_package/hook/cmake_prefix_path.ps1'
[6.158s] INFO:colcon.colcon_core.shell:Creating environment descriptor '/home/petomartin/ros2_ws/install/my_gazebo_package/share/my_gazebo_package/hook/cmake_prefix_path.dsv'
[6.159s] INFO:colcon.colcon_core.shell:Creating environment hook '/home/petomartin/ros2_ws/install/my_gazebo_package/share/my_gazebo_package/hook/cmake_prefix_path.sh'
[6.161s] Level 1:colcon.colcon_core.environment:checking '/home/petomartin/ros2_ws/install/my_gazebo_package/lib'
[6.161s] Level 1:colcon.colcon_core.environment:checking '/home/petomartin/ros2_ws/install/my_gazebo_package/bin'
[6.161s] Level 1:colcon.colcon_core.environment:checking '/home/petomartin/ros2_ws/install/my_gazebo_package/lib/pkgconfig/my_gazebo_package.pc'
[6.162s] Level 1:colcon.colcon_core.environment:checking '/home/petomartin/ros2_ws/install/my_gazebo_package/lib/python3.10/site-packages'
[6.162s] Level 1:colcon.colcon_core.environment:checking '/home/petomartin/ros2_ws/install/my_gazebo_package/bin'
[6.163s] INFO:colcon.colcon_core.shell:Creating package script '/home/petomartin/ros2_ws/install/my_gazebo_package/share/my_gazebo_package/package.ps1'
[6.165s] INFO:colcon.colcon_core.shell:Creating package descriptor '/home/petomartin/ros2_ws/install/my_gazebo_package/share/my_gazebo_package/package.dsv'
[6.167s] DEBUG:colcon.colcon_core.event_handler.log_command:Invoked command in '/home/petomartin/ros2_ws/build/my_gazebo_package' returned '0': CMAKE_PREFIX_PATH=${CMAKE_PREFIX_PATH}:/home/petomartin/ros2_ws/install/my_robot_controller:/home/petomartin/ros2_ws/install/gazesim:/home/petomartin/install/my_robot_controller:/home/petomartin/install/ament_cmake_core:/opt/ros/humble /usr/bin/cmake --install /home/petomartin/ros2_ws/build/my_gazebo_package
[6.170s] INFO:colcon.colcon_core.shell:Creating package script '/home/petomartin/ros2_ws/install/my_gazebo_package/share/my_gazebo_package/package.sh'
[6.189s] INFO:colcon.colcon_core.shell:Creating package script '/home/petomartin/ros2_ws/install/my_gazebo_package/share/my_gazebo_package/package.bash'
[6.191s] INFO:colcon.colcon_core.shell:Creating package script '/home/petomartin/ros2_ws/install/my_gazebo_package/share/my_gazebo_package/package.zsh'
[6.192s] Level 1:colcon.colcon_core.environment:create_file_with_runtime_dependencies(/home/petomartin/ros2_ws/install/my_gazebo_package/share/colcon-core/packages/my_gazebo_package)
[6.431s] Level 1:colcon.colcon_core.environment:create_environment_scripts_only(my_gazebo_package)
[6.432s] Level 1:colcon.colcon_core.environment:checking '/home/petomartin/ros2_ws/install/my_gazebo_package' for CMake module files
[6.433s] Level 1:colcon.colcon_core.environment:checking '/home/petomartin/ros2_ws/install/my_gazebo_package' for CMake config files
[6.434s] Level 1:colcon.colcon_core.shell:create_environment_hook('my_gazebo_package', 'cmake_prefix_path')
[6.434s] INFO:colcon.colcon_core.shell:Creating environment hook '/home/petomartin/ros2_ws/install/my_gazebo_package/share/my_gazebo_package/hook/cmake_prefix_path.ps1'
[6.436s] INFO:colcon.colcon_core.shell:Creating environment descriptor '/home/petomartin/ros2_ws/install/my_gazebo_package/share/my_gazebo_package/hook/cmake_prefix_path.dsv'
[6.437s] INFO:colcon.colcon_core.shell:Creating environment hook '/home/petomartin/ros2_ws/install/my_gazebo_package/share/my_gazebo_package/hook/cmake_prefix_path.sh'
[6.438s] Level 1:colcon.colcon_core.environment:checking '/home/petomartin/ros2_ws/install/my_gazebo_package/lib'
[6.438s] Level 1:colcon.colcon_core.environment:checking '/home/petomartin/ros2_ws/install/my_gazebo_package/bin'
[6.438s] Level 1:colcon.colcon_core.environment:checking '/home/petomartin/ros2_ws/install/my_gazebo_package/lib/pkgconfig/my_gazebo_package.pc'
[6.439s] Level 1:colcon.colcon_core.environment:checking '/home/petomartin/ros2_ws/install/my_gazebo_package/lib/python3.10/site-packages'
[6.439s] Level 1:colcon.colcon_core.environment:checking '/home/petomartin/ros2_ws/install/my_gazebo_package/bin'
[6.440s] INFO:colcon.colcon_core.shell:Creating package script '/home/petomartin/ros2_ws/install/my_gazebo_package/share/my_gazebo_package/package.ps1'
[6.441s] INFO:colcon.colcon_core.shell:Creating package descriptor '/home/petomartin/ros2_ws/install/my_gazebo_package/share/my_gazebo_package/package.dsv'
[6.442s] INFO:colcon.colcon_core.shell:Creating package script '/home/petomartin/ros2_ws/install/my_gazebo_package/share/my_gazebo_package/package.sh'
[6.442s] INFO:colcon.colcon_core.shell:Creating package script '/home/petomartin/ros2_ws/install/my_gazebo_package/share/my_gazebo_package/package.bash'
[6.443s] INFO:colcon.colcon_core.shell:Creating package script '/home/petomartin/ros2_ws/install/my_gazebo_package/share/my_gazebo_package/package.zsh'
[6.446s] Level 1:colcon.colcon_core.environment:create_file_with_runtime_dependencies(/home/petomartin/ros2_ws/install/my_gazebo_package/share/colcon-core/packages/my_gazebo_package)
[7.834s] DEBUG:colcon.colcon_core.event_handler.log_command:Invoking command in '/home/petomartin/ros2_ws/src/my_robot_controller': PYTHONPATH=/home/petomartin/ros2_ws/build/my_robot_controller/prefix_override:/usr/lib/python3/dist-packages/colcon_core/task/python/colcon_distutils_commands:/home/petomartin/ros2_ws/install/my_robot_controller/lib/python3.10/site-packages:${PYTHONPATH} /usr/bin/python3 -W ignore:setup.py install is deprecated setup.py egg_info --egg-base ../../build/my_robot_controller build --build-base /home/petomartin/ros2_ws/build/my_robot_controller/build install --record /home/petomartin/ros2_ws/build/my_robot_controller/install.log --single-version-externally-managed install_data
[8.060s] DEBUG:colcon.colcon_core.event_handler.log_command:Invoking command in '/home/petomartin/ros2_ws/src/gazesim': PYTHONPATH=/home/petomartin/ros2_ws/build/gazesim/prefix_override:/usr/lib/python3/dist-packages/colcon_core/task/python/colcon_distutils_commands:/home/petomartin/ros2_ws/install/gazesim/lib/python3.10/site-packages:${PYTHONPATH} /usr/bin/python3 -W ignore:setup.py install is deprecated setup.py egg_info --egg-base ../../build/gazesim build --build-base /home/petomartin/ros2_ws/build/gazesim/build install --record /home/petomartin/ros2_ws/build/gazesim/install.log --single-version-externally-managed install_data
[9.302s] Level 1:colcon.colcon_core.environment:checking '/home/petomartin/ros2_ws/install/my_robot_controller' for CMake module files
[9.303s] Level 1:colcon.colcon_core.environment:checking '/home/petomartin/ros2_ws/install/my_robot_controller' for CMake config files
[9.308s] DEBUG:colcon.colcon_core.event_handler.log_command:Invoked command in '/home/petomartin/ros2_ws/src/my_robot_controller' returned '0': PYTHONPATH=/home/petomartin/ros2_ws/build/my_robot_controller/prefix_override:/usr/lib/python3/dist-packages/colcon_core/task/python/colcon_distutils_commands:/home/petomartin/ros2_ws/install/my_robot_controller/lib/python3.10/site-packages:${PYTHONPATH} /usr/bin/python3 -W ignore:setup.py install is deprecated setup.py egg_info --egg-base ../../build/my_robot_controller build --build-base /home/petomartin/ros2_ws/build/my_robot_controller/build install --record /home/petomartin/ros2_ws/build/my_robot_controller/install.log --single-version-externally-managed install_data
[9.313s] Level 1:colcon.colcon_core.environment:checking '/home/petomartin/ros2_ws/install/my_robot_controller/lib'
[9.314s] Level 1:colcon.colcon_core.environment:checking '/home/petomartin/ros2_ws/install/my_robot_controller/bin'
[9.314s] Level 1:colcon.colcon_core.environment:checking '/home/petomartin/ros2_ws/install/my_robot_controller/lib/pkgconfig/my_robot_controller.pc'
[9.314s] Level 1:colcon.colcon_core.environment:checking '/home/petomartin/ros2_ws/install/my_robot_controller/lib/python3.10/site-packages'
[9.314s] Level 1:colcon.colcon_core.shell:create_environment_hook('my_robot_controller', 'pythonpath')
[9.315s] INFO:colcon.colcon_core.shell:Creating environment hook '/home/petomartin/ros2_ws/install/my_robot_controller/share/my_robot_controller/hook/pythonpath.ps1'
[9.316s] INFO:colcon.colcon_core.shell:Creating environment descriptor '/home/petomartin/ros2_ws/install/my_robot_controller/share/my_robot_controller/hook/pythonpath.dsv'
[9.317s] INFO:colcon.colcon_core.shell:Creating environment hook '/home/petomartin/ros2_ws/install/my_robot_controller/share/my_robot_controller/hook/pythonpath.sh'
[9.318s] Level 1:colcon.colcon_core.environment:checking '/home/petomartin/ros2_ws/install/my_robot_controller/bin'
[9.319s] Level 1:colcon.colcon_core.environment:create_environment_scripts_only(my_robot_controller)
[9.320s] INFO:colcon.colcon_core.shell:Creating package script '/home/petomartin/ros2_ws/install/my_robot_controller/share/my_robot_controller/package.ps1'
[9.321s] INFO:colcon.colcon_core.shell:Creating package descriptor '/home/petomartin/ros2_ws/install/my_robot_controller/share/my_robot_controller/package.dsv'
[9.323s] INFO:colcon.colcon_core.shell:Creating package script '/home/petomartin/ros2_ws/install/my_robot_controller/share/my_robot_controller/package.sh'
[9.327s] INFO:colcon.colcon_core.shell:Creating package script '/home/petomartin/ros2_ws/install/my_robot_controller/share/my_robot_controller/package.bash'
[9.330s] INFO:colcon.colcon_core.shell:Creating package script '/home/petomartin/ros2_ws/install/my_robot_controller/share/my_robot_controller/package.zsh'
[9.332s] Level 1:colcon.colcon_core.environment:create_file_with_runtime_dependencies(/home/petomartin/ros2_ws/install/my_robot_controller/share/colcon-core/packages/my_robot_controller)
[9.565s] Level 1:colcon.colcon_core.environment:checking '/home/petomartin/ros2_ws/install/gazesim' for CMake module files
[9.565s] Level 1:colcon.colcon_core.environment:checking '/home/petomartin/ros2_ws/install/gazesim' for CMake config files
[9.566s] Level 1:colcon.colcon_core.environment:checking '/home/petomartin/ros2_ws/install/gazesim/lib'
[9.567s] Level 1:colcon.colcon_core.environment:checking '/home/petomartin/ros2_ws/install/gazesim/bin'
[9.567s] Level 1:colcon.colcon_core.environment:checking '/home/petomartin/ros2_ws/install/gazesim/lib/pkgconfig/gazesim.pc'
[9.567s] Level 1:colcon.colcon_core.environment:checking '/home/petomartin/ros2_ws/install/gazesim/lib/python3.10/site-packages'
[9.567s] Level 1:colcon.colcon_core.shell:create_environment_hook('gazesim', 'pythonpath')
[9.568s] INFO:colcon.colcon_core.shell:Creating environment hook '/home/petomartin/ros2_ws/install/gazesim/share/gazesim/hook/pythonpath.ps1'
[9.569s] INFO:colcon.colcon_core.shell:Creating environment descriptor '/home/petomartin/ros2_ws/install/gazesim/share/gazesim/hook/pythonpath.dsv'
[9.570s] INFO:colcon.colcon_core.shell:Creating environment hook '/home/petomartin/ros2_ws/install/gazesim/share/gazesim/hook/pythonpath.sh'
[9.571s] Level 1:colcon.colcon_core.environment:checking '/home/petomartin/ros2_ws/install/gazesim/bin'
[9.571s] Level 1:colcon.colcon_core.environment:create_environment_scripts_only(gazesim)
[9.572s] INFO:colcon.colcon_core.shell:Creating package script '/home/petomartin/ros2_ws/install/gazesim/share/gazesim/package.ps1'
[9.574s] INFO:colcon.colcon_core.shell:Creating package descriptor '/home/petomartin/ros2_ws/install/gazesim/share/gazesim/package.dsv'
[9.574s] INFO:colcon.colcon_core.shell:Creating package script '/home/petomartin/ros2_ws/install/gazesim/share/gazesim/package.sh'
[9.575s] INFO:colcon.colcon_core.shell:Creating package script '/home/petomartin/ros2_ws/install/gazesim/share/gazesim/package.bash'
[9.576s] INFO:colcon.colcon_core.shell:Creating package script '/home/petomartin/ros2_ws/install/gazesim/share/gazesim/package.zsh'
[9.577s] Level 1:colcon.colcon_core.environment:create_file_with_runtime_dependencies(/home/petomartin/ros2_ws/install/gazesim/share/colcon-core/packages/gazesim)
[9.577s] DEBUG:colcon.colcon_parallel_executor.executor.parallel:closing loop
[9.579s] DEBUG:colcon.colcon_core.event_handler.log_command:Invoked command in '/home/petomartin/ros2_ws/src/gazesim' returned '0': PYTHONPATH=/home/petomartin/ros2_ws/build/gazesim/prefix_override:/usr/lib/python3/dist-packages/colcon_core/task/python/colcon_distutils_commands:/home/petomartin/ros2_ws/install/gazesim/lib/python3.10/site-packages:${PYTHONPATH} /usr/bin/python3 -W ignore:setup.py install is deprecated setup.py egg_info --egg-base ../../build/gazesim build --build-base /home/petomartin/ros2_ws/build/gazesim/build install --record /home/petomartin/ros2_ws/build/gazesim/install.log --single-version-externally-managed install_data
[9.580s] DEBUG:colcon.colcon_parallel_executor.executor.parallel:loop closed
[9.580s] DEBUG:colcon.colcon_parallel_executor.executor.parallel:run_until_complete finished with '0'
[9.580s] DEBUG:colcon.colcon_core.event_reactor:joining thread
[9.730s] INFO:colcon.colcon_core.plugin_system:Skipping extension 'colcon_notification.desktop_notification.notify_send': Could not find 'notify-send'
[9.731s] INFO:colcon.colcon_core.plugin_system:Skipping extension 'colcon_notification.desktop_notification.terminal_notifier': Not used on non-Darwin systems
[9.731s] INFO:colcon.colcon_core.plugin_system:Skipping extension 'colcon_notification.desktop_notification.win32': Not used on non-Windows systems
[9.731s] INFO:colcon.colcon_notification.desktop_notification:Sending desktop notification using 'notify2'
[9.733s] DEBUG:colcon.colcon_notification.desktop_notification.notify2:Failed to initialize notify2: org.freedesktop.DBus.Error.ServiceUnknown: The name org.freedesktop.Notifications was not provided by any .service files
[9.734s] DEBUG:colcon.colcon_core.event_reactor:joined thread
[9.734s] INFO:colcon.colcon_core.shell:Creating prefix script '/home/petomartin/ros2_ws/install/local_setup.ps1'
[9.736s] INFO:colcon.colcon_core.shell:Creating prefix util module '/home/petomartin/ros2_ws/install/_local_setup_util_ps1.py'
[9.743s] INFO:colcon.colcon_core.shell:Creating prefix chain script '/home/petomartin/ros2_ws/install/setup.ps1'
[9.747s] INFO:colcon.colcon_core.shell:Creating prefix script '/home/petomartin/ros2_ws/install/local_setup.sh'
[9.749s] INFO:colcon.colcon_core.shell:Creating prefix util module '/home/petomartin/ros2_ws/install/_local_setup_util_sh.py'
[9.750s] INFO:colcon.colcon_core.shell:Creating prefix chain script '/home/petomartin/ros2_ws/install/setup.sh'
[9.756s] INFO:colcon.colcon_core.shell:Creating prefix script '/home/petomartin/ros2_ws/install/local_setup.bash'
[9.757s] INFO:colcon.colcon_core.shell:Creating prefix chain script '/home/petomartin/ros2_ws/install/setup.bash'
[9.760s] INFO:colcon.colcon_core.shell:Creating prefix script '/home/petomartin/ros2_ws/install/local_setup.zsh'
[9.760s] INFO:colcon.colcon_core.shell:Creating prefix chain script '/home/petomartin/ros2_ws/install/setup.zsh'
