[3.314s] Invoking command in '/home/petomartin/ros2_ws/src/gazesim': PYTHONPATH=/home/petomartin/ros2_ws/build/gazesim/prefix_override:/usr/lib/python3/dist-packages/colcon_core/task/python/colcon_distutils_commands:/home/petomartin/ros2_ws/install/gazesim/lib/python3.10/site-packages:${PYTHONPATH} /usr/bin/python3 -W ignore:setup.py install is deprecated setup.py egg_info --egg-base ../../build/gazesim build --build-base /home/petomartin/ros2_ws/build/gazesim/build install --record /home/petomartin/ros2_ws/build/gazesim/install.log --single-version-externally-managed install_data
[4.655s] running egg_info
[4.659s] writing ../../build/gazesim/gazesim.egg-info/PKG-INFO
[4.660s] writing dependency_links to ../../build/gazesim/gazesim.egg-info/dependency_links.txt
[4.663s] writing entry points to ../../build/gazesim/gazesim.egg-info/entry_points.txt
[4.664s] writing requirements to ../../build/gazesim/gazesim.egg-info/requires.txt
[4.664s] writing top-level names to ../../build/gazesim/gazesim.egg-info/top_level.txt
[4.674s] reading manifest file '../../build/gazesim/gazesim.egg-info/SOURCES.txt'
[4.675s] writing manifest file '../../build/gazesim/gazesim.egg-info/SOURCES.txt'
[4.675s] running build
[4.676s] running build_py
[4.683s] creating /home/petomartin/ros2_ws/build/gazesim/build/lib/scripts
[4.683s] copying scripts/__init__.py -> /home/petomartin/ros2_ws/build/gazesim/build/lib/scripts
[4.684s] copying scripts/plan_subscriber.py -> /home/petomartin/ros2_ws/build/gazesim/build/lib/scripts
[4.684s] running install
[4.685s] running install_lib
[4.685s] creating /home/petomartin/ros2_ws/install/gazesim/lib/python3.10/site-packages/scripts
[4.686s] copying /home/petomartin/ros2_ws/build/gazesim/build/lib/scripts/__init__.py -> /home/petomartin/ros2_ws/install/gazesim/lib/python3.10/site-packages/scripts
[4.687s] copying /home/petomartin/ros2_ws/build/gazesim/build/lib/scripts/plan_subscriber.py -> /home/petomartin/ros2_ws/install/gazesim/lib/python3.10/site-packages/scripts
[4.689s] byte-compiling /home/petomartin/ros2_ws/install/gazesim/lib/python3.10/site-packages/scripts/__init__.py to __init__.cpython-310.pyc
[4.690s] byte-compiling /home/petomartin/ros2_ws/install/gazesim/lib/python3.10/site-packages/scripts/plan_subscriber.py to plan_subscriber.cpython-310.pyc
[4.691s] running install_data
[4.692s] running install_egg_info
[4.696s] removing '/home/petomartin/ros2_ws/install/gazesim/lib/python3.10/site-packages/gazesim-0.0.0-py3.10.egg-info' (and everything under it)
[4.697s] Copying ../../build/gazesim/gazesim.egg-info to /home/petomartin/ros2_ws/install/gazesim/lib/python3.10/site-packages/gazesim-0.0.0-py3.10.egg-info
[4.703s] running install_scripts
[4.786s] Installing plan_subscriber script to /home/petomartin/ros2_ws/install/gazesim/lib/gazesim
[4.788s] Installing sensor_handler_node script to /home/petomartin/ros2_ws/install/gazesim/lib/gazesim
[4.789s] Installing status_logger_node script to /home/petomartin/ros2_ws/install/gazesim/lib/gazesim
[4.790s] Installing teleop_node script to /home/petomartin/ros2_ws/install/gazesim/lib/gazesim
[4.792s] writing list of installed files to '/home/petomartin/ros2_ws/build/gazesim/install.log'
[4.864s] Invoked command in '/home/petomartin/ros2_ws/src/gazesim' returned '0': PYTHONPATH=/home/petomartin/ros2_ws/build/gazesim/prefix_override:/usr/lib/python3/dist-packages/colcon_core/task/python/colcon_distutils_commands:/home/petomartin/ros2_ws/install/gazesim/lib/python3.10/site-packages:${PYTHONPATH} /usr/bin/python3 -W ignore:setup.py install is deprecated setup.py egg_info --egg-base ../../build/gazesim build --build-base /home/petomartin/ros2_ws/build/gazesim/build install --record /home/petomartin/ros2_ws/build/gazesim/install.log --single-version-externally-managed install_data
