[2.961s] Invoking command in '/home/petomartin/ros2_ws/src/gazesim': PYTHONPATH=/home/petomartin/ros2_ws/build/gazesim/prefix_override:/usr/lib/python3/dist-packages/colcon_core/task/python/colcon_distutils_commands:/home/petomartin/ros2_ws/install/gazesim/lib/python3.10/site-packages:${PYTHONPATH} /usr/bin/python3 -W ignore:setup.py install is deprecated setup.py egg_info --egg-base ../../build/gazesim build --build-base /home/petomartin/ros2_ws/build/gazesim/build install --record /home/petomartin/ros2_ws/build/gazesim/install.log --single-version-externally-managed install_data
[3.525s] running egg_info
[3.526s] writing ../../build/gazesim/gazesim.egg-info/PKG-INFO
[3.527s] writing dependency_links to ../../build/gazesim/gazesim.egg-info/dependency_links.txt
[3.528s] writing entry points to ../../build/gazesim/gazesim.egg-info/entry_points.txt
[3.528s] writing requirements to ../../build/gazesim/gazesim.egg-info/requires.txt
[3.529s] writing top-level names to ../../build/gazesim/gazesim.egg-info/top_level.txt
[3.533s] reading manifest file '../../build/gazesim/gazesim.egg-info/SOURCES.txt'
[3.535s] writing manifest file '../../build/gazesim/gazesim.egg-info/SOURCES.txt'
[3.536s] running build
[3.537s] running build_py
[3.539s] running install
[3.541s] running install_lib
[3.545s] running install_data
[3.546s] copying launch/vehicle_launch.py -> /home/petomartin/ros2_ws/install/gazesim/share/gazesim/launch
[3.546s] running install_egg_info
[3.552s] removing '/home/petomartin/ros2_ws/install/gazesim/lib/python3.10/site-packages/gazesim-0.0.0-py3.10.egg-info' (and everything under it)
[3.553s] Copying ../../build/gazesim/gazesim.egg-info to /home/petomartin/ros2_ws/install/gazesim/lib/python3.10/site-packages/gazesim-0.0.0-py3.10.egg-info
[3.556s] running install_scripts
[3.609s] Installing sensor_handler_node script to /home/petomartin/ros2_ws/install/gazesim/lib/gazesim
[3.609s] Installing status_logger_node script to /home/petomartin/ros2_ws/install/gazesim/lib/gazesim
[3.613s] Installing teleop_node script to /home/petomartin/ros2_ws/install/gazesim/lib/gazesim
[3.615s] writing list of installed files to '/home/petomartin/ros2_ws/build/gazesim/install.log'
[3.688s] Invoked command in '/home/petomartin/ros2_ws/src/gazesim' returned '0': PYTHONPATH=/home/petomartin/ros2_ws/build/gazesim/prefix_override:/usr/lib/python3/dist-packages/colcon_core/task/python/colcon_distutils_commands:/home/petomartin/ros2_ws/install/gazesim/lib/python3.10/site-packages:${PYTHONPATH} /usr/bin/python3 -W ignore:setup.py install is deprecated setup.py egg_info --egg-base ../../build/gazesim build --build-base /home/petomartin/ros2_ws/build/gazesim/build install --record /home/petomartin/ros2_ws/build/gazesim/install.log --single-version-externally-managed install_data
